##############################################################################
#                                                                            #
# IAR ARM ANSI C/C++ Compiler V4.42A/W32 EVALUATION    10/Jun/2013  22:50:39 #
# Copyright 1999-2005 IAR Systems. All rights reserved.                      #
#                                                                            #
#    Cpu mode        =  interwork                                            #
#    Endian          =  little                                               #
#    Stack alignment =  4                                                    #
#    Source file     =  Z:\home\perk11\www\perk11.info\svn\SE\StatusClock\co #
#                       nfig_data.c                                          #
#    Command line    =  Z:\home\perk11\www\perk11.info\svn\SE\StatusClock\co #
#                       nfig_data.c -lC Z:\home\perk11\www\perk11.info\svn\S #
#                       E\StatusClock\Release\List\ -lA                      #
#                       Z:\home\perk11\www\perk11.info\svn\SE\StatusClock\Re #
#                       lease\List\ -o Z:\home\perk11\www\perk11.info\svn\SE #
#                       \StatusClock\Release\Obj\ -s9 --cpu_mode arm         #
#                       --endian little --cpu ARM926EJ-S --stack_align 4     #
#                       --interwork -e --fpu None --eec++ --dlib_config      #
#                       Z:\home\perk11\IAR2\arm\LIB\dl5tpainl8n.h --segment  #
#                       data=CONFIG -I Z:\home\perk11\IAR2\arm\INC\          #
#                       --inline_threshold=2                                 #
#    List file       =  Z:\home\perk11\www\perk11.info\svn\SE\StatusClock\Re #
#                       lease\List\config_data.lst                           #
#    Object file     =  Z:\home\perk11\www\perk11.info\svn\SE\StatusClock\Re #
#                       lease\Obj\config_data.r79                            #
#                                                                            #
#                                                                            #
##############################################################################

Z:\home\perk11\www\perk11.info\svn\SE\StatusClock\config_data.c
      1          #include "..\\include\cfg_items.h"
      2          #include "config_data.h"
      3          #include "..\\include\Colors.h"
      4          #pragma diag_suppress=Pe177
      5          

   \                                 In segment CONFIG_C, align 4, align-sorted, root
   \   00000000   07000000           DC32 7
   \   00000004   506F73697469       DC8 "Position"
   \              6F6E00      
   \   0000000D   000000000000       DC8 0, 0, 0, 0, 0, 0, 0, 0, 0, 0, 0, 0, 0, 0, 0, 0, 0, 0, 0, 0, 0, 0, 0
   \              000000000000
   \              000000000000
   \              0000000000  
   \   00000024   000000000000       DC32 0, 0
   \              0000        
      6          __root const CFG_HDR cfghdr1={CFG_COORDINATES,"Position",0,0};

   \                                 In segment CONFIG_C, align 4, align-sorted, root
      7          __root const int cfg_x=240;
   \                     cfg_x:
   \   00000000   F0000000           DC32 240

   \                                 In segment CONFIG_C, align 4, align-sorted, root
      8          __root const int cfg_y=0;
   \                     cfg_y:
   \   00000000   00000000           DC32 0
      9          

   \                                 In segment CONFIG_C, align 4, align-sorted, root
   \   00000000   10000000           DC32 16
   \   00000004   466F6E7400         DC8 "Font"
   \   00000009   000000000000       DC8 0, 0, 0, 0, 0, 0, 0, 0, 0, 0, 0, 0, 0, 0, 0, 0
   \              000000000000
   \              00000000    
   \   00000019   000000000000       DC8 0, 0, 0, 0, 0, 0, 0, 0, 0, 0, 0
   \              0000000000  
   \   00000024   000000000000       DC32 0, 0
   \              0000        
     10          __root const CFG_HDR cfghdr2={CFG_FONT,"Font",0,0};

   \                                 In segment CONFIG_C, align 4, align-sorted, root
     11          __root const int cfg_font=0x18;
   \                     cfg_font:
   \   00000000   18000000           DC32 24
     12          

   \                                 In segment CONFIG_C, align 4, align-sorted, root
   \   00000000   05000000           DC32 5
   \   00000004   43656E746572       DC8 "Centering"
   \              696E6700    
   \   0000000E   000000000000       DC8 0, 0, 0, 0, 0, 0, 0, 0, 0, 0, 0, 0, 0, 0, 0, 0, 0, 0, 0, 0, 0, 0
   \              000000000000
   \              000000000000
   \              00000000    
   \   00000024   000000000300       DC32 0, 3
   \              0000        
     13          __root const CFG_HDR cfghdr3={CFG_CBOX,"Centering",0,3};

   \                                 In segment CONFIG_C, align 4, align-sorted, root
     14          __root const int cfg_ct=1;
   \                     cfg_ct:
   \   00000000   01000000           DC32 1

   \                                 In segment CONFIG_C, align 4, align-sorted, root
   \   00000000   4C65667400         DC8 "Left"
   \   00000005   000000000000       DC8 0, 0, 0, 0, 0, 0, 0, 0, 0, 0, 0, 0, 0, 0, 0, 0
   \              000000000000
   \              00000000    
   \   00000015   000000000000       DC8 0, 0, 0, 0, 0, 0, 0, 0, 0, 0, 0
   \              0000000000  
   \   00000020   526967687400       DC8 "Right"
   \   00000026   000000000000       DC8 0, 0, 0, 0, 0, 0, 0, 0, 0, 0, 0, 0, 0, 0, 0, 0
   \              000000000000
   \              00000000    
   \   00000036   000000000000       DC8 0, 0, 0, 0, 0, 0, 0, 0, 0, 0
   \              00000000    
   \   00000040   43656E746572       DC8 "Center"
   \              00          
   \   00000047   000000000000       DC8 0, 0, 0, 0, 0, 0, 0, 0, 0, 0, 0, 0, 0, 0, 0, 0
   \              000000000000
   \              00000000    
   \   00000057   000000000000       DC8 0, 0, 0, 0, 0, 0, 0, 0, 0
   \              000000      
     15          __root const CFG_CBOX_ITEM cfgcbox5[3]={"Left","Right","Center"};
     16          

   \                                 In segment CONFIG_C, align 4, align-sorted, root
   \   00000000   0F000000           DC32 15
   \   00000004   436F6C6F7200       DC8 "Color"
   \   0000000A   000000000000       DC8 0, 0, 0, 0, 0, 0, 0, 0, 0, 0, 0, 0, 0, 0, 0, 0
   \              000000000000
   \              00000000    
   \   0000001A   000000000000       DC8 0, 0, 0, 0, 0, 0, 0, 0, 0, 0
   \              00000000    
   \   00000024   000000000000       DC32 0, 0
   \              0000        
     17          __root const CFG_HDR cfghdr4={CFG_COLOR_INT,"Color",0,0};

   \                                 In segment CONFIG_C, align 4, align-sorted, root
     18          __root const unsigned int cfg_color=clWhite;
   \                     cfg_color:
   \   00000000   FFFFFFFF           DC32 4294967295
     19          

   \                                 In segment CONFIG_C, align 4, align-sorted, root
   \   00000000   0F000000           DC32 15
   \   00000004   536861646F77       DC8 "Shadow Color"
   \              20436F6C6F72
   \              00          
   \   00000011   000000000000       DC8 0, 0, 0, 0, 0, 0, 0, 0, 0, 0, 0, 0, 0, 0, 0, 0, 0, 0, 0
   \              000000000000
   \              000000000000
   \              00          
   \   00000024   000000000000       DC32 0, 0
   \              0000        
     20          __root const CFG_HDR cfghdr5={CFG_COLOR_INT,"Shadow Color",0,0};

   \                                 In segment CONFIG_C, align 4, align-sorted, root
     21          __root const unsigned int cfg_shadow=clBlack;
   \                     cfg_shadow:
   \   00000000   000000FF           DC32 4278190080
     22          

   \                                 In segment CONFIG_C, align 4, align-sorted, root
   \   00000000   0F000000           DC32 15
   \   00000004   426F72646572       DC8 "Border Color"
   \              20436F6C6F72
   \              00          
   \   00000011   000000000000       DC8 0, 0, 0, 0, 0, 0, 0, 0, 0, 0, 0, 0, 0, 0, 0, 0, 0, 0, 0
   \              000000000000
   \              000000000000
   \              00          
   \   00000024   000000000000       DC32 0, 0
   \              0000        
     23          __root const CFG_HDR cfghdr6={CFG_COLOR_INT,"Border Color",0,0};

   \                                 In segment CONFIG_C, align 4, align-sorted, root
     24          __root const unsigned int cfg_border=0;
   \                     cfg_border:
   \   00000000   00000000           DC32 0
     25          

   \                                 In segment CONFIG_C, align 4, align-sorted, root
   \   00000000   03000000           DC32 3
   \   00000004   536861646F77       DC8 "Shadow offset"
   \              206F66667365
   \              7400        
   \   00000012   000000000000       DC8 0, 0, 0, 0, 0, 0, 0, 0, 0, 0, 0, 0, 0, 0, 0, 0, 0, 0
   \              000000000000
   \              000000000000
   \   00000024   000000000A00       DC32 0, 10
   \              0000        
     26          __root const CFG_HDR cfghdr7={CFG_INT,"Shadow offset",0,10};

   \                                 In segment CONFIG_C, align 4, align-sorted, root
     27          __root const int cfg_shad=1;
   \                     cfg_shad:
   \   00000000   01000000           DC32 1
     28          

   \                                 In segment CONFIG_C, align 4, align-sorted, root
   \   00000000   03000000           DC32 3
   \   00000004   426F72646572       DC8 "Border size"
   \              2073697A6500
   \   00000010   000000000000       DC8 0, 0, 0, 0, 0, 0, 0, 0, 0, 0, 0, 0, 0, 0, 0, 0, 0, 0, 0, 0
   \              000000000000
   \              000000000000
   \              0000        
   \   00000024   000000000A00       DC32 0, 10
   \              0000        
     29          __root const CFG_HDR cfghdr8={CFG_INT,"Border size",0,10};

   \                                 In segment CONFIG_C, align 4, align-sorted, root
     30          __root const int cfg_bordsize=1;
   \                     cfg_bordsize:
   \   00000000   01000000           DC32 1
     31          

   \                                 In segment CONFIG_C, align 4, align-sorted, root
   \   00000000   0F000000           DC32 15
   \   00000004   424720636F6C       DC8 "BG color"
   \              6F7200      
   \   0000000D   000000000000       DC8 0, 0, 0, 0, 0, 0, 0, 0, 0, 0, 0, 0, 0, 0, 0, 0, 0, 0, 0, 0, 0, 0, 0
   \              000000000000
   \              000000000000
   \              0000000000  
   \   00000024   000000000000       DC32 0, 0
   \              0000        
     32          __root const CFG_HDR cfghdr9={CFG_COLOR_INT,"BG color",0,0};

   \                                 In segment CONFIG_C, align 4, align-sorted, root
     33          __root const unsigned int cfg_bg=0x9C000000;
   \                     cfg_bg:
   \   00000000   0000009C           DC32 2617245696
     34          

   \                                 In segment CONFIG_C, align 4, align-sorted, root
   \   00000000   0E000000           DC32 14
   \   00000004   424720726563       DC8 "BG rect"
   \              7400        
   \   0000000C   000000000000       DC8 0, 0, 0, 0, 0, 0, 0, 0, 0, 0, 0, 0, 0, 0, 0, 0
   \              000000000000
   \              00000000    
   \   0000001C   000000000000       DC8 0, 0, 0, 0, 0, 0, 0, 0
   \              0000        
   \   00000024   000000000000       DC32 0, 0
   \              0000        
     35          __root const CFG_HDR cfghdr10={CFG_RECT,"BG rect",0,0};

   \                                 In segment CONFIG_C, align 4, align-sorted, root
     36          __root const RECT cfg_rect={200,240,1,22};
   \                     cfg_rect:
   \   00000000   C800F0000100       DC16 200, 240, 1, 22
   \              1600        


   Segment part sizes:

     Function/Label Bytes
     -------------- -----
     cfghdr1          44
     cfg_x             4
     cfg_y             4
     cfghdr2          44
     cfg_font          4
     cfghdr3          44
     cfg_ct            4
     cfgcbox5         96
     cfghdr4          44
     cfg_color         4
     cfghdr5          44
     cfg_shadow        4
     cfghdr6          44
     cfg_border        4
     cfghdr7          44
     cfg_shad          4
     cfghdr8          44
     cfg_bordsize      4
     cfghdr9          44
     cfg_bg            4
     cfghdr10         44
     cfg_rect          8

 
 584 bytes in segment CONFIG_C
 
 584 bytes of CONST memory

Errors: none
Warnings: none
