##############################################################################
#                                                                            #
# IAR ARM ANSI C/C++ Compiler V4.42A/W32 EVALUATION    10/Jun/2013  22:45:08 #
# Copyright 1999-2005 IAR Systems. All rights reserved.                      #
#                                                                            #
#    Cpu mode        =  interwork                                            #
#    Endian          =  little                                               #
#    Stack alignment =  4                                                    #
#    Source file     =  Z:\home\perk11\www\perk11.info\svn\SE\7zlib\7zMethod #
#                       ID.c                                                 #
#    Command line    =  Z:\home\perk11\www\perk11.info\svn\SE\7zlib\7zMethod #
#                       ID.c -D NDEBUG -D OLDFUNCTIONS -lcN                  #
#                       Z:\home\perk11\www\perk11.info\svn\SE\7zlib\Release\ #
#                       List\ -la Z:\home\perk11\www\perk11.info\svn\SE\7zli #
#                       b\Release\List\ -o Z:\home\perk11\www\perk11.info\sv #
#                       n\SE\7zlib\Release\Obj\ -s9 --no_unroll              #
#                       --no_code_motion --cpu_mode thumb --endian little    #
#                       --cpu ARM926EJ-S --stack_align 4 --interwork -e      #
#                       --fpu None --library_module -I                       #
#                       Z:\home\perk11\IAR2\arm\INC\ --inline_threshold=2    #
#    List file       =  Z:\home\perk11\www\perk11.info\svn\SE\7zlib\Release\ #
#                       List\7zMethodID.lst                                  #
#    Object file     =  Z:\home\perk11\www\perk11.info\svn\SE\7zlib\Release\ #
#                       Obj\7zMethodID.r79                                   #
#                                                                            #
#                                                                            #
##############################################################################

Z:\home\perk11\www\perk11.info\svn\SE\7zlib\7zMethodID.c
      1          /* 7zMethodID.c */
      2          
      3          #include "7zMethodID.h"
      4          
      5          int AreMethodsEqual(CMethodID *a1, CMethodID *a2)
      6          {
      7            int i;
      8            if (a1->IDSize != a2->IDSize)
      9              return 0;
     10            for (i = 0; i < a1->IDSize; i++)
     11              if (a1->ID[i] != a2->ID[i])
     12                return 0;
     13            return 1;
     14          }

   Maximum stack usage in bytes:

     Function        CSTACK
     --------        ------
     AreMethodsEqual     8


   Segment part sizes:

     Function/Label  Bytes
     --------------  -----
     AreMethodsEqual   42
      Others            8

 
 50 bytes in segment CODE
 
 42 bytes of CODE memory (+ 8 bytes shared)

Errors: none
Warnings: none
