##############################################################################
#                                                                            #
# IAR ARM ANSI C/C++ Compiler V4.42A/W32 EVALUATION    10/Jun/2013  22:54:24 #
# Copyright 1999-2005 IAR Systems. All rights reserved.                      #
#                                                                            #
#    Cpu mode        =  interwork                                            #
#    Endian          =  little                                               #
#    Stack alignment =  4                                                    #
#    Source file     =  Z:\home\perk11\www\perk11.info\svn\SE\EvtDesk\config #
#                       _data.c                                              #
#    Command line    =  Z:\home\perk11\www\perk11.info\svn\SE\EvtDesk\config #
#                       _data.c -D NDEBUG -lC Z:\home\perk11\www\perk11.info #
#                       \svn\SE\EvtDesk\Release\List\ -lA                    #
#                       Z:\home\perk11\www\perk11.info\svn\SE\EvtDesk\Releas #
#                       e\List\ -o Z:\home\perk11\www\perk11.info\svn\SE\Evt #
#                       Desk\Release\Obj\ -s9 --cpu_mode arm --endian        #
#                       little --cpu ARM926EJ-S --stack_align 4 --interwork  #
#                       -e --fpu None --eec++ --dlib_config                  #
#                       Z:\home\perk11\IAR2\arm\LIB\dl5tpainl8n.h --segment  #
#                       data=CONFIG -I Z:\home\perk11\IAR2\arm\INC\          #
#                       --inline_threshold=2                                 #
#    List file       =  Z:\home\perk11\www\perk11.info\svn\SE\EvtDesk\Releas #
#                       e\List\config_data.lst                               #
#    Object file     =  Z:\home\perk11\www\perk11.info\svn\SE\EvtDesk\Releas #
#                       e\Obj\config_data.r79                                #
#                                                                            #
#                                                                            #
##############################################################################

Z:\home\perk11\www\perk11.info\svn\SE\EvtDesk\config_data.c
      1          #include "..\\include\cfg_items.h"
      2          #include "config_data.h"
      3          #include "..\\include\Colors.h"
      4          #pragma diag_suppress=Pe177
      5          
      6          

   \                                 In segment CONFIG_C, align 4, align-sorted, root
   \   00000000   0E000000           DC32 14
   \   00000004   4576656E7473       DC8 "Events rect"
   \              207265637400
   \   00000010   000000000000       DC8 0, 0, 0, 0, 0, 0, 0, 0, 0, 0, 0, 0, 0, 0, 0, 0, 0, 0, 0, 0
   \              000000000000
   \              000000000000
   \              0000        
   \   00000024   000000000000       DC32 0, 0
   \              0000        
      7          __root const CFG_HDR cfghdr0={CFG_RECT,"Events rect",0,0};

   \                                 In segment CONFIG_C, align 4, align-sorted, root
      8          __root const RECT rc={0,240,30,50};
   \                     rc:
   \   00000000   0000F0001E00       DC16 0, 240, 30, 50
   \              3200        
      9          

   \                                 In segment CONFIG_C, align 4, align-sorted, root
   \   00000000   0F000000           DC32 15
   \   00000004   557070657220       DC8 "Upper color"
   \              636F6C6F7200
   \   00000010   000000000000       DC8 0, 0, 0, 0, 0, 0, 0, 0, 0, 0, 0, 0, 0, 0, 0, 0, 0, 0, 0, 0
   \              000000000000
   \              000000000000
   \              0000        
   \   00000024   000000000000       DC32 0, 0
   \              0000        
     10          __root const CFG_HDR cfghdr1={CFG_COLOR_INT,"Upper color",0,0};

   \                                 In segment CONFIG_C, align 4, align-sorted, root
     11          __root const unsigned int upp_color=0xFF000055;
   \                     upp_color:
   \   00000000   550000FF           DC32 4278190165
     12          

   \                                 In segment CONFIG_C, align 4, align-sorted, root
   \   00000000   0F000000           DC32 15
   \   00000004   4C6F77657220       DC8 "Lower color"
   \              636F6C6F7200
   \   00000010   000000000000       DC8 0, 0, 0, 0, 0, 0, 0, 0, 0, 0, 0, 0, 0, 0, 0, 0, 0, 0, 0, 0
   \              000000000000
   \              000000000000
   \              0000        
   \   00000024   000000000000       DC32 0, 0
   \              0000        
     13          __root const CFG_HDR cfghdr2={CFG_COLOR_INT,"Lower color",0,0};

   \                                 In segment CONFIG_C, align 4, align-sorted, root
     14          __root const unsigned int low_color=0x22000000;
   \                     low_color:
   \   00000000   00000022           DC32 570425344
     15          

   \                                 In segment CONFIG_C, align 4, align-sorted, root
   \   00000000   10000000           DC32 16
   \   00000004   4576656E7473       DC8 "Events font"
   \              20666F6E7400
   \   00000010   000000000000       DC8 0, 0, 0, 0, 0, 0, 0, 0, 0, 0, 0, 0, 0, 0, 0, 0, 0, 0, 0, 0
   \              000000000000
   \              000000000000
   \              0000        
   \   00000024   000000000000       DC32 0, 0
   \              0000        
     16          __root const CFG_HDR cfghdr8={CFG_FONT,"Events font",0,0};

   \                                 In segment CONFIG_C, align 4, align-sorted, root
     17          __root const int ev_font=0x18;
   \                     ev_font:
   \   00000000   18000000           DC32 24
     18          

   \                                 In segment CONFIG_C, align 4, align-sorted, root
   \   00000000   0F000000           DC32 15
   \   00000004   4576656E7473       DC8 "Events text color"
   \              207465787420
   \              636F6C6F7200
   \   00000016   000000000000       DC8 0, 0, 0, 0, 0, 0, 0, 0, 0, 0, 0, 0, 0, 0
   \              000000000000
   \              0000        
   \   00000024   000000000000       DC32 0, 0
   \              0000        
     19          __root const CFG_HDR cfghdr9={CFG_COLOR_INT,"Events text color",0,0};

   \                                 In segment CONFIG_C, align 4, align-sorted, root
     20          __root const unsigned int ev_color=0xBBFFFFFF;
   \                     ev_color:
   \   00000000   FFFFFFBB           DC32 3154116607
     21          

   \                                 In segment CONFIG_C, align 4, align-sorted, root
   \   00000000   0E000000           DC32 14
   \   00000004   44656661756C       DC8 "Default rect"
   \              742072656374
   \              00          
   \   00000011   000000000000       DC8 0, 0, 0, 0, 0, 0, 0, 0, 0, 0, 0, 0, 0, 0, 0, 0, 0, 0, 0
   \              000000000000
   \              000000000000
   \              00          
   \   00000024   000000000000       DC32 0, 0
   \              0000        
     22          __root const CFG_HDR cfghdr3={CFG_RECT,"Default rect",0,0};

   \                                 In segment CONFIG_C, align 4, align-sorted, root
     23          __root const RECT rc2={0,240,0,20};
   \                     rc2:
   \   00000000   0000F0000000       DC16 0, 240, 0, 20
   \              1400        
     24          

   \                                 In segment CONFIG_C, align 4, align-sorted, root
   \   00000000   10000000           DC32 16
   \   00000004   546578742066       DC8 "Text font"
   \              6F6E7400    
   \   0000000E   000000000000       DC8 0, 0, 0, 0, 0, 0, 0, 0, 0, 0, 0, 0, 0, 0, 0, 0, 0, 0, 0, 0, 0, 0
   \              000000000000
   \              000000000000
   \              00000000    
   \   00000024   000000000000       DC32 0, 0
   \              0000        
     25          __root const CFG_HDR cfghdr4={CFG_FONT,"Text font",0,0};

   \                                 In segment CONFIG_C, align 4, align-sorted, root
     26          __root const int text_font=0x17;
   \                     text_font:
   \   00000000   17000000           DC32 23
     27          

   \                                 In segment CONFIG_C, align 4, align-sorted, root
   \   00000000   0F000000           DC32 15
   \   00000004   546578742063       DC8 "Text color"
   \              6F6C6F7200  
   \   0000000F   000000000000       DC8 0, 0, 0, 0, 0, 0, 0, 0, 0, 0, 0, 0, 0, 0, 0, 0, 0, 0, 0, 0, 0
   \              000000000000
   \              000000000000
   \              000000      
   \   00000024   000000000000       DC32 0, 0
   \              0000        
     28          __root const CFG_HDR cfghdr5={CFG_COLOR_INT,"Text color",0,0};

   \                                 In segment CONFIG_C, align 4, align-sorted, root
     29          __root const unsigned int text_color=clWhite;
   \                     text_color:
   \   00000000   FFFFFFFF           DC32 4294967295
     30          

   \                                 In segment CONFIG_C, align 4, align-sorted, root
   \   00000000   10000000           DC32 16
   \   00000004   54696D652066       DC8 "Time font"
   \              6F6E7400    
   \   0000000E   000000000000       DC8 0, 0, 0, 0, 0, 0, 0, 0, 0, 0, 0, 0, 0, 0, 0, 0, 0, 0, 0, 0, 0, 0
   \              000000000000
   \              000000000000
   \              00000000    
   \   00000024   000000000000       DC32 0, 0
   \              0000        
     31          __root const CFG_HDR cfghdr6={CFG_FONT,"Time font",0,0};

   \                                 In segment CONFIG_C, align 4, align-sorted, root
     32          __root const int time_font=0x18;
   \                     time_font:
   \   00000000   18000000           DC32 24
     33          

   \                                 In segment CONFIG_C, align 4, align-sorted, root
   \   00000000   0F000000           DC32 15
   \   00000004   54696D652063       DC8 "Time color"
   \              6F6C6F7200  
   \   0000000F   000000000000       DC8 0, 0, 0, 0, 0, 0, 0, 0, 0, 0, 0, 0, 0, 0, 0, 0, 0, 0, 0, 0, 0
   \              000000000000
   \              000000000000
   \              000000      
   \   00000024   000000000000       DC32 0, 0
   \              0000        
     34          __root const CFG_HDR cfghdr7={CFG_COLOR_INT,"Time color",0,0};

   \                                 In segment CONFIG_C, align 4, align-sorted, root
     35          __root const unsigned int time_color=clWhite;
   \                     time_color:
   \   00000000   FFFFFFFF           DC32 4294967295
     36          

   \                                 In segment CONFIG_C, align 4, align-sorted, root
   \   00000000   0F000000           DC32 15
   \   00000004   4D6973736564       DC8 "Missed bg color"
   \              20626720636F
   \              6C6F7200    
   \   00000014   000000000000       DC8 0, 0, 0, 0, 0, 0, 0, 0, 0, 0, 0, 0, 0, 0, 0, 0
   \              000000000000
   \              00000000    
   \   00000024   000000000000       DC32 0, 0
   \              0000        
     37          __root const CFG_HDR cfghdr10={CFG_COLOR_INT,"Missed bg color",0,0};

   \                                 In segment CONFIG_C, align 4, align-sorted, root
     38          __root const unsigned int miss_color=0x22772222;
   \                     miss_color:
   \   00000000   22227722           DC32 578232866
     39          
     40          

   \                                 In segment CONFIG_C, align 4, align-sorted, root
   \   00000000   12000000           DC32 18
   \   00000004   537472696E67       DC8 "String - Turned off"
   \              202D20547572
   \              6E6564206F66
   \              6600        
   \   00000018   000000000000       DC8 0, 0, 0, 0, 0, 0, 0, 0, 0, 0, 0, 0
   \              000000000000
   \   00000024   000000003100       DC32 0, 49
   \              0000        
     41          __root const CFG_HDR cfghdr11={CFG_UTF16_STRING,"String - Turned off",0,49};

   \                                 In segment CONFIG_C, align 4, align-sorted, root
     42          __root const wchar_t str_off[50]=L"EventControl turned off";
   \                     str_off:
   \   00000000   450076006500       DC8 45H, 0, 76H, 0, 65H, 0, 6EH, 0
   \              6E00        
   \   00000008   740043006F00       DC8 74H, 0, 43H, 0, 6FH, 0, 6EH, 0
   \              6E00        
   \   00000010   740072006F00       DC8 74H, 0, 72H, 0, 6FH, 0, 6CH, 0
   \              6C00        
   \   00000018   200074007500       DC8 20H, 0, 74H, 0, 75H, 0, 72H, 0
   \              7200        
   \   00000020   6E0065006400       DC8 6EH, 0, 65H, 0, 64H, 0, 20H, 0
   \              2000        
   \   00000028   6F0066006600       DC8 6FH, 0, 66H, 0, 66H, 0, 0, 0
   \              0000        
   \   00000030   000000000000       DC8 0, 0, 0, 0, 0, 0, 0, 0, 0, 0, 0, 0, 0, 0, 0, 0
   \              000000000000
   \              00000000    
   \   00000040   000000000000       DC8 0, 0, 0, 0, 0, 0, 0, 0, 0, 0, 0, 0, 0, 0, 0, 0
   \              000000000000
   \              00000000    
   \   00000050   000000000000       DC8 0, 0, 0, 0, 0, 0, 0, 0, 0, 0, 0, 0, 0, 0, 0, 0, 0, 0, 0, 0
   \              000000000000
   \              000000000000
   \              0000        
     43          

   \                                 In segment CONFIG_C, align 4, align-sorted, root
   \   00000000   12000000           DC32 18
   \   00000004   537472696E67       DC8 "String - Events"
   \              202D20457665
   \              6E747300    
   \   00000014   000000000000       DC8 0, 0, 0, 0, 0, 0, 0, 0, 0, 0, 0, 0, 0, 0, 0, 0
   \              000000000000
   \              00000000    
   \   00000024   000000003100       DC32 0, 49
   \              0000        
     44          __root const CFG_HDR cfghdr12={CFG_UTF16_STRING,"String - Events",0,49};

   \                                 In segment CONFIG_C, align 4, align-sorted, root
     45          __root const wchar_t str_events[50]=L"Events";
   \                     str_events:
   \   00000000   450076006500       DC8 45H, 0, 76H, 0, 65H, 0, 6EH, 0
   \              6E00        
   \   00000008   740073000000       DC8 74H, 0, 73H, 0, 0, 0
   \   0000000E   000000000000       DC8 0, 0, 0, 0, 0, 0, 0, 0, 0, 0, 0, 0, 0, 0, 0, 0
   \              000000000000
   \              00000000    
   \   0000001E   000000000000       DC8 0, 0, 0, 0, 0, 0, 0, 0, 0, 0, 0, 0, 0, 0, 0, 0
   \              000000000000
   \              00000000    
   \   0000002E   000000000000       DC8 0, 0, 0, 0, 0, 0, 0, 0, 0, 0, 0, 0, 0, 0, 0, 0
   \              000000000000
   \              00000000    
   \   0000003E   000000000000       DC8 0, 0, 0, 0, 0, 0, 0, 0, 0, 0, 0, 0, 0, 0, 0, 0
   \              000000000000
   \              00000000    
   \   0000004E   000000000000       DC8 0, 0, 0, 0, 0, 0, 0, 0, 0, 0, 0, 0, 0, 0, 0, 0, 0, 0, 0, 0, 0, 0
   \              000000000000
   \              000000000000
   \              00000000    
     46          

   \                                 In segment CONFIG_C, align 4, align-sorted, root
   \   00000000   12000000           DC32 18
   \   00000004   537472696E67       DC8 "String - No events"
   \              202D204E6F20
   \              6576656E7473
   \              00          
   \   00000017   000000000000       DC8 0, 0, 0, 0, 0, 0, 0, 0, 0, 0, 0, 0, 0
   \              000000000000
   \              00          
   \   00000024   000000003100       DC32 0, 49
   \              0000        
     47          __root const CFG_HDR cfghdr13={CFG_UTF16_STRING,"String - No events",0,49};

   \                                 In segment CONFIG_C, align 4, align-sorted, root
     48          __root const wchar_t str_noevents[50]=L"No events today";
   \                     str_noevents:
   \   00000000   4E006F002000       DC8 4EH, 0, 6FH, 0, 20H, 0, 65H, 0
   \              6500        
   \   00000008   760065006E00       DC8 76H, 0, 65H, 0, 6EH, 0, 74H, 0
   \              7400        
   \   00000010   730020007400       DC8 73H, 0, 20H, 0, 74H, 0, 6FH, 0
   \              6F00        
   \   00000018   640061007900       DC8 64H, 0, 61H, 0, 79H, 0, 0, 0
   \              0000        
   \   00000020   000000000000       DC8 0, 0, 0, 0, 0, 0, 0, 0, 0, 0, 0, 0, 0, 0, 0, 0
   \              000000000000
   \              00000000    
   \   00000030   000000000000       DC8 0, 0, 0, 0, 0, 0, 0, 0, 0, 0, 0, 0, 0, 0, 0, 0
   \              000000000000
   \              00000000    
   \   00000040   000000000000       DC8 0, 0, 0, 0, 0, 0, 0, 0, 0, 0, 0, 0, 0, 0, 0, 0
   \              000000000000
   \              00000000    
   \   00000050   000000000000       DC8 0, 0, 0, 0, 0, 0, 0, 0, 0, 0, 0, 0, 0, 0, 0, 0, 0, 0, 0, 0
   \              000000000000
   \              000000000000
   \              0000        


   Segment part sizes:

     Function/Label Bytes
     -------------- -----
     cfghdr0          44
     rc                8
     cfghdr1          44
     upp_color         4
     cfghdr2          44
     low_color         4
     cfghdr8          44
     ev_font           4
     cfghdr9          44
     ev_color          4
     cfghdr3          44
     rc2               8
     cfghdr4          44
     text_font         4
     cfghdr5          44
     text_color        4
     cfghdr6          44
     time_font         4
     cfghdr7          44
     time_color        4
     cfghdr10         44
     miss_color        4
     cfghdr11         44
     str_off         100
     cfghdr12         44
     str_events      100
     cfghdr13         44
     str_noevents    100

 
 968 bytes in segment CONFIG_C
 
 968 bytes of CONST memory

Errors: none
Warnings: none
