##############################################################################
#                                                                            #
# IAR ARM ANSI C/C++ Compiler V4.42A/W32 EVALUATION    10/Jun/2013  23:09:14 #
# Copyright 1999-2005 IAR Systems. All rights reserved.                      #
#                                                                            #
#    Cpu mode        =  interwork                                            #
#    Endian          =  little                                               #
#    Stack alignment =  4                                                    #
#    Source file     =  Z:\home\perk11\www\perk11.info\svn\SE\WalkmanDisplay #
#                       \config_data.c                                       #
#    Command line    =  Z:\home\perk11\www\perk11.info\svn\SE\WalkmanDisplay #
#                       \config_data.c -D NDEBUG -D RUS -lC                  #
#                       Z:\home\perk11\www\perk11.info\svn\SE\WalkmanDisplay #
#                       \Release_RU\List\ -lA Z:\home\perk11\www\perk11.info #
#                       \svn\SE\WalkmanDisplay\Release_RU\List\ -o           #
#                       Z:\home\perk11\www\perk11.info\svn\SE\WalkmanDisplay #
#                       \Release_RU\Obj\ -s9 --cpu_mode arm --endian little  #
#                       --cpu ARM926EJ-S --stack_align 4 --interwork -e      #
#                       --enable_multibytes --fpu None --eec++               #
#                       --dlib_config Z:\home\perk11\IAR2\arm\LIB\dl5tpainl8 #
#                       n.h --segment data=CONFIG -I                         #
#                       Z:\home\perk11\IAR2\arm\INC\ --inline_threshold=2    #
#    List file       =  Z:\home\perk11\www\perk11.info\svn\SE\WalkmanDisplay #
#                       \Release_RU\List\config_data.lst                     #
#    Object file     =  Z:\home\perk11\www\perk11.info\svn\SE\WalkmanDisplay #
#                       \Release_RU\Obj\config_data.r79                      #
#                                                                            #
#                                                                            #
##############################################################################

Z:\home\perk11\www\perk11.info\svn\SE\WalkmanDisplay\config_data.c
      1          #include "..\deleaker\mem2.h"
      2          #include "..\include\cfg_items.h"
      3          #include "header\config_data.h"
      4          #include "..\include\Colors.h"
      5          
      6          #pragma diag_suppress=Pe177
      7          
      8          #include "header\eng.h"
      9          #include "header\rus.h"
     10          
     11          

   \                                 In segment CONFIG_C, align 4, align-sorted, root
   \   00000000   0B000000           DC32 11
   \   00000004   C8F1EF2E20E8       DC8 "Исп. иконку 'Пауза'"
   \              EAEEEDEAF320
   \              27CFE0F3E7E0
   \              2700        
   \   00000018   000000000000       DC8 0, 0, 0, 0, 0, 0, 0, 0, 0, 0, 0, 0
   \              000000000000
   \   00000024   000000000000       DC32 0, 0
   \              0000        
     12          __root const CFG_HDR cfghdr319={CFG_CHECKBOX,lng_chkUsePauseIcon,0,0};

   \                                 In segment CONFIG_C, align 4, align-sorted, root
     13          __root const int use_pauseicn=true;
   \                     use_pauseicn:
   \   00000000   01000000           DC32 1
     14          

   \                                 In segment CONFIG_C, align 4, align-sorted, root
   \   00000000   11000000           DC32 17
   \   00000004   CAEDEEEFEAE0       DC8 "Кнопка переключения вида"
   \              20EFE5F0E5EA
   \              EBFEF7E5EDE8
   \              FF20E2E8E4E0
   \              00          
   \   0000001D   000000000000       DC8 0, 0, 0, 0, 0, 0, 0
   \              00          
   \   00000024   000000000300       DC32 0, 3
   \              0000        
     15          __root const CFG_HDR cfghdr320={CFG_KEYCODE,lng_keyRotation,0,3};

   \                                 In segment CONFIG_C, align 4, align-sorted, root
     16          __root const int key_rotation=0;
   \                     key_rotation:
   \   00000000   00000000           DC32 0

   \                                 In segment CONFIG_C, align 4, align-sorted, root
     17          __root const int key_rotation_mode=0;
   \                     key_rotation_mode:
   \   00000000   00000000           DC32 0
     18          
     19          

   \                                 In segment CONFIG_C, align 4, align-sorted, root
   \   00000000   05000000           DC32 5
   \   00000004   C8F1EF2E20E0       DC8 "Исп. акселерометр"
   \              EAF1E5EBE5F0
   \              EEECE5F2F000
   \   00000016   000000000000       DC8 0, 0, 0, 0, 0, 0, 0, 0, 0, 0, 0, 0, 0, 0
   \              000000000000
   \              0000        
   \   00000024   000000000300       DC32 0, 3
   \              0000        
     20          __root const CFG_HDR cfghdr321_={CFG_CBOX,lng_chkAccelerometer,0,3};

   \                                 In segment CONFIG_C, align 4, align-sorted, root
     21          __root const int use_accel=0;
   \                     use_accel:
   \   00000000   00000000           DC32 0

   \                                 In segment CONFIG_C, align 4, align-sorted, root
   \   00000000   C2EAEB2E00         DC8 "Вкл."
   \   00000005   000000000000       DC8 0, 0, 0, 0, 0, 0, 0, 0, 0, 0, 0, 0, 0, 0, 0, 0
   \              000000000000
   \              00000000    
   \   00000015   000000000000       DC8 0, 0, 0, 0, 0, 0, 0, 0, 0, 0, 0
   \              0000000000  
   \   00000020   CEF2EAEB2E20       DC8 "Откл. после наж. кнопки"
   \              EFEEF1EBE520
   \              EDE0E62E20EA
   \              EDEEEFEAE800
   \   00000038   000000000000       DC8 0, 0, 0, 0, 0, 0, 0, 0
   \              0000        
   \   00000040   CEF2EAEB2E00       DC8 "Откл."
   \   00000046   000000000000       DC8 0, 0, 0, 0, 0, 0, 0, 0, 0, 0, 0, 0, 0, 0, 0, 0
   \              000000000000
   \              00000000    
   \   00000056   000000000000       DC8 0, 0, 0, 0, 0, 0, 0, 0, 0, 0
   \              00000000    
     22          __root const CFG_CBOX_ITEM cfgcbox324_[3]={lng_chkAccelOn,lng_chkAccelRotate,lng_chkAccelOff};
     23          

   \                                 In segment CONFIG_C, align 4, align-sorted, root
   \   00000000   0B000000           DC32 11
   \   00000004   C8F1EF2E2061       DC8 "Исп. album/cover.png"
   \              6C62756D2F63
   \              6F7665722E70
   \              6E6700      
   \   00000019   000000000000       DC8 0, 0, 0, 0, 0, 0, 0, 0, 0, 0, 0
   \              0000000000  
   \   00000024   000000000000       DC32 0, 0
   \              0000        
     24          __root const CFG_HDR cfghdr322={CFG_CHECKBOX,lng_chkAlbumPng,0,0};

   \                                 In segment CONFIG_C, align 4, align-sorted, root
     25          __root const int use_albumpng=true;
   \                     use_albumpng:
   \   00000000   01000000           DC32 1
     26          

   \                                 In segment CONFIG_C, align 4, align-sorted, root
   \   00000000   05000000           DC32 5
   \   00000004   CFF0E8EEF0E8       DC8 "Приоритет изображ."
   \              F2E5F220E8E7
   \              EEE1F0E0E62E
   \              00          
   \   00000017   000000000000       DC8 0, 0, 0, 0, 0, 0, 0, 0, 0, 0, 0, 0, 0
   \              000000000000
   \              00          
   \   00000024   000000000300       DC32 0, 3
   \              0000        
     27          __root const CFG_HDR cfghdr323={CFG_CBOX,lng_chkImagePriority,0,3};

   \                                 In segment CONFIG_C, align 4, align-sorted, root
     28          __root const int img_priority=0;
   \                     img_priority:
   \   00000000   00000000           DC32 0

   \                                 In segment CONFIG_C, align 4, align-sorted, root
   \   00000000   D1EDE0F7E0EB       DC8 "Сначала внутр., потом внешнее"
   \              E020E2EDF3F2
   \              F02E2C20EFEE
   \              F2EEEC20E2ED
   \              E5F8EDE5E500
   \   0000001E   0000               DC8 0, 0
   \   00000020   D2EEEBFCEAEE       DC8 "Только внешнее"
   \              20E2EDE5F8ED
   \              E5E500      
   \   0000002F   000000000000       DC8 0, 0, 0, 0, 0, 0, 0, 0, 0, 0, 0, 0, 0, 0, 0, 0, 0
   \              000000000000
   \              0000000000  
   \   00000040   D2EEEBFCEAEE       DC8 "Только внутр."
   \              20E2EDF3F2F0
   \              2E00        
   \   0000004E   000000000000       DC8 0, 0, 0, 0, 0, 0, 0, 0, 0, 0, 0, 0, 0, 0, 0, 0, 0, 0
   \              000000000000
   \              000000000000
     29          __root const CFG_CBOX_ITEM cfgcbox324[3]={lng_chkFirstInternal,lng_chkOnlyExternal,lng_chkOnlyInternal};
     30          

   \                                 In segment CONFIG_C, align 4, align-sorted, root
   \   00000000   0B000000           DC32 11
   \   00000004   C8F1EF2E2056       DC8 "Исп. VBR"
   \              425200      
   \   0000000D   000000000000       DC8 0, 0, 0, 0, 0, 0, 0, 0, 0, 0, 0, 0, 0, 0, 0, 0, 0, 0, 0, 0, 0, 0, 0
   \              000000000000
   \              000000000000
   \              0000000000  
   \   00000024   000000000000       DC32 0, 0
   \              0000        
     31          __root const CFG_HDR cfghdr325={CFG_CHECKBOX,lng_chkUseVbr,0,0};

   \                                 In segment CONFIG_C, align 4, align-sorted, root
     32          __root const int use_vbr=true;
   \                     use_vbr:
   \   00000000   01000000           DC32 1
     33          

   \                                 In segment CONFIG_C, align 4, align-sorted, root
   \   00000000   05000000           DC32 5
   \   00000004   C8F1EF2E2062       DC8 "Исп. bcfg из стиля плеера"
   \              63666720E8E7
   \              20F1F2E8EBFF
   \              20EFEBE5E5F0
   \              E000        
   \   0000001E   000000000000       DC8 0, 0, 0, 0, 0, 0
   \   00000024   000000000200       DC32 0, 2
   \              0000        
     34          __root const CFG_HDR cfghdr326={CFG_CBOX,lng_chkUnicalSkinData,0,2};

   \                                 In segment CONFIG_C, align 4, align-sorted, root
     35          __root const int skin_cfg=0;
   \                     skin_cfg:
   \   00000000   00000000           DC32 0

   \                                 In segment CONFIG_C, align 4, align-sorted, root
   \   00000000   CEE1F9E8E92B       DC8 "Общий+стиль плеера"
   \              F1F2E8EBFC20
   \              EFEBE5E5F0E0
   \              00          
   \   00000013   000000000000       DC8 0, 0, 0, 0, 0, 0, 0, 0, 0, 0, 0, 0, 0
   \              000000000000
   \              00          
   \   00000020   D2EEEBFCEAEE       DC8 "Только общий стиль"
   \              20EEE1F9E8E9
   \              20F1F2E8EBFC
   \              00          
   \   00000033   000000000000       DC8 0, 0, 0, 0, 0, 0, 0, 0, 0, 0, 0, 0, 0
   \              000000000000
   \              00          
     36          __root const CFG_CBOX_ITEM cfgcbox3277[2]={lng_chkSkinAndCommonData,lng_chkOnlyCommonData};
     37          
     38          
     39          

   \                                 In segment CONFIG_C, align 4, align-sorted, root
   \   00000000   09000000           DC32 9
   \   00000004   CEE3F0E0EDE8       DC8 "Ограничения"
   \              F7E5EDE8FF00
   \   00000010   000000000000       DC8 0, 0, 0, 0, 0, 0, 0, 0, 0, 0, 0, 0, 0, 0, 0, 0, 0, 0, 0, 0
   \              000000000000
   \              000000000000
   \              0000        
   \   00000024   010000000000       DC32 1, 0
   \              0000        
     40          __root const CFG_HDR confighdr_1={CFG_LEVEL,lng_lvlRestrictions,1,0};
     41          

   \                                 In segment CONFIG_C, align 4, align-sorted, root
   \   00000000   0B000000           DC32 11
   \   00000004   CDE5F220EEE1       DC8 "Нет обложки->Нет назв. альбома"
   \              EBEEE6EAE82D
   \              3ECDE5F220ED
   \              E0E7E22E20E0
   \              EBFCE1EEECE0
   \              00          
   \   00000023   00                 DC8 0
   \   00000024   000000000000       DC32 0, 0
   \              0000        
     42          __root const CFG_HDR cfghdr__1={CFG_CHECKBOX,lng_chkRestriction_Cover,0,0};

   \                                 In segment CONFIG_C, align 4, align-sorted, root
     43          __root const int restr_CoverAlbum=false;
   \                     restr_CoverAlbum:
   \   00000000   00000000           DC32 0
     44          

   \                                 In segment CONFIG_C, align 4, align-sorted, root
   \   00000000   09000000           DC32 9
   \   00000004   00                 DC8 ""
   \   00000005   000000000000       DC8 0, 0, 0, 0, 0, 0, 0, 0, 0, 0, 0, 0, 0, 0, 0, 0
   \              000000000000
   \              00000000    
   \   00000015   000000000000       DC8 0, 0, 0, 0, 0, 0, 0, 0, 0, 0, 0, 0, 0, 0, 0
   \              000000000000
   \              000000      
   \   00000024   000000000000       DC32 0, 0
   \              0000        
     45          __root const CFG_HDR confighdr_1_close={CFG_LEVEL,"",0,0};
     46          
     47          

   \                                 In segment CONFIG_C, align 4, align-sorted, root
   \   00000000   05000000           DC32 5
   \   00000004   D2E5EBE5F4EE       DC8 "Телефон"
   \              ED00        
   \   0000000C   000000000000       DC8 0, 0, 0, 0, 0, 0, 0, 0, 0, 0, 0, 0, 0, 0, 0, 0
   \              000000000000
   \              00000000    
   \   0000001C   000000000000       DC8 0, 0, 0, 0, 0, 0, 0, 0
   \              0000        
   \   00000024   000000000300       DC32 0, 3
   \              0000        
     48          __root const CFG_HDR cfghdr3261={CFG_CBOX,lng_chkPhone,0,3};

   \                                 In segment CONFIG_C, align 4, align-sorted, root
     49          __root const int phone=0;
   \                     phone:
   \   00000000   00000000           DC32 0

   \                                 In segment CONFIG_C, align 4, align-sorted, root
   \   00000000   C0E2F2EEECE0       DC8 "Автоматически"
   \              F2E8F7E5F1EA
   \              E800        
   \   0000000E   000000000000       DC8 0, 0, 0, 0, 0, 0, 0, 0, 0, 0, 0, 0, 0, 0, 0, 0, 0, 0
   \              000000000000
   \              000000000000
   \   00000020   573538302F57       DC8 "W580/W850"
   \              38353000    
   \   0000002A   000000000000       DC8 0, 0, 0, 0, 0, 0, 0, 0, 0, 0, 0, 0, 0, 0, 0, 0, 0, 0, 0, 0, 0, 0
   \              000000000000
   \              000000000000
   \              00000000    
   \   00000040   573631302F57       DC8 "W610/W660/W880"
   \              3636302F5738
   \              383000      
   \   0000004F   000000000000       DC8 0, 0, 0, 0, 0, 0, 0, 0, 0, 0, 0, 0, 0, 0, 0, 0, 0
   \              000000000000
   \              0000000000  
     50          __root const CFG_CBOX_ITEM cfgcbox32771[3]={lng_chkNotSelected,"W580/W850","W610/W660/W880"};
     51          
     52          

   \                                 In segment CONFIG_C, align 4, align-sorted, root
   \   00000000   05000000           DC32 5
   \   00000004   D1EAF0FBE2E0       DC8 "Скрывать софт-кнопки"
   \              F2FC20F1EEF4
   \              F22DEAEDEEEF
   \              EAE800      
   \   00000019   000000000000       DC8 0, 0, 0, 0, 0, 0, 0, 0, 0, 0, 0
   \              0000000000  
   \   00000024   000000000400       DC32 0, 4
   \              0000        
     53          __root const CFG_HDR cfghdr3262={CFG_CBOX,lng_chkHideSoftkeys,0,4};

   \                                 In segment CONFIG_C, align 4, align-sorted, root
     54          __root const int hidesoftkeys=0;
   \                     hidesoftkeys:
   \   00000000   00000000           DC32 0

   \                                 In segment CONFIG_C, align 4, align-sorted, root
   \   00000000   CDE520F1EAF0       DC8 "Не скрывать"
   \              FBE2E0F2FC00
   \   0000000C   000000000000       DC8 0, 0, 0, 0, 0, 0, 0, 0, 0, 0, 0, 0, 0, 0, 0, 0, 0, 0, 0, 0
   \              000000000000
   \              000000000000
   \              0000        
   \   00000020   C220E3EEF0E8       DC8 "В горизонтальном режиме"
   \              E7EEEDF2E0EB
   \              FCEDEEEC20F0
   \              E5E6E8ECE500
   \   00000038   000000000000       DC8 0, 0, 0, 0, 0, 0, 0, 0
   \              0000        
   \   00000040   C220E2E5F0F2       DC8 "В вертикальном режиме"
   \              E8EAE0EBFCED
   \              EEEC20F0E5E6
   \              E8ECE500    
   \   00000056   000000000000       DC8 0, 0, 0, 0, 0, 0, 0, 0, 0, 0
   \              00000000    
   \   00000060   C2E5E7E4E500       DC8 "Везде"
   \   00000066   000000000000       DC8 0, 0, 0, 0, 0, 0, 0, 0, 0, 0, 0, 0, 0, 0, 0, 0
   \              000000000000
   \              00000000    
   \   00000076   000000000000       DC8 0, 0, 0, 0, 0, 0, 0, 0, 0, 0
   \              00000000    
     55          __root const CFG_CBOX_ITEM cfgcbox327712[4]={lng_chkNo,lng_chkInHorizontalMode,lng_chkInVerticalMode,lng_chkEverywhere};
     56          

   \                                 In segment CONFIG_C, align 4, align-sorted, root
   \   00000000   05000000           DC32 5
   \   00000004   CDE0F72E20EE       DC8 "Нач. ориентация экрана"
   \              F0E8E5EDF2E0
   \              F6E8FF20FDEA
   \              F0E0EDE000  
   \   0000001B   000000000000       DC8 0, 0, 0, 0, 0, 0, 0, 0, 0
   \              000000      
   \   00000024   000000000200       DC32 0, 2
   \              0000        
     57          __root const CFG_HDR cfghdr___1={CFG_CBOX,lng_chkInitOrientation,0,2};

   \                                 In segment CONFIG_C, align 4, align-sorted, root
     58          __root const int cfg_orient=false;
   \                     cfg_orient:
   \   00000000   00000000           DC32 0

   \                                 In segment CONFIG_C, align 4, align-sorted, root
   \   00000000   C2E5F0F2E8EA       DC8 "Вертикальная"
   \              E0EBFCEDE0FF
   \              00          
   \   0000000D   000000000000       DC8 0, 0, 0, 0, 0, 0, 0, 0, 0, 0, 0, 0, 0, 0, 0, 0, 0, 0, 0
   \              000000000000
   \              000000000000
   \              00          
   \   00000020   C3EEF0E8E7EE       DC8 "Горизонтальная"
   \              EDF2E0EBFCED
   \              E0FF00      
   \   0000002F   000000000000       DC8 0, 0, 0, 0, 0, 0, 0, 0, 0, 0, 0, 0, 0, 0, 0, 0, 0
   \              000000000000
   \              0000000000  
     59          __root const CFG_CBOX_ITEM cfgcbox327711[2]={lng_chkVertical, lng_chkHorizontal};


   Segment part sizes:

     Function/Label    Bytes
     --------------    -----
     cfghdr319           44
     use_pauseicn         4
     cfghdr320           44
     key_rotation         4
     key_rotation_mode    4
     cfghdr321_          44
     use_accel            4
     cfgcbox324_         96
     cfghdr322           44
     use_albumpng         4
     cfghdr323           44
     img_priority         4
     cfgcbox324          96
     cfghdr325           44
     use_vbr              4
     cfghdr326           44
     skin_cfg             4
     cfgcbox3277         64
     confighdr_1         44
     cfghdr__1           44
     restr_CoverAlbum     4
     confighdr_1_close   44
     cfghdr3261          44
     phone                4
     cfgcbox32771        96
     cfghdr3262          44
     hidesoftkeys         4
     cfgcbox327712      128
     cfghdr___1          44
     cfg_orient           4
     cfgcbox327711       64

 
 1 164 bytes in segment CONFIG_C
 
 1 164 bytes of CONST memory

Errors: none
Warnings: none
