##############################################################################
#                                                                            #
# IAR ARM ANSI C/C++ Compiler V4.42A/W32 EVALUATION    10/Jun/2013  22:44:06 #
# Copyright 1999-2005 IAR Systems. All rights reserved.                      #
#                                                                            #
#    Cpu mode        =  interwork                                            #
#    Endian          =  little                                               #
#    Stack alignment =  4                                                    #
#    Source file     =  Z:\home\perk11\www\perk11.info\svn\SE\GPRSSessionInf #
#                       o\config_data.c                                      #
#    Command line    =  Z:\home\perk11\www\perk11.info\svn\SE\GPRSSessionInf #
#                       o\config_data.c -lC Z:\home\perk11\www\perk11.info\s #
#                       vn\SE\GPRSSessionInfo\Release\List\ -lA              #
#                       Z:\home\perk11\www\perk11.info\svn\SE\GPRSSessionInf #
#                       o\Release\List\ -o Z:\home\perk11\www\perk11.info\sv #
#                       n\SE\GPRSSessionInfo\Release\Obj\ -s9 --cpu_mode     #
#                       arm --endian little --cpu ARM926EJ-S --stack_align   #
#                       4 --interwork -e --fpu None --eec++ --dlib_config    #
#                       Z:\home\perk11\IAR2\arm\LIB\dl5tpainl8n.h --segment  #
#                       data=CONFIG -I Z:\home\perk11\IAR2\arm\INC\          #
#                       --inline_threshold=2                                 #
#    List file       =  Z:\home\perk11\www\perk11.info\svn\SE\GPRSSessionInf #
#                       o\Release\List\config_data.lst                       #
#    Object file     =  Z:\home\perk11\www\perk11.info\svn\SE\GPRSSessionInf #
#                       o\Release\Obj\config_data.r79                        #
#                                                                            #
#                                                                            #
##############################################################################

Z:\home\perk11\www\perk11.info\svn\SE\GPRSSessionInfo\config_data.c
      1          #include "..\\include\cfg_items.h"
      2          #include "config_data.h"
      3          #include "..\\include\Colors.h"
      4          
      5          #pragma diag_suppress=Pe177
      6          

   \                                 In segment CONFIG_C, align 4, align-sorted, root
   \   00000000   04000000           DC32 4
   \   00000004   43757272656E       DC8 "Currency name"
   \              6379206E616D
   \              6500        
   \   00000012   000000000000       DC8 0, 0, 0, 0, 0, 0, 0, 0, 0, 0, 0, 0, 0, 0, 0, 0, 0, 0
   \              000000000000
   \              000000000000
   \   00000024   000000000A00       DC32 0, 10
   \              0000        
      7          __root const CFG_HDR cfghdr0={CFG_STR_WIN1251,"Currency name",0,10};

   \                                 In segment CONFIG_C, align 4, align-sorted, root
      8          __root const char cfgCurrency[11]="рублей";
   \                     cfgCurrency:
   \   00000000   F0F3E1EBE5E9       DC8 "\360\363\341\353\345\351"
   \              00          
   \   00000007   0000000000         DC8 0, 0, 0, 0, 0
      9          

   \                                 In segment CONFIG_C, align 4, align-sorted, root
   \   00000000   03000000           DC32 3
   \   00000004   4D696E207061       DC8 "Min package size (KB)"
   \              636B61676520
   \              73697A652028
   \              4B422900    
   \   0000001A   000000000000       DC8 0, 0, 0, 0, 0, 0, 0, 0, 0, 0
   \              00000000    
   \   00000024   00000000FFFF       DC32 0, 1048575
   \              0F00        
     10          __root const CFG_HDR cfghdr1={CFG_INT,"Min package size (KB)",0,0xFFFFF};

   \                                 In segment CONFIG_C, align 4, align-sorted, root
     11          __root const int cfgMinLength=100;
   \                     cfgMinLength:
   \   00000000   64000000           DC32 100
     12          

   \                                 In segment CONFIG_C, align 4, align-sorted, root
   \   00000000   03000000           DC32 3
   \   00000004   4E6F7420636F       DC8 "Not counted traf (KB)"
   \              756E74656420
   \              747261662028
   \              4B422900    
   \   0000001A   000000000000       DC8 0, 0, 0, 0, 0, 0, 0, 0, 0, 0
   \              00000000    
   \   00000024   00000000FFFF       DC32 0, 1048575
   \              0F00        
     13          __root const CFG_HDR cfghdr2={CFG_INT,"Not counted traf (KB)",0,0xFFFFF};

   \                                 In segment CONFIG_C, align 4, align-sorted, root
     14          __root const int cfgNotCountedTraf=5;
   \                     cfgNotCountedTraf:
   \   00000000   05000000           DC32 5
     15          

   \                                 In segment CONFIG_C, align 4, align-sorted, root
   \   00000000   09000000           DC32 9
   \   00000004   436F73742053       DC8 "Cost Settings"
   \              657474696E67
   \              7300        
   \   00000012   000000000000       DC8 0, 0, 0, 0, 0, 0, 0, 0, 0, 0, 0, 0, 0, 0, 0, 0, 0, 0
   \              000000000000
   \              000000000000
   \   00000024   010000000000       DC32 1, 0
   \              0000        
     16          __root const CFG_HDR cfghdr3={CFG_LEVEL,"Cost Settings",1,0};
     17          

   \                                 In segment CONFIG_C, align 4, align-sorted, root
   \   00000000   0C000000           DC32 12
   \   00000004   446179207374       DC8 "Day start time"
   \              617274207469
   \              6D6500      
   \   00000013   000000000000       DC8 0, 0, 0, 0, 0, 0, 0, 0, 0, 0, 0, 0, 0, 0, 0, 0, 0
   \              000000000000
   \              0000000000  
   \   00000024   000000000000       DC32 0, 0
   \              0000        
     18            __root const CFG_HDR cfghdr4={CFG_TIME,"Day start time",0,0};

   \                                 In segment CONFIG_C, align 4, align-sorted, root
     19                __root const TIME DAY_TIME={8,0,0};
   \                     DAY_TIME:
   \   00000000   08000000           DC8 8, 0, 0, 0
     20                

   \                                 In segment CONFIG_C, align 4, align-sorted, root
   \   00000000   03000000           DC32 3
   \   00000004   284429436F73       DC8 "(D)Cost for out-package"
   \              7420666F7220
   \              6F75742D7061
   \              636B61676500
   \   0000001C   000000000000       DC8 0, 0, 0, 0, 0, 0, 0, 0
   \              0000        
   \   00000024   00000000FFFF       DC32 0, 1048575
   \              0F00        
     21            __root const CFG_HDR cfghdr5={CFG_INT,"(D)Cost for out-package",0,0xFFFFF};

   \                                 In segment CONFIG_C, align 4, align-sorted, root
     22                __root const int cfgDayCostOut=68;
   \                     cfgDayCostOut:
   \   00000000   44000000           DC32 68
     23                

   \                                 In segment CONFIG_C, align 4, align-sorted, root
   \   00000000   03000000           DC32 3
   \   00000004   284429436F73       DC8 "(D)Cost for in-package"
   \              7420666F7220
   \              696E2D706163
   \              6B61676500  
   \   0000001B   000000000000       DC8 0, 0, 0, 0, 0, 0, 0, 0, 0
   \              000000      
   \   00000024   00000000FFFF       DC32 0, 1048575
   \              0F00        
     24            __root const CFG_HDR cfghdr6={CFG_INT,"(D)Cost for in-package",0,0xFFFFF};

   \                                 In segment CONFIG_C, align 4, align-sorted, root
     25                __root const int cfgDayCostIn=68;
   \                     cfgDayCostIn:
   \   00000000   44000000           DC32 68
     26                

   \                                 In segment CONFIG_C, align 4, align-sorted, root
   \   00000000   03000000           DC32 3
   \   00000004   284429436F73       DC8 "(D)Cost for package"
   \              7420666F7220
   \              7061636B6167
   \              6500        
   \   00000018   000000000000       DC8 0, 0, 0, 0, 0, 0, 0, 0, 0, 0, 0, 0
   \              000000000000
   \   00000024   00000000FFFF       DC32 0, 1048575
   \              0F00        
     27            __root const CFG_HDR cfghdr7={CFG_INT,"(D)Cost for package",0,0xFFFFF};

   \                                 In segment CONFIG_C, align 4, align-sorted, root
     28                __root const int cfgDayCost=68;
   \                     cfgDayCost:
   \   00000000   44000000           DC32 68
     29                

   \                                 In segment CONFIG_C, align 4, align-sorted, root
   \   00000000   03000000           DC32 3
   \   00000004   284429506163       DC8 "(D)Package size (KB)"
   \              6B6167652073
   \              697A6520284B
   \              422900      
   \   00000019   000000000000       DC8 0, 0, 0, 0, 0, 0, 0, 0, 0, 0, 0
   \              0000000000  
   \   00000024   00000000FFFF       DC32 0, 1048575
   \              0F00        
     30            __root const CFG_HDR cfghdr8={CFG_INT,"(D)Package size (KB)",0,0xFFFFF};

   \                                 In segment CONFIG_C, align 4, align-sorted, root
     31                __root const int cfgDayLength=10000;
   \                     cfgDayLength:
   \   00000000   10270000           DC32 10000
     32            

   \                                 In segment CONFIG_C, align 4, align-sorted, root
   \   00000000   0C000000           DC32 12
   \   00000004   4E6967687420       DC8 "Night start time"
   \              737461727420
   \              74696D6500  
   \   00000015   000000000000       DC8 0, 0, 0, 0, 0, 0, 0, 0, 0, 0, 0, 0, 0, 0, 0
   \              000000000000
   \              000000      
   \   00000024   000000000000       DC32 0, 0
   \              0000        
     33            __root const CFG_HDR cfghdr9={CFG_TIME,"Night start time",0,0};

   \                                 In segment CONFIG_C, align 4, align-sorted, root
     34                __root const TIME NIGHT_TIME ={20,0,0};
   \                     NIGHT_TIME:
   \   00000000   14000000           DC8 20, 0, 0, 0
     35            

   \                                 In segment CONFIG_C, align 4, align-sorted, root
   \   00000000   03000000           DC32 3
   \   00000004   284E29436F73       DC8 "(N)Cost for out-package"
   \              7420666F7220
   \              6F75742D7061
   \              636B61676500
   \   0000001C   000000000000       DC8 0, 0, 0, 0, 0, 0, 0, 0
   \              0000        
   \   00000024   00000000FFFF       DC32 0, 1048575
   \              0F00        
     36            __root const CFG_HDR cfghdr10={CFG_INT,"(N)Cost for out-package",0,0xFFFFF};

   \                                 In segment CONFIG_C, align 4, align-sorted, root
     37                __root const int cfgNightCostOut=68;
   \                     cfgNightCostOut:
   \   00000000   44000000           DC32 68
     38                

   \                                 In segment CONFIG_C, align 4, align-sorted, root
   \   00000000   03000000           DC32 3
   \   00000004   284E29436F73       DC8 "(N)Cost for in-package"
   \              7420666F7220
   \              696E2D706163
   \              6B61676500  
   \   0000001B   000000000000       DC8 0, 0, 0, 0, 0, 0, 0, 0, 0
   \              000000      
   \   00000024   00000000FFFF       DC32 0, 1048575
   \              0F00        
     39            __root const CFG_HDR cfghdr11={CFG_INT,"(N)Cost for in-package",0,0xFFFFF};

   \                                 In segment CONFIG_C, align 4, align-sorted, root
     40                __root const int cfgNightCostIn=68;
   \                     cfgNightCostIn:
   \   00000000   44000000           DC32 68
     41                

   \                                 In segment CONFIG_C, align 4, align-sorted, root
   \   00000000   03000000           DC32 3
   \   00000004   284E29436F73       DC8 "(N)Cost for package"
   \              7420666F7220
   \              7061636B6167
   \              6500        
   \   00000018   000000000000       DC8 0, 0, 0, 0, 0, 0, 0, 0, 0, 0, 0, 0
   \              000000000000
   \   00000024   00000000FFFF       DC32 0, 1048575
   \              0F00        
     42            __root const CFG_HDR cfghdr12={CFG_INT,"(N)Cost for package",0,0xFFFFF};

   \                                 In segment CONFIG_C, align 4, align-sorted, root
     43                __root const int cfgNightCost=68;
   \                     cfgNightCost:
   \   00000000   44000000           DC32 68
     44                

   \                                 In segment CONFIG_C, align 4, align-sorted, root
   \   00000000   03000000           DC32 3
   \   00000004   284E29506163       DC8 "(N)Package size (KB)"
   \              6B6167652073
   \              697A6520284B
   \              422900      
   \   00000019   000000000000       DC8 0, 0, 0, 0, 0, 0, 0, 0, 0, 0, 0
   \              0000000000  
   \   00000024   00000000FFFF       DC32 0, 1048575
   \              0F00        
     45            __root const CFG_HDR cfghdr13={CFG_INT,"(N)Package size (KB)",0,0xFFFFF};

   \                                 In segment CONFIG_C, align 4, align-sorted, root
     46                __root const int cfgNightLength=10000;
   \                     cfgNightLength:
   \   00000000   10270000           DC32 10000
     47              

   \                                 In segment CONFIG_C, align 4, align-sorted, root
   \   00000000   09000000           DC32 9
   \   00000004   00                 DC8 ""
   \   00000005   000000000000       DC8 0, 0, 0, 0, 0, 0, 0, 0, 0, 0, 0, 0, 0, 0, 0, 0
   \              000000000000
   \              00000000    
   \   00000015   000000000000       DC8 0, 0, 0, 0, 0, 0, 0, 0, 0, 0, 0, 0, 0, 0, 0
   \              000000000000
   \              000000      
   \   00000024   000000000000       DC32 0, 0
   \              0000        
     48          __root const CFG_HDR cfghdr14={CFG_LEVEL,"",0,0};
     49          

   \                                 In segment CONFIG_C, align 4, align-sorted, root
   \   00000000   03000000           DC32 3
   \   00000004   53686F772074       DC8 "Show timeout (sec)"
   \              696D656F7574
   \              202873656329
   \              00          
   \   00000017   000000000000       DC8 0, 0, 0, 0, 0, 0, 0, 0, 0, 0, 0, 0, 0
   \              000000000000
   \              00          
   \   00000024   00000000FFFF       DC32 0, 1048575
   \              0F00        
     50          __root const CFG_HDR cfghdr15={CFG_INT,"Show timeout (sec)",0,0xFFFFF};

   \                                 In segment CONFIG_C, align 4, align-sorted, root
     51          __root const int cfgTimeout=10;
   \                     cfgTimeout:
   \   00000000   0A000000           DC32 10
     52          

   \                                 In segment CONFIG_C, align 4, align-sorted, root
   \   00000000   0B000000           DC32 11
   \   00000004   446976696465       DC8 "Divide Traf"
   \              205472616600
   \   00000010   000000000000       DC8 0, 0, 0, 0, 0, 0, 0, 0, 0, 0, 0, 0, 0, 0, 0, 0, 0, 0, 0, 0
   \              000000000000
   \              000000000000
   \              0000        
   \   00000024   000000000000       DC32 0, 0
   \              0000        
     53          __root const CFG_HDR cfghdr16={CFG_CHECKBOX,"Divide Traf",0,0};

   \                                 In segment CONFIG_C, align 4, align-sorted, root
     54          __root const int cfgDivide=0;
   \                     cfgDivide:
   \   00000000   00000000           DC32 0


   Segment part sizes:

     Function/Label    Bytes
     --------------    -----
     cfghdr0             44
     cfgCurrency         12
     cfghdr1             44
     cfgMinLength         4
     cfghdr2             44
     cfgNotCountedTraf    4
     cfghdr3             44
     cfghdr4             44
     DAY_TIME             4
     cfghdr5             44
     cfgDayCostOut        4
     cfghdr6             44
     cfgDayCostIn         4
     cfghdr7             44
     cfgDayCost           4
     cfghdr8             44
     cfgDayLength         4
     cfghdr9             44
     NIGHT_TIME           4
     cfghdr10            44
     cfgNightCostOut      4
     cfghdr11            44
     cfgNightCostIn       4
     cfghdr12            44
     cfgNightCost         4
     cfghdr13            44
     cfgNightLength       4
     cfghdr14            44
     cfghdr15            44
     cfgTimeout           4
     cfghdr16            44
     cfgDivide            4

 
 816 bytes in segment CONFIG_C
 
 816 bytes of CONST memory

Errors: none
Warnings: none
