##############################################################################
#                                                                            #
# IAR ARM ANSI C/C++ Compiler V4.42A/W32 EVALUATION    10/Jun/2013  23:04:40 #
# Copyright 1999-2005 IAR Systems. All rights reserved.                      #
#                                                                            #
#    Cpu mode        =  interwork                                            #
#    Endian          =  little                                               #
#    Stack alignment =  4                                                    #
#    Source file     =  Z:\home\perk11\www\perk11.info\svn\SE\RedLED_Blink\c #
#                       onfig_data.c                                         #
#    Command line    =  Z:\home\perk11\www\perk11.info\svn\SE\RedLED_Blink\c #
#                       onfig_data.c -D NDEBUG -lC                           #
#                       Z:\home\perk11\www\perk11.info\svn\SE\RedLED_Blink\R #
#                       elease\List\ -lA Z:\home\perk11\www\perk11.info\svn\ #
#                       SE\RedLED_Blink\Release\List\ -o                     #
#                       Z:\home\perk11\www\perk11.info\svn\SE\RedLED_Blink\R #
#                       elease\Obj\ -s9 --no_unroll --no_inline --cpu_mode   #
#                       arm --endian little --cpu ARM926EJ-S --stack_align   #
#                       4 --interwork -e --fpu None --eec++ --dlib_config    #
#                       Z:\home\perk11\IAR2\arm\LIB\dl5tpainl8n.h --segment  #
#                       code=CONFIG --segment data=CONFIG -I                 #
#                       Z:\home\perk11\IAR2\arm\INC\                         #
#    List file       =  Z:\home\perk11\www\perk11.info\svn\SE\RedLED_Blink\R #
#                       elease\List\config_data.lst                          #
#    Object file     =  Z:\home\perk11\www\perk11.info\svn\SE\RedLED_Blink\R #
#                       elease\Obj\config_data.r79                           #
#                                                                            #
#                                                                            #
##############################################################################

Z:\home\perk11\www\perk11.info\svn\SE\RedLED_Blink\config_data.c
      1          #include "..\\include\cfg_items.h"
      2          #include "config_data.h"
      3          
      4          #pragma diag_suppress=Pe177
      5          

   \                                 In segment CONFIG_C, align 4, align-sorted, root
   \   00000000   01000000           DC32 1
   \   00000004   4F6E2074696D       DC8 "On time, ms"
   \              652C206D7300
   \   00000010   000000000000       DC8 0, 0, 0, 0, 0, 0, 0, 0, 0, 0, 0, 0, 0, 0, 0, 0, 0, 0, 0, 0
   \              000000000000
   \              000000000000
   \              0000        
   \   00000024   000000001027       DC32 0, 10000
   \              0000        
      6          __root const CFG_HDR cfghdr1={CFG_UINT,"On time, ms",0,10000};

   \                                 In segment CONFIG_C, align 4, align-sorted, root
      7          __root const unsigned int OnTime=500;
   \                     OnTime:
   \   00000000   F4010000           DC32 500
      8          

   \                                 In segment CONFIG_C, align 4, align-sorted, root
   \   00000000   01000000           DC32 1
   \   00000004   4F6666207469       DC8 "Off time, ms"
   \              6D652C206D73
   \              00          
   \   00000011   000000000000       DC8 0, 0, 0, 0, 0, 0, 0, 0, 0, 0, 0, 0, 0, 0, 0, 0, 0, 0, 0
   \              000000000000
   \              000000000000
   \              00          
   \   00000024   000000001027       DC32 0, 10000
   \              0000        
      9          __root const CFG_HDR cfghdr2={CFG_UINT,"Off time, ms",0,10000};

   \                                 In segment CONFIG_C, align 4, align-sorted, root
     10          __root const unsigned int OffTime=500;
   \                     OffTime:
   \   00000000   F4010000           DC32 500


   Segment part sizes:

     Function/Label Bytes
     -------------- -----
     cfghdr1          44
     OnTime            4
     cfghdr2          44
     OffTime           4

 
 96 bytes in segment CONFIG_C
 
 96 bytes of CONST memory

Errors: none
Warnings: none
