##############################################################################
#                                                                            #
# IAR ARM ANSI C/C++ Compiler V4.42A/W32 EVALUATION    10/Jun/2013  22:43:14 #
# Copyright 1999-2005 IAR Systems. All rights reserved.                      #
#                                                                            #
#    Cpu mode        =  interwork                                            #
#    Endian          =  little                                               #
#    Stack alignment =  4                                                    #
#    Source file     =  Z:\home\perk11\www\perk11.info\svn\SE\BcfgExample\co #
#                       nfig_data.c                                          #
#    Command line    =  Z:\home\perk11\www\perk11.info\svn\SE\BcfgExample\co #
#                       nfig_data.c -D NDEBUG -D OLDFUNCTIONS -lCN           #
#                       Z:\home\perk11\www\perk11.info\svn\SE\BcfgExample\Re #
#                       lease\List\ -la Z:\home\perk11\www\perk11.info\svn\S #
#                       E\BcfgExample\Release\List\ -o                       #
#                       Z:\home\perk11\www\perk11.info\svn\SE\BcfgExample\Re #
#                       lease\Obj\ -s9 --no_unroll --no_code_motion          #
#                       --cpu_mode arm --endian little --cpu ARM926EJ-S      #
#                       --stack_align 4 --interwork -e --enable_multibytes   #
#                       --fpu None --eec++ --dlib_config                     #
#                       Z:\home\perk11\IAR2\arm\LIB\dl5tpainl8n.h -I         #
#                       Z:\home\perk11\IAR2\arm\INC\ --inline_threshold=2    #
#    List file       =  Z:\home\perk11\www\perk11.info\svn\SE\BcfgExample\Re #
#                       lease\List\config_data.lst                           #
#    Object file     =  Z:\home\perk11\www\perk11.info\svn\SE\BcfgExample\Re #
#                       lease\Obj\config_data.r79                            #
#                                                                            #
#                                                                            #
##############################################################################

Z:\home\perk11\www\perk11.info\svn\SE\BcfgExample\config_data.c
      1          #include "..\\include\cfg_items.h"
      2          #include "config_data.h"
      3          
      4          #pragma diag_suppress=Pe177
      5          

   \                                 In segment CONFIG_C, align 4, align-sorted, root
   \   00000000   0B000000           DC32 11
   \   00000004   497320456E61       DC8 "Is Enabled"
   \              626C656400  
   \   0000000F   000000000000       DC8 0, 0, 0, 0, 0, 0, 0, 0, 0, 0, 0, 0, 0, 0, 0, 0, 0, 0, 0, 0, 0
   \              000000000000
   \              000000000000
   \              000000      
   \   00000024   000000000000       DC32 0, 0
   \              0000        
      6          CFGVAR CFG_HDR cfghdr0={CFG_CHECKBOX,"Is Enabled",0,0};

   \                                 In segment CONFIG_C, align 4, align-sorted, root
      7          CFGVAR int IS_ENABLED=1;
   \                     IS_ENABLED:
   \   00000000   01000000           DC32 1
      8          

   \                                 In segment CONFIG_C, align 4, align-sorted, root
   \   00000000   07000000           DC32 7
   \   00000004   585920506F73       DC8 "XY Position"
   \              6974696F6E00
   \   00000010   000000000000       DC8 0, 0, 0, 0, 0, 0, 0, 0, 0, 0, 0, 0, 0, 0, 0, 0, 0, 0, 0, 0
   \              000000000000
   \              000000000000
   \              0000        
   \   00000024   000000000000       DC32 0, 0
   \              0000        
      9          CFGVAR CFG_HDR cfghdr1={CFG_COORDINATES,"XY Position",0,0};

   \                                 In segment CONFIG_C, align 4, align-sorted, root
     10          CFGVAR int X_POS=1;
   \                     X_POS:
   \   00000000   01000000           DC32 1

   \                                 In segment CONFIG_C, align 4, align-sorted, root
     11          CFGVAR int Y_POS=1;
   \                     Y_POS:
   \   00000000   01000000           DC32 1
     12          

   \                                 In segment CONFIG_C, align 4, align-sorted, root
   \   00000000   09000000           DC32 9
   \   00000004   536574757020       DC8 "Setup Colors"
   \              436F6C6F7273
   \              00          
   \   00000011   000000000000       DC8 0, 0, 0, 0, 0, 0, 0, 0, 0, 0, 0, 0, 0, 0, 0, 0, 0, 0, 0
   \              000000000000
   \              000000000000
   \              00          
   \   00000024   010000000000       DC32 1, 0
   \              0000        
     13          CFGVAR CFG_HDR cfghdr_2={CFG_LEVEL,"Setup Colors",1,0};

   \                                 In segment CONFIG_C, align 4, align-sorted, root
   \   00000000   0F000000           DC32 15
   \   00000004   4D6F6E69746F       DC8 "Monitor Pen Color"
   \              722050656E20
   \              436F6C6F7200
   \   00000016   000000000000       DC8 0, 0, 0, 0, 0, 0, 0, 0, 0, 0, 0, 0, 0, 0
   \              000000000000
   \              0000        
   \   00000024   000000000000       DC32 0, 0
   \              0000        
     14            CFGVAR CFG_HDR cfghdr3={CFG_COLOR_INT,"Monitor Pen Color",0,0};

   \                                 In segment CONFIG_C, align 4, align-sorted, root
     15            CFGVAR unsigned int PEN_COLOR=0xFF000000;
   \                     PEN_COLOR:
   \   00000000   000000FF           DC32 4278190080
     16          

   \                                 In segment CONFIG_C, align 4, align-sorted, root
   \   00000000   0F000000           DC32 15
   \   00000004   4D6F6E69746F       DC8 "Monitor Brush Color"
   \              722042727573
   \              6820436F6C6F
   \              7200        
   \   00000018   000000000000       DC8 0, 0, 0, 0, 0, 0, 0, 0, 0, 0, 0, 0
   \              000000000000
   \   00000024   000000000000       DC32 0, 0
   \              0000        
     17            CFGVAR CFG_HDR cfghdr4={CFG_COLOR_INT,"Monitor Brush Color",0,0};

   \                                 In segment CONFIG_C, align 4, align-sorted, root
     18            CFGVAR unsigned int BRUSH_COLOR=0xFFFFFFFF;
   \                     BRUSH_COLOR:
   \   00000000   FFFFFFFF           DC32 4294967295

   \                                 In segment CONFIG_C, align 4, align-sorted, root
   \   00000000   09000000           DC32 9
   \   00000004   00                 DC8 ""
   \   00000005   000000000000       DC8 0, 0, 0, 0, 0, 0, 0, 0, 0, 0, 0, 0, 0, 0, 0, 0
   \              000000000000
   \              00000000    
   \   00000015   000000000000       DC8 0, 0, 0, 0, 0, 0, 0, 0, 0, 0, 0, 0, 0, 0, 0
   \              000000000000
   \              000000      
   \   00000024   000000000000       DC32 0, 0
   \              0000        
     19          CFGVAR CFG_HDR cfghdr_5={CFG_LEVEL,"",0,0};
     20          

   \                                 In segment CONFIG_C, align 4, align-sorted, root
   \   00000000   05000000           DC32 5
   \   00000004   53686F7700         DC8 "Show"
   \   00000009   000000000000       DC8 0, 0, 0, 0, 0, 0, 0, 0, 0, 0, 0, 0, 0, 0, 0, 0
   \              000000000000
   \              00000000    
   \   00000019   000000000000       DC8 0, 0, 0, 0, 0, 0, 0, 0, 0, 0, 0
   \              0000000000  
   \   00000024   000000000300       DC32 0, 3
   \              0000        
     21          CFGVAR CFG_HDR cfghdr6={CFG_CBOX,"Show",0,3};

   \                                 In segment CONFIG_C, align 4, align-sorted, root
     22          CFGVAR int SHOW_IF_LOCKED=0;
   \                     SHOW_IF_LOCKED:
   \   00000000   00000000           DC32 0

   \                                 In segment CONFIG_C, align 4, align-sorted, root
   \   00000000   496620556E6C       DC8 "If Unlocked"
   \              6F636B656400
   \   0000000C   000000000000       DC8 0, 0, 0, 0, 0, 0, 0, 0, 0, 0, 0, 0, 0, 0, 0, 0, 0, 0, 0, 0
   \              000000000000
   \              000000000000
   \              0000        
   \   00000020   4966204C6F63       DC8 "If Locked"
   \              6B656400    
   \   0000002A   000000000000       DC8 0, 0, 0, 0, 0, 0, 0, 0, 0, 0, 0, 0, 0, 0, 0, 0, 0, 0, 0, 0, 0, 0
   \              000000000000
   \              000000000000
   \              00000000    
   \   00000040   416C77617973       DC8 "Always"
   \              00          
   \   00000047   000000000000       DC8 0, 0, 0, 0, 0, 0, 0, 0, 0, 0, 0, 0, 0, 0, 0, 0
   \              000000000000
   \              00000000    
   \   00000057   000000000000       DC8 0, 0, 0, 0, 0, 0, 0, 0, 0
   \              000000      
     23          CFGVAR CFG_CBOX_ITEM cfgcbox1[3]={"If Unlocked","If Locked","Always"};
     24          

   \                                 In segment CONFIG_C, align 4, align-sorted, root
   \   00000000   01000000           DC32 1
   \   00000004   526566726573       DC8 "Refresh Time"
   \              682054696D65
   \              00          
   \   00000011   000000000000       DC8 0, 0, 0, 0, 0, 0, 0, 0, 0, 0, 0, 0, 0, 0, 0, 0, 0, 0, 0
   \              000000000000
   \              000000000000
   \              00          
   \   00000024   000000001027       DC32 0, 10000
   \              0000        
     25          CFGVAR CFG_HDR cfghdr7={CFG_UINT,"Refresh Time",0,10000};

   \                                 In segment CONFIG_C, align 4, align-sorted, root
     26          CFGVAR unsigned int REFRESH_TIME=500;
   \                     REFRESH_TIME:
   \   00000000   F4010000           DC32 500
     27          

   \                                 In segment CONFIG_C, align 4, align-sorted, root
   \   00000000   12000000           DC32 18
   \   00000004   555446313600       DC8 "UTF16"
   \   0000000A   000000000000       DC8 0, 0, 0, 0, 0, 0, 0, 0, 0, 0, 0, 0, 0, 0, 0, 0
   \              000000000000
   \              00000000    
   \   0000001A   000000000000       DC8 0, 0, 0, 0, 0, 0, 0, 0, 0, 0
   \              00000000    
   \   00000024   00000000FF01       DC32 0, 511
   \              0000        
     28          CFGVAR CFG_HDR cfghdr81={CFG_UTF16_STRING,"UTF16",0,511};

   \                                 In segment CONFIG_C, align 4, align-sorted, root
     29          CFGVAR wchar_t  UTF16_TEST[512]=L"Превед16";
   \                     UTF16_TEST:
   \   00000000   1F0440043504       DC8 1FH, 4, 40H, 4, 35H, 4, 32H, 4
   \              3204        
   \   00000008   350434043100       DC8 35H, 4, 34H, 4, 31H, 0, 36H, 0
   \              3600        
   \   00000010   0000               DC8 0, 0
   \   00000012   000000000000       DC8 0, 0, 0, 0, 0, 0, 0, 0, 0, 0, 0, 0, 0, 0, 0, 0
   \              000000000000
   \              00000000    
   \   00000022   000000000000       DC8 0, 0, 0, 0, 0, 0, 0, 0, 0, 0, 0, 0, 0, 0, 0, 0
   \              000000000000
   \              00000000    
   \   00000032   000000000000       DC8 0, 0, 0, 0, 0, 0, 0, 0, 0, 0, 0, 0, 0, 0, 0, 0
   \              000000000000
   \              00000000    
   \   00000042   000000000000       DC8 0, 0, 0, 0, 0, 0, 0, 0, 0, 0, 0, 0, 0, 0, 0, 0
   \              000000000000
   \              00000000    
   \   00000052   000000000000       DC8 0, 0, 0, 0, 0, 0, 0, 0, 0, 0, 0, 0, 0, 0, 0, 0
   \              000000000000
   \              00000000    
   \   00000062   000000000000       DC8 0, 0, 0, 0, 0, 0, 0, 0, 0, 0, 0, 0, 0, 0, 0, 0
   \              000000000000
   \              00000000    
   \   00000072   000000000000       DC8 0, 0, 0, 0, 0, 0, 0, 0, 0, 0, 0, 0, 0, 0, 0, 0
   \              000000000000
   \              00000000    
   \   00000082   000000000000       DC8 0, 0, 0, 0, 0, 0, 0, 0, 0, 0, 0, 0, 0, 0, 0, 0
   \              000000000000
   \              00000000    
   \   00000092   000000000000       DC8 0, 0, 0, 0, 0, 0, 0, 0, 0, 0, 0, 0, 0, 0, 0, 0
   \              000000000000
   \              00000000    
   \   000000A2   000000000000       DC8 0, 0, 0, 0, 0, 0, 0, 0, 0, 0, 0, 0, 0, 0, 0, 0
   \              000000000000
   \              00000000    
   \   000000B2   000000000000       DC8 0, 0, 0, 0, 0, 0, 0, 0, 0, 0, 0, 0, 0, 0, 0, 0
   \              000000000000
   \              00000000    
   \   000000C2   000000000000       DC8 0, 0, 0, 0, 0, 0, 0, 0, 0, 0, 0, 0, 0, 0, 0, 0
   \              000000000000
   \              00000000    
   \   000000D2   000000000000       DC8 0, 0, 0, 0, 0, 0, 0, 0, 0, 0, 0, 0, 0, 0, 0, 0
   \              000000000000
   \              00000000    
   \   000000E2   000000000000       DC8 0, 0, 0, 0, 0, 0, 0, 0, 0, 0, 0, 0, 0, 0, 0, 0
   \              000000000000
   \              00000000    
   \   000000F2   000000000000       DC8 0, 0, 0, 0, 0, 0, 0, 0, 0, 0, 0, 0, 0, 0, 0, 0
   \              000000000000
   \              00000000    
   \   00000102   000000000000       DC8 0, 0, 0, 0, 0, 0, 0, 0, 0, 0, 0, 0, 0, 0, 0, 0
   \              000000000000
   \              00000000    
   \   00000112   000000000000       DC8 0, 0, 0, 0, 0, 0, 0, 0, 0, 0, 0, 0, 0, 0, 0, 0
   \              000000000000
   \              00000000    
   \   00000122   000000000000       DC8 0, 0, 0, 0, 0, 0, 0, 0, 0, 0, 0, 0, 0, 0, 0, 0
   \              000000000000
   \              00000000    
   \   00000132   000000000000       DC8 0, 0, 0, 0, 0, 0, 0, 0, 0, 0, 0, 0, 0, 0, 0, 0
   \              000000000000
   \              00000000    
   \   00000142   000000000000       DC8 0, 0, 0, 0, 0, 0, 0, 0, 0, 0, 0, 0, 0, 0, 0, 0
   \              000000000000
   \              00000000    
   \   00000152   000000000000       DC8 0, 0, 0, 0, 0, 0, 0, 0, 0, 0, 0, 0, 0, 0, 0, 0
   \              000000000000
   \              00000000    
   \   00000162   000000000000       DC8 0, 0, 0, 0, 0, 0, 0, 0, 0, 0, 0, 0, 0, 0, 0, 0
   \              000000000000
   \              00000000    
   \   00000172   000000000000       DC8 0, 0, 0, 0, 0, 0, 0, 0, 0, 0, 0, 0, 0, 0, 0, 0
   \              000000000000
   \              00000000    
   \   00000182   000000000000       DC8 0, 0, 0, 0, 0, 0, 0, 0, 0, 0, 0, 0, 0, 0, 0, 0
   \              000000000000
   \              00000000    
   \   00000192   000000000000       DC8 0, 0, 0, 0, 0, 0, 0, 0, 0, 0, 0, 0, 0, 0, 0, 0
   \              000000000000
   \              00000000    
   \   000001A2   000000000000       DC8 0, 0, 0, 0, 0, 0, 0, 0, 0, 0, 0, 0, 0, 0, 0, 0
   \              000000000000
   \              00000000    
   \   000001B2   000000000000       DC8 0, 0, 0, 0, 0, 0, 0, 0, 0, 0, 0, 0, 0, 0, 0, 0
   \              000000000000
   \              00000000    
   \   000001C2   000000000000       DC8 0, 0, 0, 0, 0, 0, 0, 0, 0, 0, 0, 0, 0, 0, 0, 0
   \              000000000000
   \              00000000    
   \   000001D2   000000000000       DC8 0, 0, 0, 0, 0, 0, 0, 0, 0, 0, 0, 0, 0, 0, 0, 0
   \              000000000000
   \              00000000    
   \   000001E2   000000000000       DC8 0, 0, 0, 0, 0, 0, 0, 0, 0, 0, 0, 0, 0, 0, 0, 0
   \              000000000000
   \              00000000    
   \   000001F2   000000000000       DC8 0, 0, 0, 0, 0, 0, 0, 0, 0, 0, 0, 0, 0, 0, 0, 0
   \              000000000000
   \              00000000    
   \   00000202   000000000000       DC8 0, 0, 0, 0, 0, 0, 0, 0, 0, 0, 0, 0, 0, 0, 0, 0
   \              000000000000
   \              00000000    
   \   00000212   000000000000       DC8 0, 0, 0, 0, 0, 0, 0, 0, 0, 0, 0, 0, 0, 0, 0, 0
   \              000000000000
   \              00000000    
   \   00000222   000000000000       DC8 0, 0, 0, 0, 0, 0, 0, 0, 0, 0, 0, 0, 0, 0, 0, 0
   \              000000000000
   \              00000000    
   \   00000232   000000000000       DC8 0, 0, 0, 0, 0, 0, 0, 0, 0, 0, 0, 0, 0, 0, 0, 0
   \              000000000000
   \              00000000    
   \   00000242   000000000000       DC8 0, 0, 0, 0, 0, 0, 0, 0, 0, 0, 0, 0, 0, 0, 0, 0
   \              000000000000
   \              00000000    
   \   00000252   000000000000       DC8 0, 0, 0, 0, 0, 0, 0, 0, 0, 0, 0, 0, 0, 0, 0, 0
   \              000000000000
   \              00000000    
   \   00000262   000000000000       DC8 0, 0, 0, 0, 0, 0, 0, 0, 0, 0, 0, 0, 0, 0, 0, 0
   \              000000000000
   \              00000000    
   \   00000272   000000000000       DC8 0, 0, 0, 0, 0, 0, 0, 0, 0, 0, 0, 0, 0, 0, 0, 0
   \              000000000000
   \              00000000    
   \   00000282   000000000000       DC8 0, 0, 0, 0, 0, 0, 0, 0, 0, 0, 0, 0, 0, 0, 0, 0
   \              000000000000
   \              00000000    
   \   00000292   000000000000       DC8 0, 0, 0, 0, 0, 0, 0, 0, 0, 0, 0, 0, 0, 0, 0, 0
   \              000000000000
   \              00000000    
   \   000002A2   000000000000       DC8 0, 0, 0, 0, 0, 0, 0, 0, 0, 0, 0, 0, 0, 0, 0, 0
   \              000000000000
   \              00000000    
   \   000002B2   000000000000       DC8 0, 0, 0, 0, 0, 0, 0, 0, 0, 0, 0, 0, 0, 0, 0, 0
   \              000000000000
   \              00000000    
   \   000002C2   000000000000       DC8 0, 0, 0, 0, 0, 0, 0, 0, 0, 0, 0, 0, 0, 0, 0, 0
   \              000000000000
   \              00000000    
   \   000002D2   000000000000       DC8 0, 0, 0, 0, 0, 0, 0, 0, 0, 0, 0, 0, 0, 0, 0, 0
   \              000000000000
   \              00000000    
   \   000002E2   000000000000       DC8 0, 0, 0, 0, 0, 0, 0, 0, 0, 0, 0, 0, 0, 0, 0, 0
   \              000000000000
   \              00000000    
   \   000002F2   000000000000       DC8 0, 0, 0, 0, 0, 0, 0, 0, 0, 0, 0, 0, 0, 0, 0, 0
   \              000000000000
   \              00000000    
   \   00000302   000000000000       DC8 0, 0, 0, 0, 0, 0, 0, 0, 0, 0, 0, 0, 0, 0, 0, 0
   \              000000000000
   \              00000000    
   \   00000312   000000000000       DC8 0, 0, 0, 0, 0, 0, 0, 0, 0, 0, 0, 0, 0, 0, 0, 0
   \              000000000000
   \              00000000    
   \   00000322   000000000000       DC8 0, 0, 0, 0, 0, 0, 0, 0, 0, 0, 0, 0, 0, 0, 0, 0
   \              000000000000
   \              00000000    
   \   00000332   000000000000       DC8 0, 0, 0, 0, 0, 0, 0, 0, 0, 0, 0, 0, 0, 0, 0, 0
   \              000000000000
   \              00000000    
   \   00000342   000000000000       DC8 0, 0, 0, 0, 0, 0, 0, 0, 0, 0, 0, 0, 0, 0, 0, 0
   \              000000000000
   \              00000000    
   \   00000352   000000000000       DC8 0, 0, 0, 0, 0, 0, 0, 0, 0, 0, 0, 0, 0, 0, 0, 0
   \              000000000000
   \              00000000    
   \   00000362   000000000000       DC8 0, 0, 0, 0, 0, 0, 0, 0, 0, 0, 0, 0, 0, 0, 0, 0
   \              000000000000
   \              00000000    
   \   00000372   000000000000       DC8 0, 0, 0, 0, 0, 0, 0, 0, 0, 0, 0, 0, 0, 0, 0, 0
   \              000000000000
   \              00000000    
   \   00000382   000000000000       DC8 0, 0, 0, 0, 0, 0, 0, 0, 0, 0, 0, 0, 0, 0, 0, 0
   \              000000000000
   \              00000000    
   \   00000392   000000000000       DC8 0, 0, 0, 0, 0, 0, 0, 0, 0, 0, 0, 0, 0, 0, 0, 0
   \              000000000000
   \              00000000    
   \   000003A2   000000000000       DC8 0, 0, 0, 0, 0, 0, 0, 0, 0, 0, 0, 0, 0, 0, 0, 0
   \              000000000000
   \              00000000    
   \   000003B2   000000000000       DC8 0, 0, 0, 0, 0, 0, 0, 0, 0, 0, 0, 0, 0, 0, 0, 0
   \              000000000000
   \              00000000    
   \   000003C2   000000000000       DC8 0, 0, 0, 0, 0, 0, 0, 0, 0, 0, 0, 0, 0, 0, 0, 0
   \              000000000000
   \              00000000    
   \   000003D2   000000000000       DC8 0, 0, 0, 0, 0, 0, 0, 0, 0, 0, 0, 0, 0, 0, 0, 0
   \              000000000000
   \              00000000    
   \   000003E2   000000000000       DC8 0, 0, 0, 0, 0, 0, 0, 0, 0, 0, 0, 0, 0, 0, 0, 0
   \              000000000000
   \              00000000    
   \   000003F2   000000000000       DC8 0, 0, 0, 0, 0, 0, 0, 0, 0, 0, 0, 0, 0, 0
   \              000000000000
   \              0000        
     30          

   \                                 In segment CONFIG_C, align 4, align-sorted, root
   \   00000000   03000000           DC32 3
   \   00000004   5369676E6564       DC8 "Signed int test"
   \              20696E742074
   \              65737400    
   \   00000014   000000000000       DC8 0, 0, 0, 0, 0, 0, 0, 0, 0, 0, 0, 0, 0, 0, 0, 0
   \              000000000000
   \              00000000    
   \   00000024   9CFFFFFF6400       DC32 4294967196, 100
   \              0000        
     31          CFGVAR CFG_HDR cfghdr8={CFG_INT,"Signed int test",-100,100};

   \                                 In segment CONFIG_C, align 4, align-sorted, root
     32          CFGVAR int INT_TEST=0;
   \                     INT_TEST:
   \   00000000   00000000           DC32 0
     33          

   \                                 In segment CONFIG_C, align 4, align-sorted, root
   \   00000000   04000000           DC32 4
   \   00000004   D0F3F1F1EAE8       DC8 "Русские символы"
   \              E520F1E8ECE2
   \              EEEBFB00    
   \   00000014   000000000000       DC8 0, 0, 0, 0, 0, 0, 0, 0, 0, 0, 0, 0, 0, 0, 0, 0
   \              000000000000
   \              00000000    
   \   00000024   000000003F00       DC32 0, 63
   \              0000        
     34          CFGVAR CFG_HDR cfghdr9={CFG_STR_WIN1251,"Русские символы",0,63};

   \                                 In segment CONFIG_C, align 4, align-sorted, root
     35          CFGVAR char WIN_TEST[64]="Превед";
   \                     WIN_TEST:
   \   00000000   CFF0E5E2E5E4       DC8 "Превед"
   \              00          
   \   00000007   000000000000       DC8 0, 0, 0, 0, 0, 0, 0, 0, 0, 0, 0, 0, 0, 0, 0, 0
   \              000000000000
   \              00000000    
   \   00000017   000000000000       DC8 0, 0, 0, 0, 0, 0, 0, 0, 0, 0, 0, 0, 0, 0, 0, 0
   \              000000000000
   \              00000000    
   \   00000027   000000000000       DC8 0, 0, 0, 0, 0, 0, 0, 0, 0, 0, 0, 0, 0, 0, 0, 0
   \              000000000000
   \              00000000    
   \   00000037   000000000000       DC8 0, 0, 0, 0, 0, 0, 0, 0, 0
   \              000000      
     36          

   \                                 In segment CONFIG_C, align 4, align-sorted, root
   \   00000000   06000000           DC32 6
   \   00000004   506173735374       DC8 "PassStr test"
   \              722074657374
   \              00          
   \   00000011   000000000000       DC8 0, 0, 0, 0, 0, 0, 0, 0, 0, 0, 0, 0, 0, 0, 0, 0, 0, 0, 0
   \              000000000000
   \              000000000000
   \              00          
   \   00000024   000000003F00       DC32 0, 63
   \              0000        
     37          CFGVAR CFG_HDR cfghdr10={CFG_STR_PASS,"PassStr test",0,63};

   \                                 In segment CONFIG_C, align 4, align-sorted, root
     38          CFGVAR char PASS_TEST[64]="Парол";
   \                     PASS_TEST:
   \   00000000   CFE0F0EEEB00       DC8 "Парол"
   \   00000006   000000000000       DC8 0, 0, 0, 0, 0, 0, 0, 0, 0, 0, 0, 0, 0, 0, 0, 0
   \              000000000000
   \              00000000    
   \   00000016   000000000000       DC8 0, 0, 0, 0, 0, 0, 0, 0, 0, 0, 0, 0, 0, 0, 0, 0
   \              000000000000
   \              00000000    
   \   00000026   000000000000       DC8 0, 0, 0, 0, 0, 0, 0, 0, 0, 0, 0, 0, 0, 0, 0, 0
   \              000000000000
   \              00000000    
   \   00000036   000000000000       DC8 0, 0, 0, 0, 0, 0, 0, 0, 0, 0
   \              00000000    
     39          

   \                                 In segment CONFIG_C, align 4, align-sorted, root
   \   00000000   0C000000           DC32 12
   \   00000004   54696D652074       DC8 "Time test"
   \              65737400    
   \   0000000E   000000000000       DC8 0, 0, 0, 0, 0, 0, 0, 0, 0, 0, 0, 0, 0, 0, 0, 0, 0, 0, 0, 0, 0, 0
   \              000000000000
   \              000000000000
   \              00000000    
   \   00000024   000000000000       DC32 0, 0
   \              0000        
     40          CFGVAR CFG_HDR cfghdr11={CFG_TIME,"Time test",0,0};

   \                                 In segment CONFIG_C, align 4, align-sorted, root
   \   00000000   170B0300           DC8 23, 11, 3, 0
     41          CFGVAR TIME MY_TIME={23,11,3};
     42          

   \                                 In segment CONFIG_C, align 4, align-sorted, root
   \   00000000   0D000000           DC32 13
   \   00000004   446174652074       DC8 "Date test"
   \              65737400    
   \   0000000E   000000000000       DC8 0, 0, 0, 0, 0, 0, 0, 0, 0, 0, 0, 0, 0, 0, 0, 0, 0, 0, 0, 0, 0, 0
   \              000000000000
   \              000000000000
   \              00000000    
   \   00000024   000000000000       DC32 0, 0
   \              0000        
     43          CFGVAR CFG_HDR cfghdr12={CFG_DATE,"Date test",0,0};

   \                                 In segment CONFIG_C, align 4, align-sorted, root
   \   00000000   C407               DC16 1988
   \   00000002   0A04               DC8 10, 4
     44          CFGVAR DATE MY_DATE={1988,10,4};
     45          

   \                                 In segment CONFIG_C, align 4, align-sorted, root
   \   00000000   10000000           DC32 16
   \   00000004   466F6E742074       DC8 "Font test"
   \              65737400    
   \   0000000E   000000000000       DC8 0, 0, 0, 0, 0, 0, 0, 0, 0, 0, 0, 0, 0, 0, 0, 0, 0, 0, 0, 0, 0, 0
   \              000000000000
   \              000000000000
   \              00000000    
   \   00000024   000000000000       DC32 0, 0
   \              0000        
     46          CFGVAR CFG_HDR cfghdr13={CFG_FONT,"Font test",0,0};

   \                                 In segment CONFIG_C, align 4, align-sorted, root
     47          CFGVAR int FONT=0;
   \                     FONT:
   \   00000000   00000000           DC32 0
     48          

   \                                 In segment CONFIG_C, align 4, align-sorted, root
   \   00000000   11000000           DC32 17
   \   00000004   D2E5F1F220EA       DC8 "Тест клавиши"
   \              EBE0E2E8F8E8
   \              00          
   \   00000011   000000000000       DC8 0, 0, 0, 0, 0, 0, 0, 0, 0, 0, 0, 0, 0, 0, 0, 0, 0, 0, 0
   \              000000000000
   \              000000000000
   \              00          
   \   00000024   000000000000       DC32 0, 0
   \              0000        
     49          CFGVAR CFG_HDR cfghdr14={CFG_KEYCODE,"Тест клавиши",0,0};

   \                                 In segment CONFIG_C, align 4, align-sorted, root
     50          CFGVAR int KEY=0;
   \                     KEY:
   \   00000000   00000000           DC32 0

   \                                 In segment CONFIG_C, align 4, align-sorted, root
     51          CFGVAR int KEYMODE=0;
   \                     KEYMODE:
   \   00000000   00000000           DC32 0
     52          

   \                                 In segment CONFIG_C, align 4, align-sorted, root
   \   00000000   0E000000           DC32 14
   \   00000004   526563742054       DC8 "Rect Test"
   \              65737400    
   \   0000000E   000000000000       DC8 0, 0, 0, 0, 0, 0, 0, 0, 0, 0, 0, 0, 0, 0, 0, 0, 0, 0, 0, 0, 0, 0
   \              000000000000
   \              000000000000
   \              00000000    
   \   00000024   000000000000       DC32 0, 0
   \              0000        
     53          CFGVAR CFG_HDR cfghdr134={CFG_RECT,"Rect Test",0,0};

   \                                 In segment CONFIG_C, align 4, align-sorted, root
   \   00000000   500078003200       DC16 80, 120, 50, 100
   \              6400        
     54          CFGVAR RECT rc={80,120,50,100};


   Segment part sizes:

     Function/Label Bytes
     -------------- -----
     cfghdr0          44
     IS_ENABLED        4
     cfghdr1          44
     X_POS             4
     Y_POS             4
     cfghdr_2         44
     cfghdr3          44
     PEN_COLOR         4
     cfghdr4          44
     BRUSH_COLOR       4
     cfghdr_5         44
     cfghdr6          44
     SHOW_IF_LOCKED    4
     cfgcbox1         96
     cfghdr7          44
     REFRESH_TIME      4
     cfghdr81         44
     UTF16_TEST     1024
     cfghdr8          44
     INT_TEST          4
     cfghdr9          44
     WIN_TEST         64
     cfghdr10         44
     PASS_TEST        64
     cfghdr11         44
     MY_TIME           4
     cfghdr12         44
     MY_DATE           4
     cfghdr13         44
     FONT              4
     cfghdr14         44
     KEY               4
     KEYMODE           4
     cfghdr134        44
     rc                8

 
 2 056 bytes in segment CONFIG_C
 
 2 056 bytes of CONST memory

Errors: none
Warnings: 1
