##############################################################################
#                                                                            #
# IAR ARM ANSI C/C++ Compiler V4.42A/W32 EVALUATION    10/Jun/2013  22:46:40 #
# Copyright 1999-2005 IAR Systems. All rights reserved.                      #
#                                                                            #
#    Cpu mode        =  interwork                                            #
#    Endian          =  little                                               #
#    Stack alignment =  4                                                    #
#    Source file     =  Z:\home\perk11\www\perk11.info\svn\SE\mcse\config_da #
#                       ta.c                                                 #
#    Command line    =  Z:\home\perk11\www\perk11.info\svn\SE\mcse\config_da #
#                       ta.c -D NDEBUG -lCN Z:\home\perk11\www\perk11.info\s #
#                       vn\SE\mcse\Release\List\ -la                         #
#                       Z:\home\perk11\www\perk11.info\svn\SE\mcse\Release\L #
#                       ist\ -o Z:\home\perk11\www\perk11.info\svn\SE\mcse\R #
#                       elease\Obj\ -s9 --no_unroll --no_code_motion         #
#                       --cpu_mode arm --endian little --cpu ARM926EJ-S      #
#                       --stack_align 4 --interwork -e --fpu None --eec++    #
#                       --dlib_config Z:\home\perk11\IAR2\arm\LIB\dl5tpainl8 #
#                       n.h --segment code=CONFIG --segment data=CONFIG      #
#                       --preinclude Z:\home\perk11\www\perk11.info\svn\SE\m #
#                       cse\..\deleaker\mem2.h -I                            #
#                       Z:\home\perk11\IAR2\arm\INC\ --inline_threshold=2    #
#    List file       =  Z:\home\perk11\www\perk11.info\svn\SE\mcse\Release\L #
#                       ist\config_data.lst                                  #
#    Object file     =  Z:\home\perk11\www\perk11.info\svn\SE\mcse\Release\O #
#                       bj\config_data.r79                                   #
#                                                                            #
#                                                                            #
##############################################################################

Z:\home\perk11\www\perk11.info\svn\SE\mcse\config_data.c
      1          #include "..\\include\cfg_items.h"
      2          #include "inc\config_data.h"
      3          #include "inc\lng.h"
      4          
      5          #pragma diag_suppress=Pe177
      6          

   \                                 In segment CONFIG_C, align 4, align-sorted, root
   \   00000000   09000000           DC32 9
   \   00000004   436F6D6D6F6E       DC8 "Common"
   \              00          
   \   0000000B   000000000000       DC8 0, 0, 0, 0, 0, 0, 0, 0, 0, 0, 0, 0, 0, 0, 0, 0
   \              000000000000
   \              00000000    
   \   0000001B   000000000000       DC8 0, 0, 0, 0, 0, 0, 0, 0, 0
   \              000000      
   \   00000024   010000000000       DC32 1, 0
   \              0000        
      7          __root const CFG_HDR cfghdr_m00 = { CFG_LEVEL, psz_sm_common, 1, 0 };
      8          

   \                                 In segment CONFIG_C, align 4, align-sorted, root
   \   00000000   05000000           DC32 5
   \   00000004   53617665206C       DC8 "Save last panels state"
   \              617374207061
   \              6E656C732073
   \              7461746500  
   \   0000001B   000000000000       DC8 0, 0, 0, 0, 0, 0, 0, 0, 0
   \              000000      
   \   00000024   000000000200       DC32 0, 2
   \              0000        
      9            __root const CFG_HDR cfghdr0 = { CFG_CBOX, psz_savestate, 0, 2 };

   \                                 In segment CONFIG_C, align 4, align-sorted, root
     10            __root const int CONFIG_SAVE_PATH = 1;
   \                     CONFIG_SAVE_PATH:
   \   00000000   01000000           DC32 1

   \                                 In segment CONFIG_C, align 4, align-sorted, root
   \   00000000   4E6F00             DC8 "No"
   \   00000003   000000000000       DC8 0, 0, 0, 0, 0, 0, 0, 0, 0, 0, 0, 0, 0, 0, 0, 0
   \              000000000000
   \              00000000    
   \   00000013   000000000000       DC8 0, 0, 0, 0, 0, 0, 0, 0, 0, 0, 0, 0, 0
   \              000000000000
   \              00          
   \   00000020   59657300           DC8 "Yes"
   \   00000024   000000000000       DC8 0, 0, 0, 0, 0, 0, 0, 0, 0, 0, 0, 0, 0, 0, 0, 0
   \              000000000000
   \              00000000    
   \   00000034   000000000000       DC8 0, 0, 0, 0, 0, 0, 0, 0, 0, 0, 0, 0
   \              000000000000
     11            __root const CFG_CBOX_ITEM cfgcbox0[] = { psz_no, psz_yes };
     12          

   \                                 In segment CONFIG_C, align 4, align-sorted, root
   \   00000000   05000000           DC32 5
   \   00000004   4261636B2069       DC8 "Back in root - Exit"
   \              6E20726F6F74
   \              202D20457869
   \              7400        
   \   00000018   000000000000       DC8 0, 0, 0, 0, 0, 0, 0, 0, 0, 0, 0, 0
   \              000000000000
   \   00000024   000000000200       DC32 0, 2
   \              0000        
     13            __root const CFG_HDR cfghdr1 = { CFG_CBOX, psz_backexit, 0, 2 };

   \                                 In segment CONFIG_C, align 4, align-sorted, root
     14            __root const int CONFIG_BACK_EXIT = 0;
   \                     CONFIG_BACK_EXIT:
   \   00000000   00000000           DC32 0

   \                                 In segment CONFIG_C, align 4, align-sorted, root
   \   00000000   4E6F00             DC8 "No"
   \   00000003   000000000000       DC8 0, 0, 0, 0, 0, 0, 0, 0, 0, 0, 0, 0, 0, 0, 0, 0
   \              000000000000
   \              00000000    
   \   00000013   000000000000       DC8 0, 0, 0, 0, 0, 0, 0, 0, 0, 0, 0, 0, 0
   \              000000000000
   \              00          
   \   00000020   59657300           DC8 "Yes"
   \   00000024   000000000000       DC8 0, 0, 0, 0, 0, 0, 0, 0, 0, 0, 0, 0, 0, 0, 0, 0
   \              000000000000
   \              00000000    
   \   00000034   000000000000       DC8 0, 0, 0, 0, 0, 0, 0, 0, 0, 0, 0, 0
   \              000000000000
     15            __root const CFG_CBOX_ITEM cfgcbox1[] = { psz_no, psz_yes };
     16          

   \                                 In segment CONFIG_C, align 4, align-sorted, root
   \   00000000   05000000           DC32 5
   \   00000004   4D6F76652063       DC8 "Move cursor down on check"
   \              7572736F7220
   \              646F776E206F
   \              6E2063686563
   \              6B00        
   \   0000001E   000000000000       DC8 0, 0, 0, 0, 0, 0
   \   00000024   000000000200       DC32 0, 2
   \              0000        
     17            __root const CFG_HDR cfghdr2 = { CFG_CBOX, psz_sconchk, 0, 2 };

   \                                 In segment CONFIG_C, align 4, align-sorted, root
     18            __root const int CONFIG_CUR_DOWN_ON_CHECK = 1;
   \                     CONFIG_CUR_DOWN_ON_CHECK:
   \   00000000   01000000           DC32 1

   \                                 In segment CONFIG_C, align 4, align-sorted, root
   \   00000000   4E6F00             DC8 "No"
   \   00000003   000000000000       DC8 0, 0, 0, 0, 0, 0, 0, 0, 0, 0, 0, 0, 0, 0, 0, 0
   \              000000000000
   \              00000000    
   \   00000013   000000000000       DC8 0, 0, 0, 0, 0, 0, 0, 0, 0, 0, 0, 0, 0
   \              000000000000
   \              00          
   \   00000020   59657300           DC8 "Yes"
   \   00000024   000000000000       DC8 0, 0, 0, 0, 0, 0, 0, 0, 0, 0, 0, 0, 0, 0, 0, 0
   \              000000000000
   \              00000000    
   \   00000034   000000000000       DC8 0, 0, 0, 0, 0, 0, 0, 0, 0, 0, 0, 0
   \              000000000000
     19            __root const CFG_CBOX_ITEM cfgcbox2[] = { psz_no, psz_yes };
     20          

   \                                 In segment CONFIG_C, align 4, align-sorted, root
   \   00000000   05000000           DC32 5
   \   00000004   456E61626C65       DC8 "Enable loop navigation"
   \              206C6F6F7020
   \              6E6176696761
   \              74696F6E00  
   \   0000001B   000000000000       DC8 0, 0, 0, 0, 0, 0, 0, 0, 0
   \              000000      
   \   00000024   000000000200       DC32 0, 2
   \              0000        
     21            __root const CFG_HDR cfghdr3 = { CFG_CBOX, psz_loopnav, 0, 2 };

   \                                 In segment CONFIG_C, align 4, align-sorted, root
     22            __root const int CONFIG_LOOP_NAVIGATION_ENABLE = 1;
   \                     CONFIG_LOOP_NAVIGATION_ENABLE:
   \   00000000   01000000           DC32 1

   \                                 In segment CONFIG_C, align 4, align-sorted, root
   \   00000000   4E6F00             DC8 "No"
   \   00000003   000000000000       DC8 0, 0, 0, 0, 0, 0, 0, 0, 0, 0, 0, 0, 0, 0, 0, 0
   \              000000000000
   \              00000000    
   \   00000013   000000000000       DC8 0, 0, 0, 0, 0, 0, 0, 0, 0, 0, 0, 0, 0
   \              000000000000
   \              00          
   \   00000020   59657300           DC8 "Yes"
   \   00000024   000000000000       DC8 0, 0, 0, 0, 0, 0, 0, 0, 0, 0, 0, 0, 0, 0, 0, 0
   \              000000000000
   \              00000000    
   \   00000034   000000000000       DC8 0, 0, 0, 0, 0, 0, 0, 0, 0, 0, 0, 0
   \              000000000000
     23            __root const CFG_CBOX_ITEM cfgcbox3[] = { psz_no, psz_yes };
     24            

   \                                 In segment CONFIG_C, align 4, align-sorted, root
   \   00000000   05000000           DC32 5
   \   00000004   53686F772072       DC8 "Show root folder"
   \              6F6F7420666F
   \              6C64657200  
   \   00000015   000000000000       DC8 0, 0, 0, 0, 0, 0, 0, 0, 0, 0, 0, 0, 0, 0, 0
   \              000000000000
   \              000000      
   \   00000024   000000000200       DC32 0, 2
   \              0000        
     25            __root const CFG_HDR cfghdr34 = { CFG_CBOX, "Show root folder", 0, 2 };

   \                                 In segment CONFIG_C, align 4, align-sorted, root
     26            __root const int SHOW_ROOT_FOLDER = 1;
   \                     SHOW_ROOT_FOLDER:
   \   00000000   01000000           DC32 1

   \                                 In segment CONFIG_C, align 4, align-sorted, root
   \   00000000   4E6F00             DC8 "No"
   \   00000003   000000000000       DC8 0, 0, 0, 0, 0, 0, 0, 0, 0, 0, 0, 0, 0, 0, 0, 0
   \              000000000000
   \              00000000    
   \   00000013   000000000000       DC8 0, 0, 0, 0, 0, 0, 0, 0, 0, 0, 0, 0, 0
   \              000000000000
   \              00          
   \   00000020   59657300           DC8 "Yes"
   \   00000024   000000000000       DC8 0, 0, 0, 0, 0, 0, 0, 0, 0, 0, 0, 0, 0, 0, 0, 0
   \              000000000000
   \              00000000    
   \   00000034   000000000000       DC8 0, 0, 0, 0, 0, 0, 0, 0, 0, 0, 0, 0
   \              000000000000
     27            __root const CFG_CBOX_ITEM cfgcbox34[] = { psz_no, psz_yes }; 

   \                                 In segment CONFIG_C, align 4, align-sorted, root
   \   00000000   09000000           DC32 9
   \   00000004   00                 DC8 ""
   \   00000005   000000000000       DC8 0, 0, 0, 0, 0, 0, 0, 0, 0, 0, 0, 0, 0, 0, 0, 0
   \              000000000000
   \              00000000    
   \   00000015   000000000000       DC8 0, 0, 0, 0, 0, 0, 0, 0, 0, 0, 0, 0, 0, 0, 0
   \              000000000000
   \              000000      
   \   00000024   000000000000       DC32 0, 0
   \              0000        
     28          __root const CFG_HDR cfghdr_m01 = { CFG_LEVEL, "", 0, 0 };
     29          
     30          

   \                                 In segment CONFIG_C, align 4, align-sorted, root
   \   00000000   09000000           DC32 9
   \   00000004   466F6E742073       DC8 "Font setup"
   \              6574757000  
   \   0000000F   000000000000       DC8 0, 0, 0, 0, 0, 0, 0, 0, 0, 0, 0, 0, 0, 0, 0, 0, 0, 0, 0, 0, 0
   \              000000000000
   \              000000000000
   \              000000      
   \   00000024   010000000000       DC32 1, 0
   \              0000        
     31          __root const CFG_HDR cfghdr_m05 = { CFG_LEVEL, "Font setup", 1, 0 };
     32          

   \                                 In segment CONFIG_C, align 4, align-sorted, root
   \   00000000   10000000           DC32 16
   \   00000004   466F6E742066       DC8 "Font files"
   \              696C657300  
   \   0000000F   000000000000       DC8 0, 0, 0, 0, 0, 0, 0, 0, 0, 0, 0, 0, 0, 0, 0, 0, 0, 0, 0, 0, 0
   \              000000000000
   \              000000000000
   \              000000      
   \   00000024   000000000200       DC32 0, 2
   \              0000        
     33            __root const CFG_HDR cfghdr050 = { CFG_FONT, "Font files", 0, 2 };

   \                                 In segment CONFIG_C, align 4, align-sorted, root
     34            __root const int CONFIG_FONT_FILES = 0x35;
   \                     CONFIG_FONT_FILES:
   \   00000000   35000000           DC32 53
     35          

   \                                 In segment CONFIG_C, align 4, align-sorted, root
   \   00000000   10000000           DC32 16
   \   00000004   466F6E74206F       DC8 "Font other"
   \              7468657200  
   \   0000000F   000000000000       DC8 0, 0, 0, 0, 0, 0, 0, 0, 0, 0, 0, 0, 0, 0, 0, 0, 0, 0, 0, 0, 0
   \              000000000000
   \              000000000000
   \              000000      
   \   00000024   000000000200       DC32 0, 2
   \              0000        
     36            __root const CFG_HDR cfghdr051 = { CFG_FONT, "Font other", 0, 2 };

   \                                 In segment CONFIG_C, align 4, align-sorted, root
     37            __root const int CONFIG_FONT_HEADER = 0x35;
   \                     CONFIG_FONT_HEADER:
   \   00000000   35000000           DC32 53
     38                  

   \                                 In segment CONFIG_C, align 4, align-sorted, root
   \   00000000   10000000           DC32 16
   \   00000004   466F6E742061       DC8 "Font attributes"
   \              747472696275
   \              74657300    
   \   00000014   000000000000       DC8 0, 0, 0, 0, 0, 0, 0, 0, 0, 0, 0, 0, 0, 0, 0, 0
   \              000000000000
   \              00000000    
   \   00000024   000000000200       DC32 0, 2
   \              0000        
     39            __root const CFG_HDR cfghdr052 = { CFG_FONT, "Font attributes", 0, 2 };

   \                                 In segment CONFIG_C, align 4, align-sorted, root
     40            __root const int CONFIG_FONT_ATTR = 0x35;
   \                     CONFIG_FONT_ATTR:
   \   00000000   35000000           DC32 53
     41                  

   \                                 In segment CONFIG_C, align 4, align-sorted, root
   \   00000000   09000000           DC32 9
   \   00000004   00                 DC8 ""
   \   00000005   000000000000       DC8 0, 0, 0, 0, 0, 0, 0, 0, 0, 0, 0, 0, 0, 0, 0, 0
   \              000000000000
   \              00000000    
   \   00000015   000000000000       DC8 0, 0, 0, 0, 0, 0, 0, 0, 0, 0, 0, 0, 0, 0, 0
   \              000000000000
   \              000000      
   \   00000024   000000000000       DC32 0, 0
   \              0000        
     42          __root const CFG_HDR cfghdr_m06 = { CFG_LEVEL, "", 0, 0 };
     43          
     44          

   \                                 In segment CONFIG_C, align 4, align-sorted, root
   \   00000000   09000000           DC32 9
   \   00000004   47554900           DC8 "GUI"
   \   00000008   000000000000       DC8 0, 0, 0, 0, 0, 0, 0, 0, 0, 0, 0, 0, 0, 0, 0, 0
   \              000000000000
   \              00000000    
   \   00000018   000000000000       DC8 0, 0, 0, 0, 0, 0, 0, 0, 0, 0, 0, 0
   \              000000000000
   \   00000024   010000000000       DC32 1, 0
   \              0000        
     45          __root const CFG_HDR cfghdr_m10 = { CFG_LEVEL, psz_sm_gui, 1, 0 };
     46          

   \                                 In segment CONFIG_C, align 4, align-sorted, root
   \   00000000   01000000           DC32 1
   \   00000004   546578742073       DC8 "Text scroll speed"
   \              63726F6C6C20
   \              737065656400
   \   00000016   000000000000       DC8 0, 0, 0, 0, 0, 0, 0, 0, 0, 0, 0, 0, 0, 0
   \              000000000000
   \              0000        
   \   00000024   00000000D007       DC32 0, 2000
   \              0000        
     47            __root const CFG_HDR cfghdr4 = { CFG_UINT, psz_scspeed, 0, 2000 };

   \                                 In segment CONFIG_C, align 4, align-sorted, root
     48            __root const int CONFIG_SCROLL_TEXT_SPEED = 50;
   \                     CONFIG_SCROLL_TEXT_SPEED:
   \   00000000   32000000           DC32 50
     49          

   \                                 In segment CONFIG_C, align 4, align-sorted, root
   \   00000000   01000000           DC32 1
   \   00000004   546578742073       DC8 "Text scroll wait"
   \              63726F6C6C20
   \              7761697400  
   \   00000015   000000000000       DC8 0, 0, 0, 0, 0, 0, 0, 0, 0, 0, 0, 0, 0, 0, 0
   \              000000000000
   \              000000      
   \   00000024   00000000C800       DC32 0, 200
   \              0000        
     50            __root const CFG_HDR cfghdr5 = { CFG_UINT, psz_scwait, 0, 200 };

   \                                 In segment CONFIG_C, align 4, align-sorted, root
     51            __root const int CONFIG_SCROLL_TEXT_WAIT = 400;
   \                     CONFIG_SCROLL_TEXT_WAIT:
   \   00000000   90010000           DC32 400
     52          

   \                                 In segment CONFIG_C, align 4, align-sorted, root
   \   00000000   05000000           DC32 5
   \   00000004   55736520626F       DC8 "Use bold font"
   \              6C6420666F6E
   \              7400        
   \   00000012   000000000000       DC8 0, 0, 0, 0, 0, 0, 0, 0, 0, 0, 0, 0, 0, 0, 0, 0, 0, 0
   \              000000000000
   \              000000000000
   \   00000024   000000000200       DC32 0, 2
   \              0000        
     53            __root const CFG_HDR cfghdr6 = { CFG_CBOX, psz_useboldf, 0, 2 };

   \                                 In segment CONFIG_C, align 4, align-sorted, root
     54            __root const int CONFIG_USE_BOLD_FONT = 1;
   \                     CONFIG_USE_BOLD_FONT:
   \   00000000   01000000           DC32 1

   \                                 In segment CONFIG_C, align 4, align-sorted, root
   \   00000000   4E6F00             DC8 "No"
   \   00000003   000000000000       DC8 0, 0, 0, 0, 0, 0, 0, 0, 0, 0, 0, 0, 0, 0, 0, 0
   \              000000000000
   \              00000000    
   \   00000013   000000000000       DC8 0, 0, 0, 0, 0, 0, 0, 0, 0, 0, 0, 0, 0
   \              000000000000
   \              00          
   \   00000020   59657300           DC8 "Yes"
   \   00000024   000000000000       DC8 0, 0, 0, 0, 0, 0, 0, 0, 0, 0, 0, 0, 0, 0, 0, 0
   \              000000000000
   \              00000000    
   \   00000034   000000000000       DC8 0, 0, 0, 0, 0, 0, 0, 0, 0, 0, 0, 0
   \              000000000000
     55            __root const CFG_CBOX_ITEM cfgcbox6[] = { psz_no, psz_yes };
     56          

   \                                 In segment CONFIG_C, align 4, align-sorted, root
   \   00000000   09000000           DC32 9
   \   00000004   00                 DC8 ""
   \   00000005   000000000000       DC8 0, 0, 0, 0, 0, 0, 0, 0, 0, 0, 0, 0, 0, 0, 0, 0
   \              000000000000
   \              00000000    
   \   00000015   000000000000       DC8 0, 0, 0, 0, 0, 0, 0, 0, 0, 0, 0, 0, 0, 0, 0
   \              000000000000
   \              000000      
   \   00000024   000000000000       DC32 0, 0
   \              0000        
     57          __root const CFG_HDR cfghdr_m11 = { CFG_LEVEL, "", 0, 0 };
     58          

   \                                 In segment CONFIG_C, align 4, align-sorted, root
   \   00000000   09000000           DC32 9
   \   00000004   436F6E666967       DC8 "Configs"
   \              7300        
   \   0000000C   000000000000       DC8 0, 0, 0, 0, 0, 0, 0, 0, 0, 0, 0, 0, 0, 0, 0, 0
   \              000000000000
   \              00000000    
   \   0000001C   000000000000       DC8 0, 0, 0, 0, 0, 0, 0, 0
   \              0000        
   \   00000024   010000000000       DC32 1, 0
   \              0000        
     59          __root const CFG_HDR cfghdr_m30 = { CFG_LEVEL, psz_sm_configs, 1, 0 };
     60          

   \                                 In segment CONFIG_C, align 4, align-sorted, root
   \   00000000   05000000           DC32 5
   \   00000004   4C6F6164206D       DC8 "Load mcfileico.cfg"
   \              6366696C6569
   \              636F2E636667
   \              00          
   \   00000017   000000000000       DC8 0, 0, 0, 0, 0, 0, 0, 0, 0, 0, 0, 0, 0
   \              000000000000
   \              00          
   \   00000024   000000000200       DC32 0, 2
   \              0000        
     61            __root const CFG_HDR cfghdr11 = { CFG_CBOX, psz_loadicons, 0, 2 };

   \                                 In segment CONFIG_C, align 4, align-sorted, root
     62            __root const int CONFIG_LOAD_ICONS = 1;
   \                     CONFIG_LOAD_ICONS:
   \   00000000   01000000           DC32 1

   \                                 In segment CONFIG_C, align 4, align-sorted, root
   \   00000000   4E6F00             DC8 "No"
   \   00000003   000000000000       DC8 0, 0, 0, 0, 0, 0, 0, 0, 0, 0, 0, 0, 0, 0, 0, 0
   \              000000000000
   \              00000000    
   \   00000013   000000000000       DC8 0, 0, 0, 0, 0, 0, 0, 0, 0, 0, 0, 0, 0
   \              000000000000
   \              00          
   \   00000020   59657300           DC8 "Yes"
   \   00000024   000000000000       DC8 0, 0, 0, 0, 0, 0, 0, 0, 0, 0, 0, 0, 0, 0, 0, 0
   \              000000000000
   \              00000000    
   \   00000034   000000000000       DC8 0, 0, 0, 0, 0, 0, 0, 0, 0, 0, 0, 0
   \              000000000000
     63            __root const CFG_CBOX_ITEM cfgcbox11[] = { psz_no, psz_yes };
     64          

   \                                 In segment CONFIG_C, align 4, align-sorted, root
   \   00000000   05000000           DC32 5
   \   00000004   4C6F6164206D       DC8 "Load mckeys.cfg"
   \              636B6579732E
   \              63666700    
   \   00000014   000000000000       DC8 0, 0, 0, 0, 0, 0, 0, 0, 0, 0, 0, 0, 0, 0, 0, 0
   \              000000000000
   \              00000000    
   \   00000024   000000000200       DC32 0, 2
   \              0000        
     65            __root const CFG_HDR cfghdr12 = { CFG_CBOX, psz_loadkeys, 0, 2 };

   \                                 In segment CONFIG_C, align 4, align-sorted, root
     66            __root const int CONFIG_LOAD_KEYS = 1;
   \                     CONFIG_LOAD_KEYS:
   \   00000000   01000000           DC32 1

   \                                 In segment CONFIG_C, align 4, align-sorted, root
   \   00000000   4E6F00             DC8 "No"
   \   00000003   000000000000       DC8 0, 0, 0, 0, 0, 0, 0, 0, 0, 0, 0, 0, 0, 0, 0, 0
   \              000000000000
   \              00000000    
   \   00000013   000000000000       DC8 0, 0, 0, 0, 0, 0, 0, 0, 0, 0, 0, 0, 0
   \              000000000000
   \              00          
   \   00000020   59657300           DC8 "Yes"
   \   00000024   000000000000       DC8 0, 0, 0, 0, 0, 0, 0, 0, 0, 0, 0, 0, 0, 0, 0, 0
   \              000000000000
   \              00000000    
   \   00000034   000000000000       DC8 0, 0, 0, 0, 0, 0, 0, 0, 0, 0, 0, 0
   \              000000000000
     67            __root const CFG_CBOX_ITEM cfgcbox12[] = { psz_no, psz_yes };
     68          

   \                                 In segment CONFIG_C, align 4, align-sorted, root
   \   00000000   05000000           DC32 5
   \   00000004   4C6F61642064       DC8 "Load default.mclg"
   \              656661756C74
   \              2E6D636C6700
   \   00000016   000000000000       DC8 0, 0, 0, 0, 0, 0, 0, 0, 0, 0, 0, 0, 0, 0
   \              000000000000
   \              0000        
   \   00000024   000000000200       DC32 0, 2
   \              0000        
     69            __root const CFG_HDR cfghdr13 = { CFG_CBOX, psz_loadmui, 0, 2 };

   \                                 In segment CONFIG_C, align 4, align-sorted, root
     70            __root const int CONFIG_LOAD_MUI = 1;
   \                     CONFIG_LOAD_MUI:
   \   00000000   01000000           DC32 1

   \                                 In segment CONFIG_C, align 4, align-sorted, root
   \   00000000   4E6F00             DC8 "No"
   \   00000003   000000000000       DC8 0, 0, 0, 0, 0, 0, 0, 0, 0, 0, 0, 0, 0, 0, 0, 0
   \              000000000000
   \              00000000    
   \   00000013   000000000000       DC8 0, 0, 0, 0, 0, 0, 0, 0, 0, 0, 0, 0, 0
   \              000000000000
   \              00          
   \   00000020   59657300           DC8 "Yes"
   \   00000024   000000000000       DC8 0, 0, 0, 0, 0, 0, 0, 0, 0, 0, 0, 0, 0, 0, 0, 0
   \              000000000000
   \              00000000    
   \   00000034   000000000000       DC8 0, 0, 0, 0, 0, 0, 0, 0, 0, 0, 0, 0
   \              000000000000
     71            __root const CFG_CBOX_ITEM cfgcbox13[] = { psz_no, psz_yes };
     72          

   \                                 In segment CONFIG_C, align 4, align-sorted, root
   \   00000000   05000000           DC32 5
   \   00000004   4C6F61642064       DC8 "Load default.mccs"
   \              656661756C74
   \              2E6D63637300
   \   00000016   000000000000       DC8 0, 0, 0, 0, 0, 0, 0, 0, 0, 0, 0, 0, 0, 0
   \              000000000000
   \              0000        
   \   00000024   000000000200       DC32 0, 2
   \              0000        
     73            __root const CFG_HDR cfghdr14 = { CFG_CBOX, psz_loadcs, 0, 2 };

   \                                 In segment CONFIG_C, align 4, align-sorted, root
     74            __root const int CONFIG_LOAD_CS = 1;
   \                     CONFIG_LOAD_CS:
   \   00000000   01000000           DC32 1

   \                                 In segment CONFIG_C, align 4, align-sorted, root
   \   00000000   4E6F00             DC8 "No"
   \   00000003   000000000000       DC8 0, 0, 0, 0, 0, 0, 0, 0, 0, 0, 0, 0, 0, 0, 0, 0
   \              000000000000
   \              00000000    
   \   00000013   000000000000       DC8 0, 0, 0, 0, 0, 0, 0, 0, 0, 0, 0, 0, 0
   \              000000000000
   \              00          
   \   00000020   59657300           DC8 "Yes"
   \   00000024   000000000000       DC8 0, 0, 0, 0, 0, 0, 0, 0, 0, 0, 0, 0, 0, 0, 0, 0
   \              000000000000
   \              00000000    
   \   00000034   000000000000       DC8 0, 0, 0, 0, 0, 0, 0, 0, 0, 0, 0, 0
   \              000000000000
     75            __root const CFG_CBOX_ITEM cfgcbox14[] = { psz_no, psz_yes };
     76          

   \                                 In segment CONFIG_C, align 4, align-sorted, root
   \   00000000   12000000           DC32 18
   \   00000004   6D63636F6E66       DC8 "mcconfig.cfg path"
   \              69672E636667
   \              207061746800
   \   00000016   000000000000       DC8 0, 0, 0, 0, 0, 0, 0, 0, 0, 0, 0, 0, 0, 0
   \              000000000000
   \              0000        
   \   00000024   000000003F00       DC32 0, 63
   \              0000        
     77            __root const CFG_HDR cfghdr15 = { CFG_UTF16_STRING, psz_configpath, 0, 63 };

   \                                 In segment CONFIG_C, align 4, align-sorted, root
     78            __root const wchar_t CONFIG_MCCONFIG_PATH[64] = L"";
   \                     CONFIG_MCCONFIG_PATH:
   \   00000000   0000               DC8 0, 0
   \   00000002   000000000000       DC8 0, 0, 0, 0, 0, 0, 0, 0, 0, 0, 0, 0, 0, 0, 0, 0
   \              000000000000
   \              00000000    
   \   00000012   000000000000       DC8 0, 0, 0, 0, 0, 0, 0, 0, 0, 0, 0, 0, 0, 0, 0, 0
   \              000000000000
   \              00000000    
   \   00000022   000000000000       DC8 0, 0, 0, 0, 0, 0, 0, 0, 0, 0, 0, 0, 0, 0, 0, 0
   \              000000000000
   \              00000000    
   \   00000032   000000000000       DC8 0, 0, 0, 0, 0, 0, 0, 0, 0, 0, 0, 0, 0, 0, 0, 0
   \              000000000000
   \              00000000    
   \   00000042   000000000000       DC8 0, 0, 0, 0, 0, 0, 0, 0, 0, 0, 0, 0, 0, 0, 0, 0
   \              000000000000
   \              00000000    
   \   00000052   000000000000       DC8 0, 0, 0, 0, 0, 0, 0, 0, 0, 0, 0, 0, 0, 0, 0, 0
   \              000000000000
   \              00000000    
   \   00000062   000000000000       DC8 0, 0, 0, 0, 0, 0, 0, 0, 0, 0, 0, 0, 0, 0, 0, 0
   \              000000000000
   \              00000000    
   \   00000072   000000000000       DC8 0, 0, 0, 0, 0, 0, 0, 0, 0, 0, 0, 0, 0, 0
   \              000000000000
   \              0000        
     79                  

   \                                 In segment CONFIG_C, align 4, align-sorted, root
   \   00000000   09000000           DC32 9
   \   00000004   00                 DC8 ""
   \   00000005   000000000000       DC8 0, 0, 0, 0, 0, 0, 0, 0, 0, 0, 0, 0, 0, 0, 0, 0
   \              000000000000
   \              00000000    
   \   00000015   000000000000       DC8 0, 0, 0, 0, 0, 0, 0, 0, 0, 0, 0, 0, 0, 0, 0
   \              000000000000
   \              000000      
   \   00000024   000000000000       DC32 0, 0
   \              0000        
     80          __root const CFG_HDR cfghdr_m31 = { CFG_LEVEL, "", 0, 0 };
     81          
     82          

   \                                 In segment CONFIG_C, align 4, align-sorted, root
   \   00000000   09000000           DC32 9
   \   00000004   436F6E666972       DC8 "Confirmations"
   \              6D6174696F6E
   \              7300        
   \   00000012   000000000000       DC8 0, 0, 0, 0, 0, 0, 0, 0, 0, 0, 0, 0, 0, 0, 0, 0, 0, 0
   \              000000000000
   \              000000000000
   \   00000024   010000000000       DC32 1, 0
   \              0000        
     83          __root const CFG_HDR cfghdr_m40 = { CFG_LEVEL, psz_sm_confirms, 1, 0 };
     84          

   \                                 In segment CONFIG_C, align 4, align-sorted, root
   \   00000000   05000000           DC32 5
   \   00000004   4F6E20657869       DC8 "On exit"
   \              7400        
   \   0000000C   000000000000       DC8 0, 0, 0, 0, 0, 0, 0, 0, 0, 0, 0, 0, 0, 0, 0, 0
   \              000000000000
   \              00000000    
   \   0000001C   000000000000       DC8 0, 0, 0, 0, 0, 0, 0, 0
   \              0000        
   \   00000024   000000000200       DC32 0, 2
   \              0000        
     85            __root const CFG_HDR cfghdr16 = { CFG_CBOX, psz_confirmexit, 0, 2 };

   \                                 In segment CONFIG_C, align 4, align-sorted, root
     86            __root const int CONFIG_CONFIRM_EXIT = 1;
   \                     CONFIG_CONFIRM_EXIT:
   \   00000000   01000000           DC32 1

   \                                 In segment CONFIG_C, align 4, align-sorted, root
   \   00000000   4E6F00             DC8 "No"
   \   00000003   000000000000       DC8 0, 0, 0, 0, 0, 0, 0, 0, 0, 0, 0, 0, 0, 0, 0, 0
   \              000000000000
   \              00000000    
   \   00000013   000000000000       DC8 0, 0, 0, 0, 0, 0, 0, 0, 0, 0, 0, 0, 0
   \              000000000000
   \              00          
   \   00000020   59657300           DC8 "Yes"
   \   00000024   000000000000       DC8 0, 0, 0, 0, 0, 0, 0, 0, 0, 0, 0, 0, 0, 0, 0, 0
   \              000000000000
   \              00000000    
   \   00000034   000000000000       DC8 0, 0, 0, 0, 0, 0, 0, 0, 0, 0, 0, 0
   \              000000000000
     87            __root const CFG_CBOX_ITEM cfgcbox16[] = { psz_no, psz_yes };
     88          

   \                                 In segment CONFIG_C, align 4, align-sorted, root
   \   00000000   05000000           DC32 5
   \   00000004   4F6E2064656C       DC8 "On delete"
   \              65746500    
   \   0000000E   000000000000       DC8 0, 0, 0, 0, 0, 0, 0, 0, 0, 0, 0, 0, 0, 0, 0, 0, 0, 0, 0, 0, 0, 0
   \              000000000000
   \              000000000000
   \              00000000    
   \   00000024   000000000200       DC32 0, 2
   \              0000        
     89            __root const CFG_HDR cfghdr17 = { CFG_CBOX, psz_confirmdel, 0, 2 };

   \                                 In segment CONFIG_C, align 4, align-sorted, root
     90            __root const int CONFIG_CONFIRM_DELETE = 1;
   \                     CONFIG_CONFIRM_DELETE:
   \   00000000   01000000           DC32 1

   \                                 In segment CONFIG_C, align 4, align-sorted, root
   \   00000000   4E6F00             DC8 "No"
   \   00000003   000000000000       DC8 0, 0, 0, 0, 0, 0, 0, 0, 0, 0, 0, 0, 0, 0, 0, 0
   \              000000000000
   \              00000000    
   \   00000013   000000000000       DC8 0, 0, 0, 0, 0, 0, 0, 0, 0, 0, 0, 0, 0
   \              000000000000
   \              00          
   \   00000020   59657300           DC8 "Yes"
   \   00000024   000000000000       DC8 0, 0, 0, 0, 0, 0, 0, 0, 0, 0, 0, 0, 0, 0, 0, 0
   \              000000000000
   \              00000000    
   \   00000034   000000000000       DC8 0, 0, 0, 0, 0, 0, 0, 0, 0, 0, 0, 0
   \              000000000000
     91            __root const CFG_CBOX_ITEM cfgcbox17[] = { psz_no, psz_yes };
     92          

   \                                 In segment CONFIG_C, align 4, align-sorted, root
   \   00000000   05000000           DC32 5
   \   00000004   4F6E2064656C       DC8 "On delete readonly"
   \              657465207265
   \              61646F6E6C79
   \              00          
   \   00000017   000000000000       DC8 0, 0, 0, 0, 0, 0, 0, 0, 0, 0, 0, 0, 0
   \              000000000000
   \              00          
   \   00000024   000000000200       DC32 0, 2
   \              0000        
     93            __root const CFG_HDR cfghdr18 = { CFG_CBOX, psz_confirmdelr, 0, 2 };

   \                                 In segment CONFIG_C, align 4, align-sorted, root
     94            __root const int CONFIG_CONFIRM_DELETERO = 1;
   \                     CONFIG_CONFIRM_DELETERO:
   \   00000000   01000000           DC32 1

   \                                 In segment CONFIG_C, align 4, align-sorted, root
   \   00000000   4E6F00             DC8 "No"
   \   00000003   000000000000       DC8 0, 0, 0, 0, 0, 0, 0, 0, 0, 0, 0, 0, 0, 0, 0, 0
   \              000000000000
   \              00000000    
   \   00000013   000000000000       DC8 0, 0, 0, 0, 0, 0, 0, 0, 0, 0, 0, 0, 0
   \              000000000000
   \              00          
   \   00000020   59657300           DC8 "Yes"
   \   00000024   000000000000       DC8 0, 0, 0, 0, 0, 0, 0, 0, 0, 0, 0, 0, 0, 0, 0, 0
   \              000000000000
   \              00000000    
   \   00000034   000000000000       DC8 0, 0, 0, 0, 0, 0, 0, 0, 0, 0, 0, 0
   \              000000000000
     95            __root const CFG_CBOX_ITEM cfgcbox18[] = { psz_no, psz_yes };
     96          

   \                                 In segment CONFIG_C, align 4, align-sorted, root
   \   00000000   05000000           DC32 5
   \   00000004   4F6E20636F70       DC8 "On copy"
   \              7900        
   \   0000000C   000000000000       DC8 0, 0, 0, 0, 0, 0, 0, 0, 0, 0, 0, 0, 0, 0, 0, 0
   \              000000000000
   \              00000000    
   \   0000001C   000000000000       DC8 0, 0, 0, 0, 0, 0, 0, 0
   \              0000        
   \   00000024   000000000200       DC32 0, 2
   \              0000        
     97            __root const CFG_HDR cfghdr19 = { CFG_CBOX, psz_confirmcopy, 0, 2 };

   \                                 In segment CONFIG_C, align 4, align-sorted, root
     98            __root const int CONFIG_CONFIRM_COPY = 1;
   \                     CONFIG_CONFIRM_COPY:
   \   00000000   01000000           DC32 1

   \                                 In segment CONFIG_C, align 4, align-sorted, root
   \   00000000   4E6F00             DC8 "No"
   \   00000003   000000000000       DC8 0, 0, 0, 0, 0, 0, 0, 0, 0, 0, 0, 0, 0, 0, 0, 0
   \              000000000000
   \              00000000    
   \   00000013   000000000000       DC8 0, 0, 0, 0, 0, 0, 0, 0, 0, 0, 0, 0, 0
   \              000000000000
   \              00          
   \   00000020   59657300           DC8 "Yes"
   \   00000024   000000000000       DC8 0, 0, 0, 0, 0, 0, 0, 0, 0, 0, 0, 0, 0, 0, 0, 0
   \              000000000000
   \              00000000    
   \   00000034   000000000000       DC8 0, 0, 0, 0, 0, 0, 0, 0, 0, 0, 0, 0
   \              000000000000
     99            __root const CFG_CBOX_ITEM cfgcbox19[] = { psz_no, psz_yes };
    100          

   \                                 In segment CONFIG_C, align 4, align-sorted, root
   \   00000000   05000000           DC32 5
   \   00000004   4F6E206D6F76       DC8 "On move"
   \              6500        
   \   0000000C   000000000000       DC8 0, 0, 0, 0, 0, 0, 0, 0, 0, 0, 0, 0, 0, 0, 0, 0
   \              000000000000
   \              00000000    
   \   0000001C   000000000000       DC8 0, 0, 0, 0, 0, 0, 0, 0
   \              0000        
   \   00000024   000000000200       DC32 0, 2
   \              0000        
    101            __root const CFG_HDR cfghdr20 = { CFG_CBOX, psz_confirmmove, 0, 2 };

   \                                 In segment CONFIG_C, align 4, align-sorted, root
    102            __root const int CONFIG_CONFIRM_MOVE = 1;
   \                     CONFIG_CONFIRM_MOVE:
   \   00000000   01000000           DC32 1

   \                                 In segment CONFIG_C, align 4, align-sorted, root
   \   00000000   4E6F00             DC8 "No"
   \   00000003   000000000000       DC8 0, 0, 0, 0, 0, 0, 0, 0, 0, 0, 0, 0, 0, 0, 0, 0
   \              000000000000
   \              00000000    
   \   00000013   000000000000       DC8 0, 0, 0, 0, 0, 0, 0, 0, 0, 0, 0, 0, 0
   \              000000000000
   \              00          
   \   00000020   59657300           DC8 "Yes"
   \   00000024   000000000000       DC8 0, 0, 0, 0, 0, 0, 0, 0, 0, 0, 0, 0, 0, 0, 0, 0
   \              000000000000
   \              00000000    
   \   00000034   000000000000       DC8 0, 0, 0, 0, 0, 0, 0, 0, 0, 0, 0, 0
   \              000000000000
    103            __root const CFG_CBOX_ITEM cfgcbox20[] = { psz_no, psz_yes };
    104          

   \                                 In segment CONFIG_C, align 4, align-sorted, root
   \   00000000   05000000           DC32 5
   \   00000004   4F6E20726570       DC8 "On replace"
   \              6C61636500  
   \   0000000F   000000000000       DC8 0, 0, 0, 0, 0, 0, 0, 0, 0, 0, 0, 0, 0, 0, 0, 0, 0, 0, 0, 0, 0
   \              000000000000
   \              000000000000
   \              000000      
   \   00000024   000000000200       DC32 0, 2
   \              0000        
    105            __root const CFG_HDR cfghdr21 = { CFG_CBOX, psz_confirmrepl, 0, 2 };

   \                                 In segment CONFIG_C, align 4, align-sorted, root
    106            __root const int CONFIG_CONFIRM_REPLACE = 1;
   \                     CONFIG_CONFIRM_REPLACE:
   \   00000000   01000000           DC32 1

   \                                 In segment CONFIG_C, align 4, align-sorted, root
   \   00000000   4E6F00             DC8 "No"
   \   00000003   000000000000       DC8 0, 0, 0, 0, 0, 0, 0, 0, 0, 0, 0, 0, 0, 0, 0, 0
   \              000000000000
   \              00000000    
   \   00000013   000000000000       DC8 0, 0, 0, 0, 0, 0, 0, 0, 0, 0, 0, 0, 0
   \              000000000000
   \              00          
   \   00000020   59657300           DC8 "Yes"
   \   00000024   000000000000       DC8 0, 0, 0, 0, 0, 0, 0, 0, 0, 0, 0, 0, 0, 0, 0, 0
   \              000000000000
   \              00000000    
   \   00000034   000000000000       DC8 0, 0, 0, 0, 0, 0, 0, 0, 0, 0, 0, 0
   \              000000000000
    107            __root const CFG_CBOX_ITEM cfgcbox21[] = { psz_no, psz_yes };

   \                                 In segment CONFIG_C, align 4, align-sorted, root
   \   00000000   09000000           DC32 9
   \   00000004   00                 DC8 ""
   \   00000005   000000000000       DC8 0, 0, 0, 0, 0, 0, 0, 0, 0, 0, 0, 0, 0, 0, 0, 0
   \              000000000000
   \              00000000    
   \   00000015   000000000000       DC8 0, 0, 0, 0, 0, 0, 0, 0, 0, 0, 0, 0, 0, 0, 0
   \              000000000000
   \              000000      
   \   00000024   000000000000       DC32 0, 0
   \              0000        
    108          __root const CFG_HDR cfghdr_m41 = { CFG_LEVEL, "", 0, 0 };
    109          
    110          

   \                                 In segment CONFIG_C, align 4, align-sorted, root
   \   00000000   09000000           DC32 9
   \   00000004   417263686976       DC8 "Archives"
   \              657300      
   \   0000000D   000000000000       DC8 0, 0, 0, 0, 0, 0, 0, 0, 0, 0, 0, 0, 0, 0, 0, 0, 0, 0, 0, 0, 0, 0, 0
   \              000000000000
   \              000000000000
   \              0000000000  
   \   00000024   010000000000       DC32 1, 0
   \              0000        
    111          __root const CFG_HDR cfghdr_m60 = { CFG_LEVEL, psz_sm_archive, 1, 0 };
    112          

   \                                 In segment CONFIG_C, align 4, align-sorted, root
   \   00000000   09000000           DC32 9
   \   00000004   5A697000           DC8 "Zip"
   \   00000008   000000000000       DC8 0, 0, 0, 0, 0, 0, 0, 0, 0, 0, 0, 0, 0, 0, 0, 0
   \              000000000000
   \              00000000    
   \   00000018   000000000000       DC8 0, 0, 0, 0, 0, 0, 0, 0, 0, 0, 0, 0
   \              000000000000
   \   00000024   010000000000       DC32 1, 0
   \              0000        
    113            __root const CFG_HDR cfghdr_m62 = { CFG_LEVEL, psz_sm_zip, 1, 0 };
    114            

   \                                 In segment CONFIG_C, align 4, align-sorted, root
   \   00000000   05000000           DC32 5
   \   00000004   456E61626C65       DC8 "Enable zip support"
   \              207A69702073
   \              7570706F7274
   \              00          
   \   00000017   000000000000       DC8 0, 0, 0, 0, 0, 0, 0, 0, 0, 0, 0, 0, 0
   \              000000000000
   \              00          
   \   00000024   000000000200       DC32 0, 2
   \              0000        
    115              __root const CFG_HDR cfghdr24 = { CFG_CBOX, psz_zip_enable, 0, 2 };

   \                                 In segment CONFIG_C, align 4, align-sorted, root
    116              __root const int CONFIG_ZIP_ENABLE = 1;
   \                     CONFIG_ZIP_ENABLE:
   \   00000000   01000000           DC32 1

   \                                 In segment CONFIG_C, align 4, align-sorted, root
   \   00000000   4E6F00             DC8 "No"
   \   00000003   000000000000       DC8 0, 0, 0, 0, 0, 0, 0, 0, 0, 0, 0, 0, 0, 0, 0, 0
   \              000000000000
   \              00000000    
   \   00000013   000000000000       DC8 0, 0, 0, 0, 0, 0, 0, 0, 0, 0, 0, 0, 0
   \              000000000000
   \              00          
   \   00000020   59657300           DC8 "Yes"
   \   00000024   000000000000       DC8 0, 0, 0, 0, 0, 0, 0, 0, 0, 0, 0, 0, 0, 0, 0, 0
   \              000000000000
   \              00000000    
   \   00000034   000000000000       DC8 0, 0, 0, 0, 0, 0, 0, 0, 0, 0, 0, 0
   \              000000000000
    117              __root const CFG_CBOX_ITEM cfgcbox24[] = { psz_no, psz_yes };
    118          

   \                                 In segment CONFIG_C, align 4, align-sorted, root
   \   00000000   05000000           DC32 5
   \   00000004   446574656374       DC8 "Detect zip by"
   \              207A69702062
   \              7900        
   \   00000012   000000000000       DC8 0, 0, 0, 0, 0, 0, 0, 0, 0, 0, 0, 0, 0, 0, 0, 0, 0, 0
   \              000000000000
   \              000000000000
   \   00000024   000000000200       DC32 0, 2
   \              0000        
    119              __root const CFG_HDR cfghdr25 = { CFG_CBOX, psz_zip_detect_by, 0, 2 };

   \                                 In segment CONFIG_C, align 4, align-sorted, root
    120              __root const int CONFIG_ZIP_DETECT_BY = 0;
   \                     CONFIG_ZIP_DETECT_BY:
   \   00000000   00000000           DC32 0

   \                                 In segment CONFIG_C, align 4, align-sorted, root
   \   00000000   436F6E74656E       DC8 "Content"
   \              7400        
   \   00000008   000000000000       DC8 0, 0, 0, 0, 0, 0, 0, 0, 0, 0, 0, 0, 0, 0, 0, 0
   \              000000000000
   \              00000000    
   \   00000018   000000000000       DC8 0, 0, 0, 0, 0, 0, 0, 0
   \              0000        
   \   00000020   457874656E73       DC8 "Extension"
   \              696F6E00    
   \   0000002A   000000000000       DC8 0, 0, 0, 0, 0, 0, 0, 0, 0, 0, 0, 0, 0, 0, 0, 0, 0, 0, 0, 0, 0, 0
   \              000000000000
   \              000000000000
   \              00000000    
    121              __root const CFG_CBOX_ITEM cfgcbox25[] = { psz_content, psz_extension };

   \                                 In segment CONFIG_C, align 4, align-sorted, root
   \   00000000   09000000           DC32 9
   \   00000004   00                 DC8 ""
   \   00000005   000000000000       DC8 0, 0, 0, 0, 0, 0, 0, 0, 0, 0, 0, 0, 0, 0, 0, 0
   \              000000000000
   \              00000000    
   \   00000015   000000000000       DC8 0, 0, 0, 0, 0, 0, 0, 0, 0, 0, 0, 0, 0, 0, 0
   \              000000000000
   \              000000      
   \   00000024   000000000000       DC32 0, 0
   \              0000        
    122             __root const CFG_HDR cfghdr_m63 = { CFG_LEVEL, "", 0, 0 };

   \                                 In segment CONFIG_C, align 4, align-sorted, root
   \   00000000   09000000           DC32 9
   \   00000004   377A00             DC8 "7z"
   \   00000007   000000000000       DC8 0, 0, 0, 0, 0, 0, 0, 0, 0, 0, 0, 0, 0, 0, 0, 0
   \              000000000000
   \              00000000    
   \   00000017   000000000000       DC8 0, 0, 0, 0, 0, 0, 0, 0, 0, 0, 0, 0, 0
   \              000000000000
   \              00          
   \   00000024   010000000000       DC32 1, 0
   \              0000        
    123            __root const CFG_HDR cfghdr_m64 = { CFG_LEVEL, psz_sm_7z, 1, 0 };
    124            

   \                                 In segment CONFIG_C, align 4, align-sorted, root
   \   00000000   05000000           DC32 5
   \   00000004   456E61626C65       DC8 "Enable 7z support"
   \              20377A207375
   \              70706F727400
   \   00000016   000000000000       DC8 0, 0, 0, 0, 0, 0, 0, 0, 0, 0, 0, 0, 0, 0
   \              000000000000
   \              0000        
   \   00000024   000000000200       DC32 0, 2
   \              0000        
    125              __root const CFG_HDR cfghdr724 = { CFG_CBOX, psz_7z_enable, 0, 2 };

   \                                 In segment CONFIG_C, align 4, align-sorted, root
    126              __root const int CONFIG_7Z_ENABLE = 1;
   \                     CONFIG_7Z_ENABLE:
   \   00000000   01000000           DC32 1

   \                                 In segment CONFIG_C, align 4, align-sorted, root
   \   00000000   4E6F00             DC8 "No"
   \   00000003   000000000000       DC8 0, 0, 0, 0, 0, 0, 0, 0, 0, 0, 0, 0, 0, 0, 0, 0
   \              000000000000
   \              00000000    
   \   00000013   000000000000       DC8 0, 0, 0, 0, 0, 0, 0, 0, 0, 0, 0, 0, 0
   \              000000000000
   \              00          
   \   00000020   59657300           DC8 "Yes"
   \   00000024   000000000000       DC8 0, 0, 0, 0, 0, 0, 0, 0, 0, 0, 0, 0, 0, 0, 0, 0
   \              000000000000
   \              00000000    
   \   00000034   000000000000       DC8 0, 0, 0, 0, 0, 0, 0, 0, 0, 0, 0, 0
   \              000000000000
    127              __root const CFG_CBOX_ITEM cfgcbox724[] = { psz_no, psz_yes };
    128          

   \                                 In segment CONFIG_C, align 4, align-sorted, root
   \   00000000   05000000           DC32 5
   \   00000004   446574656374       DC8 "Detect 7z by"
   \              20377A206279
   \              00          
   \   00000011   000000000000       DC8 0, 0, 0, 0, 0, 0, 0, 0, 0, 0, 0, 0, 0, 0, 0, 0, 0, 0, 0
   \              000000000000
   \              000000000000
   \              00          
   \   00000024   000000000200       DC32 0, 2
   \              0000        
    129              __root const CFG_HDR cfghdr725 = { CFG_CBOX, psz_7z_detect_by, 0, 2 };

   \                                 In segment CONFIG_C, align 4, align-sorted, root
    130              __root const int CONFIG_7Z_DETECT_BY = 0;
   \                     CONFIG_7Z_DETECT_BY:
   \   00000000   00000000           DC32 0

   \                                 In segment CONFIG_C, align 4, align-sorted, root
   \   00000000   436F6E74656E       DC8 "Content"
   \              7400        
   \   00000008   000000000000       DC8 0, 0, 0, 0, 0, 0, 0, 0, 0, 0, 0, 0, 0, 0, 0, 0
   \              000000000000
   \              00000000    
   \   00000018   000000000000       DC8 0, 0, 0, 0, 0, 0, 0, 0
   \              0000        
   \   00000020   457874656E73       DC8 "Extension"
   \              696F6E00    
   \   0000002A   000000000000       DC8 0, 0, 0, 0, 0, 0, 0, 0, 0, 0, 0, 0, 0, 0, 0, 0, 0, 0, 0, 0, 0, 0
   \              000000000000
   \              000000000000
   \              00000000    
    131              __root const CFG_CBOX_ITEM cfgcbox725[] = { psz_content, psz_extension };
    132          

   \                                 In segment CONFIG_C, align 4, align-sorted, root
   \   00000000   09000000           DC32 9
   \   00000004   00                 DC8 ""
   \   00000005   000000000000       DC8 0, 0, 0, 0, 0, 0, 0, 0, 0, 0, 0, 0, 0, 0, 0, 0
   \              000000000000
   \              00000000    
   \   00000015   000000000000       DC8 0, 0, 0, 0, 0, 0, 0, 0, 0, 0, 0, 0, 0, 0, 0
   \              000000000000
   \              000000      
   \   00000024   000000000000       DC32 0, 0
   \              0000        
    133             __root const CFG_HDR cfghdr_m65 = { CFG_LEVEL, "", 0, 0 };
    134           

   \                                 In segment CONFIG_C, align 4, align-sorted, root
   \   00000000   12000000           DC32 18
   \   00000004   506174682066       DC8 "Path for temp files"
   \              6F722074656D
   \              702066696C65
   \              7300        
   \   00000018   000000000000       DC8 0, 0, 0, 0, 0, 0, 0, 0, 0, 0, 0, 0
   \              000000000000
   \   00000024   000000003F00       DC32 0, 63
   \              0000        
    135            __root const CFG_HDR cfghdr26 = { CFG_UTF16_STRING, psz_temppath, 0, 63 };

   \                                 In segment CONFIG_C, align 4, align-sorted, root
    136            __root const wchar_t CONFIG_TEMP_PATH[64] = L"";
   \                     CONFIG_TEMP_PATH:
   \   00000000   0000               DC8 0, 0
   \   00000002   000000000000       DC8 0, 0, 0, 0, 0, 0, 0, 0, 0, 0, 0, 0, 0, 0, 0, 0
   \              000000000000
   \              00000000    
   \   00000012   000000000000       DC8 0, 0, 0, 0, 0, 0, 0, 0, 0, 0, 0, 0, 0, 0, 0, 0
   \              000000000000
   \              00000000    
   \   00000022   000000000000       DC8 0, 0, 0, 0, 0, 0, 0, 0, 0, 0, 0, 0, 0, 0, 0, 0
   \              000000000000
   \              00000000    
   \   00000032   000000000000       DC8 0, 0, 0, 0, 0, 0, 0, 0, 0, 0, 0, 0, 0, 0, 0, 0
   \              000000000000
   \              00000000    
   \   00000042   000000000000       DC8 0, 0, 0, 0, 0, 0, 0, 0, 0, 0, 0, 0, 0, 0, 0, 0
   \              000000000000
   \              00000000    
   \   00000052   000000000000       DC8 0, 0, 0, 0, 0, 0, 0, 0, 0, 0, 0, 0, 0, 0, 0, 0
   \              000000000000
   \              00000000    
   \   00000062   000000000000       DC8 0, 0, 0, 0, 0, 0, 0, 0, 0, 0, 0, 0, 0, 0, 0, 0
   \              000000000000
   \              00000000    
   \   00000072   000000000000       DC8 0, 0, 0, 0, 0, 0, 0, 0, 0, 0, 0, 0, 0, 0
   \              000000000000
   \              0000        
    137            

   \                                 In segment CONFIG_C, align 4, align-sorted, root
   \   00000000   05000000           DC32 5
   \   00000004   44656C657465       DC8 "Delete temp files on exit"
   \              2074656D7020
   \              66696C657320
   \              6F6E20657869
   \              7400        
   \   0000001E   000000000000       DC8 0, 0, 0, 0, 0, 0
   \   00000024   000000000200       DC32 0, 2
   \              0000        
    138            __root const CFG_HDR cfghdr27 = { CFG_CBOX, psz_cleartemp, 0, 2 };

   \                                 In segment CONFIG_C, align 4, align-sorted, root
    139            __root const int CONFIG_DELETE_TEMP_FILES_ON_EXIT = 0;
   \                     CONFIG_DELETE_TEMP_FILES_ON_EXIT:
   \   00000000   00000000           DC32 0

   \                                 In segment CONFIG_C, align 4, align-sorted, root
   \   00000000   4E6F00             DC8 "No"
   \   00000003   000000000000       DC8 0, 0, 0, 0, 0, 0, 0, 0, 0, 0, 0, 0, 0, 0, 0, 0
   \              000000000000
   \              00000000    
   \   00000013   000000000000       DC8 0, 0, 0, 0, 0, 0, 0, 0, 0, 0, 0, 0, 0
   \              000000000000
   \              00          
   \   00000020   59657300           DC8 "Yes"
   \   00000024   000000000000       DC8 0, 0, 0, 0, 0, 0, 0, 0, 0, 0, 0, 0, 0, 0, 0, 0
   \              000000000000
   \              00000000    
   \   00000034   000000000000       DC8 0, 0, 0, 0, 0, 0, 0, 0, 0, 0, 0, 0
   \              000000000000
    140            __root const CFG_CBOX_ITEM cfgcbox27[] = { psz_no, psz_yes };

   \                                 In segment CONFIG_C, align 4, align-sorted, root
   \   00000000   09000000           DC32 9
   \   00000004   00                 DC8 ""
   \   00000005   000000000000       DC8 0, 0, 0, 0, 0, 0, 0, 0, 0, 0, 0, 0, 0, 0, 0, 0
   \              000000000000
   \              00000000    
   \   00000015   000000000000       DC8 0, 0, 0, 0, 0, 0, 0, 0, 0, 0, 0, 0, 0, 0, 0
   \              000000000000
   \              000000      
   \   00000024   000000000000       DC32 0, 0
   \              0000        
    141          __root const CFG_HDR cfghdr_m61 = { CFG_LEVEL, "", 0, 0 };


   Segment part sizes:

     Function/Label                 Bytes
     --------------                 -----
     cfghdr_m00                       44
     cfghdr0                          44
     CONFIG_SAVE_PATH                  4
     cfgcbox0                         64
     cfghdr1                          44
     CONFIG_BACK_EXIT                  4
     cfgcbox1                         64
     cfghdr2                          44
     CONFIG_CUR_DOWN_ON_CHECK          4
     cfgcbox2                         64
     cfghdr3                          44
     CONFIG_LOOP_NAVIGATION_ENABLE     4
     cfgcbox3                         64
     cfghdr34                         44
     SHOW_ROOT_FOLDER                  4
     cfgcbox34                        64
     cfghdr_m01                       44
     cfghdr_m05                       44
     cfghdr050                        44
     CONFIG_FONT_FILES                 4
     cfghdr051                        44
     CONFIG_FONT_HEADER                4
     cfghdr052                        44
     CONFIG_FONT_ATTR                  4
     cfghdr_m06                       44
     cfghdr_m10                       44
     cfghdr4                          44
     CONFIG_SCROLL_TEXT_SPEED          4
     cfghdr5                          44
     CONFIG_SCROLL_TEXT_WAIT           4
     cfghdr6                          44
     CONFIG_USE_BOLD_FONT              4
     cfgcbox6                         64
     cfghdr_m11                       44
     cfghdr_m30                       44
     cfghdr11                         44
     CONFIG_LOAD_ICONS                 4
     cfgcbox11                        64
     cfghdr12                         44
     CONFIG_LOAD_KEYS                  4
     cfgcbox12                        64
     cfghdr13                         44
     CONFIG_LOAD_MUI                   4
     cfgcbox13                        64
     cfghdr14                         44
     CONFIG_LOAD_CS                    4
     cfgcbox14                        64
     cfghdr15                         44
     CONFIG_MCCONFIG_PATH            128
     cfghdr_m31                       44
     cfghdr_m40                       44
     cfghdr16                         44
     CONFIG_CONFIRM_EXIT               4
     cfgcbox16                        64
     cfghdr17                         44
     CONFIG_CONFIRM_DELETE             4
     cfgcbox17                        64
     cfghdr18                         44
     CONFIG_CONFIRM_DELETERO           4
     cfgcbox18                        64
     cfghdr19                         44
     CONFIG_CONFIRM_COPY               4
     cfgcbox19                        64
     cfghdr20                         44
     CONFIG_CONFIRM_MOVE               4
     cfgcbox20                        64
     cfghdr21                         44
     CONFIG_CONFIRM_REPLACE            4
     cfgcbox21                        64
     cfghdr_m41                       44
     cfghdr_m60                       44
     cfghdr_m62                       44
     cfghdr24                         44
     CONFIG_ZIP_ENABLE                 4
     cfgcbox24                        64
     cfghdr25                         44
     CONFIG_ZIP_DETECT_BY              4
     cfgcbox25                        64
     cfghdr_m63                       44
     cfghdr_m64                       44
     cfghdr724                        44
     CONFIG_7Z_ENABLE                  4
     cfgcbox724                       64
     cfghdr725                        44
     CONFIG_7Z_DETECT_BY               4
     cfgcbox725                       64
     cfghdr_m65                       44
     cfghdr26                         44
     CONFIG_TEMP_PATH                128
     cfghdr27                         44
     CONFIG_DELETE_TEMP_FILES_ON_EXIT
                                       4
     cfgcbox27                        64
     cfghdr_m61                       44

 
 3 640 bytes in segment CONFIG_C
 
 3 640 bytes of CONST memory

Errors: none
Warnings: none
