##############################################################################
#                                                                            #
# IAR ARM ANSI C/C++ Compiler V4.42A/W32 EVALUATION    10/Jun/2013  22:56:48 #
# Copyright 1999-2005 IAR Systems. All rights reserved.                      #
#                                                                            #
#    Cpu mode        =  interwork                                            #
#    Endian          =  little                                               #
#    Stack alignment =  4                                                    #
#    Source file     =  Z:\home\perk11\www\perk11.info\svn\SE\TagEditor\conf #
#                       ig_data.c                                            #
#    Command line    =  Z:\home\perk11\www\perk11.info\svn\SE\TagEditor\conf #
#                       ig_data.c -D NDEBUG -lC Z:\home\perk11\www\perk11.in #
#                       fo\svn\SE\TagEditor\Release\List\ -lA                #
#                       Z:\home\perk11\www\perk11.info\svn\SE\TagEditor\Rele #
#                       ase\List\ -o Z:\home\perk11\www\perk11.info\svn\SE\T #
#                       agEditor\Release\Obj\ -s9 --no_unroll --no_inline    #
#                       --cpu_mode arm --endian little --cpu ARM926EJ-S      #
#                       --stack_align 4 --interwork -e --fpu None --eec++    #
#                       --dlib_config Z:\home\perk11\IAR2\arm\LIB\dl5tpainl8 #
#                       n.h --segment code=CONFIG --segment data=CONFIG -I   #
#                       Z:\home\perk11\IAR2\arm\INC\                         #
#    List file       =  Z:\home\perk11\www\perk11.info\svn\SE\TagEditor\Rele #
#                       ase\List\config_data.lst                             #
#    Object file     =  Z:\home\perk11\www\perk11.info\svn\SE\TagEditor\Rele #
#                       ase\Obj\config_data.r79                              #
#                                                                            #
#                                                                            #
##############################################################################

Z:\home\perk11\www\perk11.info\svn\SE\TagEditor\config_data.c
      1          #include "..\\include\Lib_Clara.h"
      2          #include "..\\include\cfg_items.h"
      3          #include "config_data.h"
      4          
      5          #pragma diag_suppress=Pe177
      6          

   \                                 In segment CONFIG_C, align 4, align-sorted, root
   \   00000000   09000000           DC32 9
   \   00000004   C8EAEEEDEAE8       DC8 "\310\352\356\355\352\350"
   \              00          
   \   0000000B   000000000000       DC8 0, 0, 0, 0, 0, 0, 0, 0, 0, 0, 0, 0, 0, 0, 0, 0
   \              000000000000
   \              00000000    
   \   0000001B   000000000000       DC8 0, 0, 0, 0, 0, 0, 0, 0, 0
   \              000000      
   \   00000024   010000000000       DC32 1, 0
   \              0000        
      7          __root const CFG_HDR cfghdr_icons_0={CFG_LEVEL,"Иконки",1,0};
      8          

   \                                 In segment CONFIG_C, align 4, align-sorted, root
   \   00000000   12000000           DC32 18
   \   00000004   494433763100       DC8 "ID3v1"
   \   0000000A   000000000000       DC8 0, 0, 0, 0, 0, 0, 0, 0, 0, 0, 0, 0, 0, 0, 0, 0
   \              000000000000
   \              00000000    
   \   0000001A   000000000000       DC8 0, 0, 0, 0, 0, 0, 0, 0, 0, 0
   \              00000000    
   \   00000024   000000007F00       DC32 0, 127
   \              0000        
      9          __root const CFG_HDR cfghdr1={CFG_UTF16_STRING,"ID3v1",0,127};

   \                                 In segment CONFIG_C, align 4, align-sorted, root
     10            __root const wchar_t  Iconq[128]=L"MESSAGING_MENU_NEW_MESSAGE_ICN";
   \                     Iconq:
   \   00000000   4D0045005300       DC8 4DH, 0, 45H, 0, 53H, 0, 53H, 0
   \              5300        
   \   00000008   410047004900       DC8 41H, 0, 47H, 0, 49H, 0, 4EH, 0
   \              4E00        
   \   00000010   47005F004D00       DC8 47H, 0, 5FH, 0, 4DH, 0, 45H, 0
   \              4500        
   \   00000018   4E0055005F00       DC8 4EH, 0, 55H, 0, 5FH, 0, 4EH, 0
   \              4E00        
   \   00000020   450057005F00       DC8 45H, 0, 57H, 0, 5FH, 0, 4DH, 0
   \              4D00        
   \   00000028   450053005300       DC8 45H, 0, 53H, 0, 53H, 0, 41H, 0
   \              4100        
   \   00000030   470045005F00       DC8 47H, 0, 45H, 0, 5FH, 0, 49H, 0
   \              4900        
   \   00000038   43004E000000       DC8 43H, 0, 4EH, 0, 0, 0
   \   0000003E   000000000000       DC8 0, 0, 0, 0, 0, 0, 0, 0, 0, 0, 0, 0, 0, 0, 0, 0
   \              000000000000
   \              00000000    
   \   0000004E   000000000000       DC8 0, 0, 0, 0, 0, 0, 0, 0, 0, 0, 0, 0, 0, 0, 0, 0
   \              000000000000
   \              00000000    
   \   0000005E   000000000000       DC8 0, 0, 0, 0, 0, 0, 0, 0, 0, 0, 0, 0, 0, 0, 0, 0
   \              000000000000
   \              00000000    
   \   0000006E   000000000000       DC8 0, 0, 0, 0, 0, 0, 0, 0, 0, 0, 0, 0, 0, 0, 0, 0
   \              000000000000
   \              00000000    
   \   0000007E   000000000000       DC8 0, 0, 0, 0, 0, 0, 0, 0, 0, 0, 0, 0, 0, 0, 0, 0
   \              000000000000
   \              00000000    
   \   0000008E   000000000000       DC8 0, 0, 0, 0, 0, 0, 0, 0, 0, 0, 0, 0, 0, 0, 0, 0
   \              000000000000
   \              00000000    
   \   0000009E   000000000000       DC8 0, 0, 0, 0, 0, 0, 0, 0, 0, 0, 0, 0, 0, 0, 0, 0
   \              000000000000
   \              00000000    
   \   000000AE   000000000000       DC8 0, 0, 0, 0, 0, 0, 0, 0, 0, 0, 0, 0, 0, 0, 0, 0
   \              000000000000
   \              00000000    
   \   000000BE   000000000000       DC8 0, 0, 0, 0, 0, 0, 0, 0, 0, 0, 0, 0, 0, 0, 0, 0
   \              000000000000
   \              00000000    
   \   000000CE   000000000000       DC8 0, 0, 0, 0, 0, 0, 0, 0, 0, 0, 0, 0, 0, 0, 0, 0
   \              000000000000
   \              00000000    
   \   000000DE   000000000000       DC8 0, 0, 0, 0, 0, 0, 0, 0, 0, 0, 0, 0, 0, 0, 0, 0
   \              000000000000
   \              00000000    
   \   000000EE   000000000000       DC8 0, 0, 0, 0, 0, 0, 0, 0, 0, 0, 0, 0, 0, 0, 0, 0, 0, 0
   \              000000000000
   \              000000000000
     11          

   \                                 In segment CONFIG_C, align 4, align-sorted, root
   \   00000000   12000000           DC32 18
   \   00000004   494433763200       DC8 "ID3v2"
   \   0000000A   000000000000       DC8 0, 0, 0, 0, 0, 0, 0, 0, 0, 0, 0, 0, 0, 0, 0, 0
   \              000000000000
   \              00000000    
   \   0000001A   000000000000       DC8 0, 0, 0, 0, 0, 0, 0, 0, 0, 0
   \              00000000    
   \   00000024   000000007F00       DC32 0, 127
   \              0000        
     12          __root const CFG_HDR cfghdr2={CFG_UTF16_STRING,"ID3v2",0,127};

   \                                 In segment CONFIG_C, align 4, align-sorted, root
     13            __root const wchar_t  Iconw[128]=L"MESSAGING_MENU_NEW_MESSAGE_ICN";
   \                     Iconw:
   \   00000000   4D0045005300       DC8 4DH, 0, 45H, 0, 53H, 0, 53H, 0
   \              5300        
   \   00000008   410047004900       DC8 41H, 0, 47H, 0, 49H, 0, 4EH, 0
   \              4E00        
   \   00000010   47005F004D00       DC8 47H, 0, 5FH, 0, 4DH, 0, 45H, 0
   \              4500        
   \   00000018   4E0055005F00       DC8 4EH, 0, 55H, 0, 5FH, 0, 4EH, 0
   \              4E00        
   \   00000020   450057005F00       DC8 45H, 0, 57H, 0, 5FH, 0, 4DH, 0
   \              4D00        
   \   00000028   450053005300       DC8 45H, 0, 53H, 0, 53H, 0, 41H, 0
   \              4100        
   \   00000030   470045005F00       DC8 47H, 0, 45H, 0, 5FH, 0, 49H, 0
   \              4900        
   \   00000038   43004E000000       DC8 43H, 0, 4EH, 0, 0, 0
   \   0000003E   000000000000       DC8 0, 0, 0, 0, 0, 0, 0, 0, 0, 0, 0, 0, 0, 0, 0, 0
   \              000000000000
   \              00000000    
   \   0000004E   000000000000       DC8 0, 0, 0, 0, 0, 0, 0, 0, 0, 0, 0, 0, 0, 0, 0, 0
   \              000000000000
   \              00000000    
   \   0000005E   000000000000       DC8 0, 0, 0, 0, 0, 0, 0, 0, 0, 0, 0, 0, 0, 0, 0, 0
   \              000000000000
   \              00000000    
   \   0000006E   000000000000       DC8 0, 0, 0, 0, 0, 0, 0, 0, 0, 0, 0, 0, 0, 0, 0, 0
   \              000000000000
   \              00000000    
   \   0000007E   000000000000       DC8 0, 0, 0, 0, 0, 0, 0, 0, 0, 0, 0, 0, 0, 0, 0, 0
   \              000000000000
   \              00000000    
   \   0000008E   000000000000       DC8 0, 0, 0, 0, 0, 0, 0, 0, 0, 0, 0, 0, 0, 0, 0, 0
   \              000000000000
   \              00000000    
   \   0000009E   000000000000       DC8 0, 0, 0, 0, 0, 0, 0, 0, 0, 0, 0, 0, 0, 0, 0, 0
   \              000000000000
   \              00000000    
   \   000000AE   000000000000       DC8 0, 0, 0, 0, 0, 0, 0, 0, 0, 0, 0, 0, 0, 0, 0, 0
   \              000000000000
   \              00000000    
   \   000000BE   000000000000       DC8 0, 0, 0, 0, 0, 0, 0, 0, 0, 0, 0, 0, 0, 0, 0, 0
   \              000000000000
   \              00000000    
   \   000000CE   000000000000       DC8 0, 0, 0, 0, 0, 0, 0, 0, 0, 0, 0, 0, 0, 0, 0, 0
   \              000000000000
   \              00000000    
   \   000000DE   000000000000       DC8 0, 0, 0, 0, 0, 0, 0, 0, 0, 0, 0, 0, 0, 0, 0, 0
   \              000000000000
   \              00000000    
   \   000000EE   000000000000       DC8 0, 0, 0, 0, 0, 0, 0, 0, 0, 0, 0, 0, 0, 0, 0, 0, 0, 0
   \              000000000000
   \              000000000000
     14          

   \                                 In segment CONFIG_C, align 4, align-sorted, root
   \   00000000   12000000           DC32 18
   \   00000004   C8EDF4EE00         DC8 "\310\355\364\356"
   \   00000009   000000000000       DC8 0, 0, 0, 0, 0, 0, 0, 0, 0, 0, 0, 0, 0, 0, 0, 0
   \              000000000000
   \              00000000    
   \   00000019   000000000000       DC8 0, 0, 0, 0, 0, 0, 0, 0, 0, 0, 0
   \              0000000000  
   \   00000024   000000007F00       DC32 0, 127
   \              0000        
     15          __root const CFG_HDR cfghdr3={CFG_UTF16_STRING,"Инфо",0,127};

   \                                 In segment CONFIG_C, align 4, align-sorted, root
     16            __root const wchar_t  Icone[128]=L"MENU_IMODE_IMENU_ICN";
   \                     Icone:
   \   00000000   4D0045004E00       DC8 4DH, 0, 45H, 0, 4EH, 0, 55H, 0
   \              5500        
   \   00000008   5F0049004D00       DC8 5FH, 0, 49H, 0, 4DH, 0, 4FH, 0
   \              4F00        
   \   00000010   440045005F00       DC8 44H, 0, 45H, 0, 5FH, 0, 49H, 0
   \              4900        
   \   00000018   4D0045004E00       DC8 4DH, 0, 45H, 0, 4EH, 0, 55H, 0
   \              5500        
   \   00000020   5F0049004300       DC8 5FH, 0, 49H, 0, 43H, 0, 4EH, 0
   \              4E00        
   \   00000028   0000               DC8 0, 0
   \   0000002A   000000000000       DC8 0, 0, 0, 0, 0, 0, 0, 0, 0, 0, 0, 0, 0, 0, 0, 0
   \              000000000000
   \              00000000    
   \   0000003A   000000000000       DC8 0, 0, 0, 0, 0, 0, 0, 0, 0, 0, 0, 0, 0, 0, 0, 0
   \              000000000000
   \              00000000    
   \   0000004A   000000000000       DC8 0, 0, 0, 0, 0, 0, 0, 0, 0, 0, 0, 0, 0, 0, 0, 0
   \              000000000000
   \              00000000    
   \   0000005A   000000000000       DC8 0, 0, 0, 0, 0, 0, 0, 0, 0, 0, 0, 0, 0, 0, 0, 0
   \              000000000000
   \              00000000    
   \   0000006A   000000000000       DC8 0, 0, 0, 0, 0, 0, 0, 0, 0, 0, 0, 0, 0, 0, 0, 0
   \              000000000000
   \              00000000    
   \   0000007A   000000000000       DC8 0, 0, 0, 0, 0, 0, 0, 0, 0, 0, 0, 0, 0, 0, 0, 0
   \              000000000000
   \              00000000    
   \   0000008A   000000000000       DC8 0, 0, 0, 0, 0, 0, 0, 0, 0, 0, 0, 0, 0, 0, 0, 0
   \              000000000000
   \              00000000    
   \   0000009A   000000000000       DC8 0, 0, 0, 0, 0, 0, 0, 0, 0, 0, 0, 0, 0, 0, 0, 0
   \              000000000000
   \              00000000    
   \   000000AA   000000000000       DC8 0, 0, 0, 0, 0, 0, 0, 0, 0, 0, 0, 0, 0, 0, 0, 0
   \              000000000000
   \              00000000    
   \   000000BA   000000000000       DC8 0, 0, 0, 0, 0, 0, 0, 0, 0, 0, 0, 0, 0, 0, 0, 0
   \              000000000000
   \              00000000    
   \   000000CA   000000000000       DC8 0, 0, 0, 0, 0, 0, 0, 0, 0, 0, 0, 0, 0, 0, 0, 0
   \              000000000000
   \              00000000    
   \   000000DA   000000000000       DC8 0, 0, 0, 0, 0, 0, 0, 0, 0, 0, 0, 0, 0, 0, 0, 0
   \              000000000000
   \              00000000    
   \   000000EA   000000000000       DC8 0, 0, 0, 0, 0, 0, 0, 0, 0, 0, 0, 0, 0, 0, 0, 0, 0, 0, 0, 0, 0, 0
   \              000000000000
   \              000000000000
   \              00000000    
     17          

   \                                 In segment CONFIG_C, align 4, align-sorted, root
   \   00000000   12000000           DC32 18
   \   00000004   CDE0E7E2E0ED       DC8 "\315\340\347\342\340\355\350\345"
   \              E8E500      
   \   0000000D   000000000000       DC8 0, 0, 0, 0, 0, 0, 0, 0, 0, 0, 0, 0, 0, 0, 0, 0, 0, 0, 0, 0, 0, 0, 0
   \              000000000000
   \              000000000000
   \              0000000000  
   \   00000024   000000007F00       DC32 0, 127
   \              0000        
     18          __root const CFG_HDR cfghdr4={CFG_UTF16_STRING,"Название",0,127};

   \                                 In segment CONFIG_C, align 4, align-sorted, root
     19            __root const wchar_t  Iconr[128]=L"MP_BR_TITLETRACK_ICN";
   \                     Iconr:
   \   00000000   4D0050005F00       DC8 4DH, 0, 50H, 0, 5FH, 0, 42H, 0
   \              4200        
   \   00000008   52005F005400       DC8 52H, 0, 5FH, 0, 54H, 0, 49H, 0
   \              4900        
   \   00000010   54004C004500       DC8 54H, 0, 4CH, 0, 45H, 0, 54H, 0
   \              5400        
   \   00000018   520041004300       DC8 52H, 0, 41H, 0, 43H, 0, 4BH, 0
   \              4B00        
   \   00000020   5F0049004300       DC8 5FH, 0, 49H, 0, 43H, 0, 4EH, 0
   \              4E00        
   \   00000028   0000               DC8 0, 0
   \   0000002A   000000000000       DC8 0, 0, 0, 0, 0, 0, 0, 0, 0, 0, 0, 0, 0, 0, 0, 0
   \              000000000000
   \              00000000    
   \   0000003A   000000000000       DC8 0, 0, 0, 0, 0, 0, 0, 0, 0, 0, 0, 0, 0, 0, 0, 0
   \              000000000000
   \              00000000    
   \   0000004A   000000000000       DC8 0, 0, 0, 0, 0, 0, 0, 0, 0, 0, 0, 0, 0, 0, 0, 0
   \              000000000000
   \              00000000    
   \   0000005A   000000000000       DC8 0, 0, 0, 0, 0, 0, 0, 0, 0, 0, 0, 0, 0, 0, 0, 0
   \              000000000000
   \              00000000    
   \   0000006A   000000000000       DC8 0, 0, 0, 0, 0, 0, 0, 0, 0, 0, 0, 0, 0, 0, 0, 0
   \              000000000000
   \              00000000    
   \   0000007A   000000000000       DC8 0, 0, 0, 0, 0, 0, 0, 0, 0, 0, 0, 0, 0, 0, 0, 0
   \              000000000000
   \              00000000    
   \   0000008A   000000000000       DC8 0, 0, 0, 0, 0, 0, 0, 0, 0, 0, 0, 0, 0, 0, 0, 0
   \              000000000000
   \              00000000    
   \   0000009A   000000000000       DC8 0, 0, 0, 0, 0, 0, 0, 0, 0, 0, 0, 0, 0, 0, 0, 0
   \              000000000000
   \              00000000    
   \   000000AA   000000000000       DC8 0, 0, 0, 0, 0, 0, 0, 0, 0, 0, 0, 0, 0, 0, 0, 0
   \              000000000000
   \              00000000    
   \   000000BA   000000000000       DC8 0, 0, 0, 0, 0, 0, 0, 0, 0, 0, 0, 0, 0, 0, 0, 0
   \              000000000000
   \              00000000    
   \   000000CA   000000000000       DC8 0, 0, 0, 0, 0, 0, 0, 0, 0, 0, 0, 0, 0, 0, 0, 0
   \              000000000000
   \              00000000    
   \   000000DA   000000000000       DC8 0, 0, 0, 0, 0, 0, 0, 0, 0, 0, 0, 0, 0, 0, 0, 0
   \              000000000000
   \              00000000    
   \   000000EA   000000000000       DC8 0, 0, 0, 0, 0, 0, 0, 0, 0, 0, 0, 0, 0, 0, 0, 0, 0, 0, 0, 0, 0, 0
   \              000000000000
   \              000000000000
   \              00000000    
     20          

   \                                 In segment CONFIG_C, align 4, align-sorted, root
   \   00000000   12000000           DC32 18
   \   00000004   C8F1EFEEEBED       DC8 "\310\361\357\356\353\355\350\362\345\353\374"
   \              E8F2E5EBFC00
   \   00000010   000000000000       DC8 0, 0, 0, 0, 0, 0, 0, 0, 0, 0, 0, 0, 0, 0, 0, 0, 0, 0, 0, 0
   \              000000000000
   \              000000000000
   \              0000        
   \   00000024   000000007F00       DC32 0, 127
   \              0000        
     21          __root const CFG_HDR cfghdr5={CFG_UTF16_STRING,"Исполнитель",0,127};

   \                                 In segment CONFIG_C, align 4, align-sorted, root
     22            __root const wchar_t  Icont[128]=L"MP_BR_TITLEARTIST_ICN";
   \                     Icont:
   \   00000000   4D0050005F00       DC8 4DH, 0, 50H, 0, 5FH, 0, 42H, 0
   \              4200        
   \   00000008   52005F005400       DC8 52H, 0, 5FH, 0, 54H, 0, 49H, 0
   \              4900        
   \   00000010   54004C004500       DC8 54H, 0, 4CH, 0, 45H, 0, 41H, 0
   \              4100        
   \   00000018   520054004900       DC8 52H, 0, 54H, 0, 49H, 0, 53H, 0
   \              5300        
   \   00000020   54005F004900       DC8 54H, 0, 5FH, 0, 49H, 0, 43H, 0
   \              4300        
   \   00000028   4E000000           DC8 4EH, 0, 0, 0
   \   0000002C   000000000000       DC8 0, 0, 0, 0, 0, 0, 0, 0, 0, 0, 0, 0, 0, 0, 0, 0
   \              000000000000
   \              00000000    
   \   0000003C   000000000000       DC8 0, 0, 0, 0, 0, 0, 0, 0, 0, 0, 0, 0, 0, 0, 0, 0
   \              000000000000
   \              00000000    
   \   0000004C   000000000000       DC8 0, 0, 0, 0, 0, 0, 0, 0, 0, 0, 0, 0, 0, 0, 0, 0
   \              000000000000
   \              00000000    
   \   0000005C   000000000000       DC8 0, 0, 0, 0, 0, 0, 0, 0, 0, 0, 0, 0, 0, 0, 0, 0
   \              000000000000
   \              00000000    
   \   0000006C   000000000000       DC8 0, 0, 0, 0, 0, 0, 0, 0, 0, 0, 0, 0, 0, 0, 0, 0
   \              000000000000
   \              00000000    
   \   0000007C   000000000000       DC8 0, 0, 0, 0, 0, 0, 0, 0, 0, 0, 0, 0, 0, 0, 0, 0
   \              000000000000
   \              00000000    
   \   0000008C   000000000000       DC8 0, 0, 0, 0, 0, 0, 0, 0, 0, 0, 0, 0, 0, 0, 0, 0
   \              000000000000
   \              00000000    
   \   0000009C   000000000000       DC8 0, 0, 0, 0, 0, 0, 0, 0, 0, 0, 0, 0, 0, 0, 0, 0
   \              000000000000
   \              00000000    
   \   000000AC   000000000000       DC8 0, 0, 0, 0, 0, 0, 0, 0, 0, 0, 0, 0, 0, 0, 0, 0
   \              000000000000
   \              00000000    
   \   000000BC   000000000000       DC8 0, 0, 0, 0, 0, 0, 0, 0, 0, 0, 0, 0, 0, 0, 0, 0
   \              000000000000
   \              00000000    
   \   000000CC   000000000000       DC8 0, 0, 0, 0, 0, 0, 0, 0, 0, 0, 0, 0, 0, 0, 0, 0
   \              000000000000
   \              00000000    
   \   000000DC   000000000000       DC8 0, 0, 0, 0, 0, 0, 0, 0, 0, 0, 0, 0, 0, 0, 0, 0
   \              000000000000
   \              00000000    
   \   000000EC   000000000000       DC8 0, 0, 0, 0, 0, 0, 0, 0, 0, 0, 0, 0, 0, 0, 0, 0, 0, 0, 0, 0
   \              000000000000
   \              000000000000
   \              0000        
     23          

   \                                 In segment CONFIG_C, align 4, align-sorted, root
   \   00000000   12000000           DC32 18
   \   00000004   C0EBFCE1EEEC       DC8 "\300\353\374\341\356\354"
   \              00          
   \   0000000B   000000000000       DC8 0, 0, 0, 0, 0, 0, 0, 0, 0, 0, 0, 0, 0, 0, 0, 0
   \              000000000000
   \              00000000    
   \   0000001B   000000000000       DC8 0, 0, 0, 0, 0, 0, 0, 0, 0
   \              000000      
   \   00000024   000000007F00       DC32 0, 127
   \              0000        
     24          __root const CFG_HDR cfghdr6={CFG_UTF16_STRING,"Альбом",0,127};

   \                                 In segment CONFIG_C, align 4, align-sorted, root
     25            __root const wchar_t  Icony[128]=L"MP_BR_TITLEALBUM_ICN";
   \                     Icony:
   \   00000000   4D0050005F00       DC8 4DH, 0, 50H, 0, 5FH, 0, 42H, 0
   \              4200        
   \   00000008   52005F005400       DC8 52H, 0, 5FH, 0, 54H, 0, 49H, 0
   \              4900        
   \   00000010   54004C004500       DC8 54H, 0, 4CH, 0, 45H, 0, 41H, 0
   \              4100        
   \   00000018   4C0042005500       DC8 4CH, 0, 42H, 0, 55H, 0, 4DH, 0
   \              4D00        
   \   00000020   5F0049004300       DC8 5FH, 0, 49H, 0, 43H, 0, 4EH, 0
   \              4E00        
   \   00000028   0000               DC8 0, 0
   \   0000002A   000000000000       DC8 0, 0, 0, 0, 0, 0, 0, 0, 0, 0, 0, 0, 0, 0, 0, 0
   \              000000000000
   \              00000000    
   \   0000003A   000000000000       DC8 0, 0, 0, 0, 0, 0, 0, 0, 0, 0, 0, 0, 0, 0, 0, 0
   \              000000000000
   \              00000000    
   \   0000004A   000000000000       DC8 0, 0, 0, 0, 0, 0, 0, 0, 0, 0, 0, 0, 0, 0, 0, 0
   \              000000000000
   \              00000000    
   \   0000005A   000000000000       DC8 0, 0, 0, 0, 0, 0, 0, 0, 0, 0, 0, 0, 0, 0, 0, 0
   \              000000000000
   \              00000000    
   \   0000006A   000000000000       DC8 0, 0, 0, 0, 0, 0, 0, 0, 0, 0, 0, 0, 0, 0, 0, 0
   \              000000000000
   \              00000000    
   \   0000007A   000000000000       DC8 0, 0, 0, 0, 0, 0, 0, 0, 0, 0, 0, 0, 0, 0, 0, 0
   \              000000000000
   \              00000000    
   \   0000008A   000000000000       DC8 0, 0, 0, 0, 0, 0, 0, 0, 0, 0, 0, 0, 0, 0, 0, 0
   \              000000000000
   \              00000000    
   \   0000009A   000000000000       DC8 0, 0, 0, 0, 0, 0, 0, 0, 0, 0, 0, 0, 0, 0, 0, 0
   \              000000000000
   \              00000000    
   \   000000AA   000000000000       DC8 0, 0, 0, 0, 0, 0, 0, 0, 0, 0, 0, 0, 0, 0, 0, 0
   \              000000000000
   \              00000000    
   \   000000BA   000000000000       DC8 0, 0, 0, 0, 0, 0, 0, 0, 0, 0, 0, 0, 0, 0, 0, 0
   \              000000000000
   \              00000000    
   \   000000CA   000000000000       DC8 0, 0, 0, 0, 0, 0, 0, 0, 0, 0, 0, 0, 0, 0, 0, 0
   \              000000000000
   \              00000000    
   \   000000DA   000000000000       DC8 0, 0, 0, 0, 0, 0, 0, 0, 0, 0, 0, 0, 0, 0, 0, 0
   \              000000000000
   \              00000000    
   \   000000EA   000000000000       DC8 0, 0, 0, 0, 0, 0, 0, 0, 0, 0, 0, 0, 0, 0, 0, 0, 0, 0, 0, 0, 0, 0
   \              000000000000
   \              000000000000
   \              00000000    
     26          

   \                                 In segment CONFIG_C, align 4, align-sorted, root
   \   00000000   12000000           DC32 18
   \   00000004   C3EEE400           DC8 "\303\356\344"
   \   00000008   000000000000       DC8 0, 0, 0, 0, 0, 0, 0, 0, 0, 0, 0, 0, 0, 0, 0, 0
   \              000000000000
   \              00000000    
   \   00000018   000000000000       DC8 0, 0, 0, 0, 0, 0, 0, 0, 0, 0, 0, 0
   \              000000000000
   \   00000024   000000007F00       DC32 0, 127
   \              0000        
     27          __root const CFG_HDR cfghdr7={CFG_UTF16_STRING,"Год",0,127};

   \                                 In segment CONFIG_C, align 4, align-sorted, root
     28            __root const wchar_t  Iconu[128]=L"WV_YAHOO_BUDDYLIST_CONTACT_IDLE_ICN";
   \                     Iconu:
   \   00000000   570056005F00       DC8 57H, 0, 56H, 0, 5FH, 0, 59H, 0
   \              5900        
   \   00000008   410048004F00       DC8 41H, 0, 48H, 0, 4FH, 0, 4FH, 0
   \              4F00        
   \   00000010   5F0042005500       DC8 5FH, 0, 42H, 0, 55H, 0, 44H, 0
   \              4400        
   \   00000018   440059004C00       DC8 44H, 0, 59H, 0, 4CH, 0, 49H, 0
   \              4900        
   \   00000020   530054005F00       DC8 53H, 0, 54H, 0, 5FH, 0, 43H, 0
   \              4300        
   \   00000028   4F004E005400       DC8 4FH, 0, 4EH, 0, 54H, 0, 41H, 0
   \              4100        
   \   00000030   430054005F00       DC8 43H, 0, 54H, 0, 5FH, 0, 49H, 0
   \              4900        
   \   00000038   44004C004500       DC8 44H, 0, 4CH, 0, 45H, 0, 5FH, 0
   \              5F00        
   \   00000040   490043004E00       DC8 49H, 0, 43H, 0, 4EH, 0, 0, 0
   \              0000        
   \   00000048   000000000000       DC8 0, 0, 0, 0, 0, 0, 0, 0, 0, 0, 0, 0, 0, 0, 0, 0
   \              000000000000
   \              00000000    
   \   00000058   000000000000       DC8 0, 0, 0, 0, 0, 0, 0, 0, 0, 0, 0, 0, 0, 0, 0, 0
   \              000000000000
   \              00000000    
   \   00000068   000000000000       DC8 0, 0, 0, 0, 0, 0, 0, 0, 0, 0, 0, 0, 0, 0, 0, 0
   \              000000000000
   \              00000000    
   \   00000078   000000000000       DC8 0, 0, 0, 0, 0, 0, 0, 0, 0, 0, 0, 0, 0, 0, 0, 0
   \              000000000000
   \              00000000    
   \   00000088   000000000000       DC8 0, 0, 0, 0, 0, 0, 0, 0, 0, 0, 0, 0, 0, 0, 0, 0
   \              000000000000
   \              00000000    
   \   00000098   000000000000       DC8 0, 0, 0, 0, 0, 0, 0, 0, 0, 0, 0, 0, 0, 0, 0, 0
   \              000000000000
   \              00000000    
   \   000000A8   000000000000       DC8 0, 0, 0, 0, 0, 0, 0, 0, 0, 0, 0, 0, 0, 0, 0, 0
   \              000000000000
   \              00000000    
   \   000000B8   000000000000       DC8 0, 0, 0, 0, 0, 0, 0, 0, 0, 0, 0, 0, 0, 0, 0, 0
   \              000000000000
   \              00000000    
   \   000000C8   000000000000       DC8 0, 0, 0, 0, 0, 0, 0, 0, 0, 0, 0, 0, 0, 0, 0, 0
   \              000000000000
   \              00000000    
   \   000000D8   000000000000       DC8 0, 0, 0, 0, 0, 0, 0, 0, 0, 0, 0, 0, 0, 0, 0, 0
   \              000000000000
   \              00000000    
   \   000000E8   000000000000       DC8 0, 0, 0, 0, 0, 0, 0, 0, 0, 0, 0, 0, 0, 0, 0, 0
   \              000000000000
   \              00000000    
   \   000000F8   000000000000       DC8 0, 0, 0, 0, 0, 0, 0, 0
   \              0000        
     29          

   \                                 In segment CONFIG_C, align 4, align-sorted, root
   \   00000000   12000000           DC32 18
   \   00000004   CAEEECECE5ED       DC8 "\312\356\354\354\345\355\362\340\360\350\351"
   \              F2E0F0E8E900
   \   00000010   000000000000       DC8 0, 0, 0, 0, 0, 0, 0, 0, 0, 0, 0, 0, 0, 0, 0, 0, 0, 0, 0, 0
   \              000000000000
   \              000000000000
   \              0000        
   \   00000024   000000007F00       DC32 0, 127
   \              0000        
     30          __root const CFG_HDR cfghdr8={CFG_UTF16_STRING,"Комментарий",0,127};

   \                                 In segment CONFIG_C, align 4, align-sorted, root
     31            __root const wchar_t  Iconi[128]=L"WV_MSN_BUDDYLIST_CONTACT_NEW_MESSAGE_ICN";
   \                     Iconi:
   \   00000000   570056005F00       DC8 57H, 0, 56H, 0, 5FH, 0, 4DH, 0
   \              4D00        
   \   00000008   53004E005F00       DC8 53H, 0, 4EH, 0, 5FH, 0, 42H, 0
   \              4200        
   \   00000010   550044004400       DC8 55H, 0, 44H, 0, 44H, 0, 59H, 0
   \              5900        
   \   00000018   4C0049005300       DC8 4CH, 0, 49H, 0, 53H, 0, 54H, 0
   \              5400        
   \   00000020   5F0043004F00       DC8 5FH, 0, 43H, 0, 4FH, 0, 4EH, 0
   \              4E00        
   \   00000028   540041004300       DC8 54H, 0, 41H, 0, 43H, 0, 54H, 0
   \              5400        
   \   00000030   5F004E004500       DC8 5FH, 0, 4EH, 0, 45H, 0, 57H, 0
   \              5700        
   \   00000038   5F004D004500       DC8 5FH, 0, 4DH, 0, 45H, 0, 53H, 0
   \              5300        
   \   00000040   530041004700       DC8 53H, 0, 41H, 0, 47H, 0, 45H, 0
   \              4500        
   \   00000048   5F0049004300       DC8 5FH, 0, 49H, 0, 43H, 0, 4EH, 0
   \              4E00        
   \   00000050   0000               DC8 0, 0
   \   00000052   000000000000       DC8 0, 0, 0, 0, 0, 0, 0, 0, 0, 0, 0, 0, 0, 0, 0, 0
   \              000000000000
   \              00000000    
   \   00000062   000000000000       DC8 0, 0, 0, 0, 0, 0, 0, 0, 0, 0, 0, 0, 0, 0, 0, 0
   \              000000000000
   \              00000000    
   \   00000072   000000000000       DC8 0, 0, 0, 0, 0, 0, 0, 0, 0, 0, 0, 0, 0, 0, 0, 0
   \              000000000000
   \              00000000    
   \   00000082   000000000000       DC8 0, 0, 0, 0, 0, 0, 0, 0, 0, 0, 0, 0, 0, 0, 0, 0
   \              000000000000
   \              00000000    
   \   00000092   000000000000       DC8 0, 0, 0, 0, 0, 0, 0, 0, 0, 0, 0, 0, 0, 0, 0, 0
   \              000000000000
   \              00000000    
   \   000000A2   000000000000       DC8 0, 0, 0, 0, 0, 0, 0, 0, 0, 0, 0, 0, 0, 0, 0, 0
   \              000000000000
   \              00000000    
   \   000000B2   000000000000       DC8 0, 0, 0, 0, 0, 0, 0, 0, 0, 0, 0, 0, 0, 0, 0, 0
   \              000000000000
   \              00000000    
   \   000000C2   000000000000       DC8 0, 0, 0, 0, 0, 0, 0, 0, 0, 0, 0, 0, 0, 0, 0, 0
   \              000000000000
   \              00000000    
   \   000000D2   000000000000       DC8 0, 0, 0, 0, 0, 0, 0, 0, 0, 0, 0, 0, 0, 0, 0, 0
   \              000000000000
   \              00000000    
   \   000000E2   000000000000       DC8 0, 0, 0, 0, 0, 0, 0, 0, 0, 0, 0, 0, 0, 0, 0, 0
   \              000000000000
   \              00000000    
   \   000000F2   000000000000       DC8 0, 0, 0, 0, 0, 0, 0, 0, 0, 0, 0, 0, 0, 0
   \              000000000000
   \              0000        
     32          

   \                                 In segment CONFIG_C, align 4, align-sorted, root
   \   00000000   12000000           DC32 18
   \   00000004   C6E0EDF000         DC8 "\306\340\355\360"
   \   00000009   000000000000       DC8 0, 0, 0, 0, 0, 0, 0, 0, 0, 0, 0, 0, 0, 0, 0, 0
   \              000000000000
   \              00000000    
   \   00000019   000000000000       DC8 0, 0, 0, 0, 0, 0, 0, 0, 0, 0, 0
   \              0000000000  
   \   00000024   000000007F00       DC32 0, 127
   \              0000        
     33          __root const CFG_HDR cfghdr9={CFG_UTF16_STRING,"Жанр",0,127};

   \                                 In segment CONFIG_C, align 4, align-sorted, root
     34            __root const wchar_t  Icono[128]=L"WV_MSN_BUDDYLIST_CONTACT_AVAILABLE_ICN";
   \                     Icono:
   \   00000000   570056005F00       DC8 57H, 0, 56H, 0, 5FH, 0, 4DH, 0
   \              4D00        
   \   00000008   53004E005F00       DC8 53H, 0, 4EH, 0, 5FH, 0, 42H, 0
   \              4200        
   \   00000010   550044004400       DC8 55H, 0, 44H, 0, 44H, 0, 59H, 0
   \              5900        
   \   00000018   4C0049005300       DC8 4CH, 0, 49H, 0, 53H, 0, 54H, 0
   \              5400        
   \   00000020   5F0043004F00       DC8 5FH, 0, 43H, 0, 4FH, 0, 4EH, 0
   \              4E00        
   \   00000028   540041004300       DC8 54H, 0, 41H, 0, 43H, 0, 54H, 0
   \              5400        
   \   00000030   5F0041005600       DC8 5FH, 0, 41H, 0, 56H, 0, 41H, 0
   \              4100        
   \   00000038   49004C004100       DC8 49H, 0, 4CH, 0, 41H, 0, 42H, 0
   \              4200        
   \   00000040   4C0045005F00       DC8 4CH, 0, 45H, 0, 5FH, 0, 49H, 0
   \              4900        
   \   00000048   43004E000000       DC8 43H, 0, 4EH, 0, 0, 0
   \   0000004E   000000000000       DC8 0, 0, 0, 0, 0, 0, 0, 0, 0, 0, 0, 0, 0, 0, 0, 0
   \              000000000000
   \              00000000    
   \   0000005E   000000000000       DC8 0, 0, 0, 0, 0, 0, 0, 0, 0, 0, 0, 0, 0, 0, 0, 0
   \              000000000000
   \              00000000    
   \   0000006E   000000000000       DC8 0, 0, 0, 0, 0, 0, 0, 0, 0, 0, 0, 0, 0, 0, 0, 0
   \              000000000000
   \              00000000    
   \   0000007E   000000000000       DC8 0, 0, 0, 0, 0, 0, 0, 0, 0, 0, 0, 0, 0, 0, 0, 0
   \              000000000000
   \              00000000    
   \   0000008E   000000000000       DC8 0, 0, 0, 0, 0, 0, 0, 0, 0, 0, 0, 0, 0, 0, 0, 0
   \              000000000000
   \              00000000    
   \   0000009E   000000000000       DC8 0, 0, 0, 0, 0, 0, 0, 0, 0, 0, 0, 0, 0, 0, 0, 0
   \              000000000000
   \              00000000    
   \   000000AE   000000000000       DC8 0, 0, 0, 0, 0, 0, 0, 0, 0, 0, 0, 0, 0, 0, 0, 0
   \              000000000000
   \              00000000    
   \   000000BE   000000000000       DC8 0, 0, 0, 0, 0, 0, 0, 0, 0, 0, 0, 0, 0, 0, 0, 0
   \              000000000000
   \              00000000    
   \   000000CE   000000000000       DC8 0, 0, 0, 0, 0, 0, 0, 0, 0, 0, 0, 0, 0, 0, 0, 0
   \              000000000000
   \              00000000    
   \   000000DE   000000000000       DC8 0, 0, 0, 0, 0, 0, 0, 0, 0, 0, 0, 0, 0, 0, 0, 0
   \              000000000000
   \              00000000    
   \   000000EE   000000000000       DC8 0, 0, 0, 0, 0, 0, 0, 0, 0, 0, 0, 0, 0, 0, 0, 0, 0, 0
   \              000000000000
   \              000000000000
     35          

   \                                 In segment CONFIG_C, align 4, align-sorted, root
   \   00000000   09000000           DC32 9
   \   00000004   00                 DC8 ""
   \   00000005   000000000000       DC8 0, 0, 0, 0, 0, 0, 0, 0, 0, 0, 0, 0, 0, 0, 0, 0
   \              000000000000
   \              00000000    
   \   00000015   000000000000       DC8 0, 0, 0, 0, 0, 0, 0, 0, 0, 0, 0, 0, 0, 0, 0
   \              000000000000
   \              000000      
   \   00000024   000000000000       DC32 0, 0
   \              0000        
     36          __root const CFG_HDR cfghdr_icons_x={CFG_LEVEL,"",0,0};
     37          

   \                                 In segment CONFIG_C, align 4, align-sorted, root
   \   00000000   09000000           DC32 9
   \   00000004   CFE5F0E5E8EC       DC8 "\317\345\360\345\350\354\345\355\356\342\373\342\340\355\350\345"
   \              E5EDEEE2FBE2
   \              E0EDE8E500  
   \   00000015   000000000000       DC8 0, 0, 0, 0, 0, 0, 0, 0, 0, 0, 0, 0, 0, 0, 0
   \              000000000000
   \              000000      
   \   00000024   010000000000       DC32 1, 0
   \              0000        
     38          __root const CFG_HDR cfghdr_rename_0={CFG_LEVEL,"Переименовывание",1,0};
     39          

   \                                 In segment CONFIG_C, align 4, align-sorted, root
   \   00000000   0B000000           DC32 11
   \   00000004   2A2E6D707420       DC8 "*.mpt \342 *.mp3"
   \              E2202A2E6D70
   \              3300        
   \   00000012   000000000000       DC8 0, 0, 0, 0, 0, 0, 0, 0, 0, 0, 0, 0, 0, 0, 0, 0, 0, 0
   \              000000000000
   \              000000000000
   \   00000024   000000000000       DC32 0, 0
   \              0000        
     40            __root const CFG_HDR cfghdr_rename_1={CFG_CHECKBOX,"*.mpt в *.mp3",0,0};

   \                                 In segment CONFIG_C, align 4, align-sorted, root
     41            __root const int MptToMp3=1;
   \                     MptToMp3:
   \   00000000   01000000           DC32 1
     42            

   \                                 In segment CONFIG_C, align 4, align-sorted, root
   \   00000000   09000000           DC32 9
   \   00000004   C8ECFF204D70       DC8 "\310\354\377 Mp3"
   \              3300        
   \   0000000C   000000000000       DC8 0, 0, 0, 0, 0, 0, 0, 0, 0, 0, 0, 0, 0, 0, 0, 0
   \              000000000000
   \              00000000    
   \   0000001C   000000000000       DC8 0, 0, 0, 0, 0, 0, 0, 0
   \              0000        
   \   00000024   010000000000       DC32 1, 0
   \              0000        
     43            __root const CFG_HDR cfghdr_renameFile_0={CFG_LEVEL,"Имя Mp3",1,0};
     44            

   \                                 In segment CONFIG_C, align 4, align-sorted, root
   \   00000000   0B000000           DC32 11
   \   00000004   CFE5F0E5E8EC       DC8 "\317\345\360\345\350\354\345\355\356\342\340\362\374?"
   \              E5EDEEE2E0F2
   \              FC3F00      
   \   00000013   000000000000       DC8 0, 0, 0, 0, 0, 0, 0, 0, 0, 0, 0, 0, 0, 0, 0, 0, 0
   \              000000000000
   \              0000000000  
   \   00000024   000000000000       DC32 0, 0
   \              0000        
     45              __root const CFG_HDR cfghdr_renameF_1={CFG_CHECKBOX,"Переименовать?",0,0};

   \                                 In segment CONFIG_C, align 4, align-sorted, root
     46              __root const int RenameFile=0;
   \                     RenameFile:
   \   00000000   00000000           DC32 0
     47              

   \                                 In segment CONFIG_C, align 4, align-sorted, root
   \   00000000   05000000           DC32 5
   \   00000004   C1F0E0F2FC20       DC8 "\301\360\340\362\374 \350\347"
   \              E8E700      
   \   0000000D   000000000000       DC8 0, 0, 0, 0, 0, 0, 0, 0, 0, 0, 0, 0, 0, 0, 0, 0, 0, 0, 0, 0, 0, 0, 0
   \              000000000000
   \              000000000000
   \              0000000000  
   \   00000024   000000000200       DC32 0, 2
   \              0000        
     48              __root const CFG_HDR cfghdr_renameF_2={CFG_CBOX,"Брать из",0,2};

   \                                 In segment CONFIG_C, align 4, align-sorted, root
     49              __root const int FromRename=0;
   \                     FromRename:
   \   00000000   00000000           DC32 0

   \                                 In segment CONFIG_C, align 4, align-sorted, root
   \   00000000   494433763100       DC8 "ID3v1"
   \   00000006   000000000000       DC8 0, 0, 0, 0, 0, 0, 0, 0, 0, 0, 0, 0, 0, 0, 0, 0
   \              000000000000
   \              00000000    
   \   00000016   000000000000       DC8 0, 0, 0, 0, 0, 0, 0, 0, 0, 0
   \              00000000    
   \   00000020   494433763200       DC8 "ID3v2"
   \   00000026   000000000000       DC8 0, 0, 0, 0, 0, 0, 0, 0, 0, 0, 0, 0, 0, 0, 0, 0
   \              000000000000
   \              00000000    
   \   00000036   000000000000       DC8 0, 0, 0, 0, 0, 0, 0, 0, 0, 0
   \              00000000    
     50              __root const CFG_CBOX_ITEM cfgcbox1[2]={"ID3v1","ID3v2"};
     51              

   \                                 In segment CONFIG_C, align 4, align-sorted, root
   \   00000000   09000000           DC32 9
   \   00000004   00                 DC8 ""
   \   00000005   000000000000       DC8 0, 0, 0, 0, 0, 0, 0, 0, 0, 0, 0, 0, 0, 0, 0, 0
   \              000000000000
   \              00000000    
   \   00000015   000000000000       DC8 0, 0, 0, 0, 0, 0, 0, 0, 0, 0, 0, 0, 0, 0, 0
   \              000000000000
   \              000000      
   \   00000024   000000000000       DC32 0, 0
   \              0000        
     52            __root const CFG_HDR cfghdr_renameFile_x={CFG_LEVEL,"",0,0};
     53            

   \                                 In segment CONFIG_C, align 4, align-sorted, root
   \   00000000   09000000           DC32 9
   \   00000004   00                 DC8 ""
   \   00000005   000000000000       DC8 0, 0, 0, 0, 0, 0, 0, 0, 0, 0, 0, 0, 0, 0, 0, 0
   \              000000000000
   \              00000000    
   \   00000015   000000000000       DC8 0, 0, 0, 0, 0, 0, 0, 0, 0, 0, 0, 0, 0, 0, 0
   \              000000000000
   \              000000      
   \   00000024   000000000000       DC32 0, 0
   \              0000        
     54          __root const CFG_HDR cfghdr_rename_x={CFG_LEVEL,"",0,0};


   Segment part sizes:

     Function/Label      Bytes
     --------------      -----
     cfghdr_icons_0        44
     cfghdr1               44
     Iconq                256
     cfghdr2               44
     Iconw                256
     cfghdr3               44
     Icone                256
     cfghdr4               44
     Iconr                256
     cfghdr5               44
     Icont                256
     cfghdr6               44
     Icony                256
     cfghdr7               44
     Iconu                256
     cfghdr8               44
     Iconi                256
     cfghdr9               44
     Icono                256
     cfghdr_icons_x        44
     cfghdr_rename_0       44
     cfghdr_rename_1       44
     MptToMp3               4
     cfghdr_renameFile_0   44
     cfghdr_renameF_1      44
     RenameFile             4
     cfghdr_renameF_2      44
     FromRename             4
     cfgcbox1              64
     cfghdr_renameFile_x   44
     cfghdr_rename_x       44

 
 3 172 bytes in segment CONFIG_C
 
 3 172 bytes of CONST memory

Errors: none
Warnings: none
